TN:
SF:src/api/ProductionAPI.ts
FN:17,(anonymous_1)
FN:27,(anonymous_2)
FN:32,(anonymous_3)
FN:35,(anonymous_4)
FN:50,(anonymous_5)
FN:68,(anonymous_6)
FN:70,(anonymous_7)
FN:87,(anonymous_8)
FN:112,(anonymous_9)
FN:116,(anonymous_10)
FN:122,(anonymous_11)
FN:130,(anonymous_12)
FN:137,(anonymous_13)
FN:149,(anonymous_14)
FN:166,(anonymous_15)
FN:180,(anonymous_16)
FN:189,(anonymous_17)
FN:241,(anonymous_18)
FN:263,(anonymous_19)
FN:264,(anonymous_20)
FN:270,(anonymous_21)
FN:286,(anonymous_22)
FN:296,(anonymous_23)
FN:297,(anonymous_24)
FN:306,(anonymous_25)
FN:321,(anonymous_26)
FN:328,(anonymous_27)
FNF:27
FNH:0
FNDA:0,(anonymous_1)
FNDA:0,(anonymous_2)
FNDA:0,(anonymous_3)
FNDA:0,(anonymous_4)
FNDA:0,(anonymous_5)
FNDA:0,(anonymous_6)
FNDA:0,(anonymous_7)
FNDA:0,(anonymous_8)
FNDA:0,(anonymous_9)
FNDA:0,(anonymous_10)
FNDA:0,(anonymous_11)
FNDA:0,(anonymous_12)
FNDA:0,(anonymous_13)
FNDA:0,(anonymous_14)
FNDA:0,(anonymous_15)
FNDA:0,(anonymous_16)
FNDA:0,(anonymous_17)
FNDA:0,(anonymous_18)
FNDA:0,(anonymous_19)
FNDA:0,(anonymous_20)
FNDA:0,(anonymous_21)
FNDA:0,(anonymous_22)
FNDA:0,(anonymous_23)
FNDA:0,(anonymous_24)
FNDA:0,(anonymous_25)
FNDA:0,(anonymous_26)
FNDA:0,(anonymous_27)
DA:1,0
DA:2,0
DA:3,0
DA:4,0
DA:12,0
DA:15,0
DA:18,0
DA:19,0
DA:20,0
DA:21,0
DA:28,0
DA:29,0
DA:32,0
DA:33,0
DA:35,0
DA:36,0
DA:37,0
DA:46,0
DA:50,0
DA:51,0
DA:57,0
DA:70,0
DA:71,0
DA:72,0
DA:73,0
DA:76,0
DA:78,0
DA:87,0
DA:88,0
DA:89,0
DA:102,0
DA:104,0
DA:112,0
DA:113,0
DA:116,0
DA:117,0
DA:118,0
DA:119,0
DA:122,0
DA:123,0
DA:130,0
DA:131,0
DA:137,0
DA:138,0
DA:139,0
DA:141,0
DA:142,0
DA:144,0
DA:149,0
DA:150,0
DA:166,0
DA:167,0
DA:168,0
DA:180,0
DA:182,0
DA:189,0
DA:190,0
DA:241,0
DA:242,0
DA:264,0
DA:265,0
DA:266,0
DA:267,0
DA:270,0
DA:271,0
DA:272,0
DA:283,0
DA:286,0
DA:287,0
DA:288,0
DA:297,0
DA:298,0
DA:299,0
DA:300,0
DA:304,0
DA:305,0
DA:306,0
DA:307,0
DA:308,0
DA:309,0
DA:312,0
DA:313,0
DA:322,0
DA:329,0
DA:336,0
LF:85
LH:0
BRDA:17,0,0,0
BRDA:73,1,0,0
BRDA:73,1,1,0
BRDA:74,2,0,0
BRDA:74,2,1,0
BRDA:106,3,0,0
BRDA:106,3,1,0
BRDA:132,4,0,0
BRDA:132,4,1,0
BRDA:139,5,0,0
BRDA:139,5,1,0
BRDA:139,6,0,0
BRDA:139,6,1,0
BRDA:265,7,0,0
BRDA:298,8,0,0
BRDA:305,9,0,0
BRDA:305,9,1,0
BRF:17
BRH:0
end_of_record
TN:
SF:src/consciousness/ConsciousnessField.ts
FN:18,(anonymous_0)
FN:28,(anonymous_1)
FN:48,(anonymous_2)
FN:55,(anonymous_3)
FN:70,(anonymous_4)
FN:77,(anonymous_5)
FN:92,(anonymous_6)
FN:112,(anonymous_7)
FN:125,(anonymous_8)
FN:132,(anonymous_9)
FN:133,(anonymous_10)
FN:139,(anonymous_11)
FN:164,(anonymous_12)
FN:186,(anonymous_13)
FN:207,(anonymous_14)
FN:209,(anonymous_15)
FN:221,(anonymous_16)
FN:235,(anonymous_17)
FN:244,(anonymous_18)
FN:251,(anonymous_19)
FN:280,(anonymous_20)
FN:302,(anonymous_21)
FN:310,(anonymous_22)
FN:322,(anonymous_23)
FN:331,(anonymous_24)
FN:335,(anonymous_25)
FN:339,(anonymous_26)
FNF:27
FNH:0
FNDA:0,(anonymous_0)
FNDA:0,(anonymous_1)
FNDA:0,(anonymous_2)
FNDA:0,(anonymous_3)
FNDA:0,(anonymous_4)
FNDA:0,(anonymous_5)
FNDA:0,(anonymous_6)
FNDA:0,(anonymous_7)
FNDA:0,(anonymous_8)
FNDA:0,(anonymous_9)
FNDA:0,(anonymous_10)
FNDA:0,(anonymous_11)
FNDA:0,(anonymous_12)
FNDA:0,(anonymous_13)
FNDA:0,(anonymous_14)
FNDA:0,(anonymous_15)
FNDA:0,(anonymous_16)
FNDA:0,(anonymous_17)
FNDA:0,(anonymous_18)
FNDA:0,(anonymous_19)
FNDA:0,(anonymous_20)
FNDA:0,(anonymous_21)
FNDA:0,(anonymous_22)
FNDA:0,(anonymous_23)
FNDA:0,(anonymous_24)
FNDA:0,(anonymous_25)
FNDA:0,(anonymous_26)
DA:1,0
DA:18,0
DA:19,0
DA:20,0
DA:21,0
DA:22,0
DA:23,0
DA:29,0
DA:32,0
DA:33,0
DA:36,0
DA:38,0
DA:39,0
DA:49,0
DA:56,0
DA:57,0
DA:59,0
DA:60,0
DA:71,0
DA:78,0
DA:79,0
DA:81,0
DA:82,0
DA:93,0
DA:94,0
DA:100,0
DA:101,0
DA:104,0
DA:106,0
DA:113,0
DA:114,0
DA:115,0
DA:116,0
DA:117,0
DA:119,0
DA:126,0
DA:133,0
DA:141,0
DA:151,0
DA:152,0
DA:153,0
DA:154,0
DA:157,0
DA:165,0
DA:167,0
DA:168,0
DA:172,0
DA:175,0
DA:176,0
DA:177,0
DA:180,0
DA:188,0
DA:189,0
DA:192,0
DA:193,0
DA:194,0
DA:199,0
DA:201,0
DA:208,0
DA:209,0
DA:210,0
DA:211,0
DA:214,0
DA:221,0
DA:236,0
DA:237,0
DA:238,0
DA:245,0
DA:253,0
DA:261,0
DA:269,0
DA:281,0
DA:283,0
DA:285,0
DA:286,0
DA:288,0
DA:289,0
DA:291,0
DA:292,0
DA:294,0
DA:295,0
DA:303,0
DA:305,0
DA:306,0
DA:310,0
DA:311,0
DA:312,0
DA:313,0
DA:316,0
DA:323,0
DA:324,0
DA:325,0
DA:332,0
DA:333,0
DA:335,0
DA:336,0
DA:339,0
DA:340,0
DA:342,0
DA:343,0
LF:100
LH:0
BRDA:29,0,0,0
BRDA:59,1,0,0
BRDA:81,2,0,0
BRDA:114,3,0,0
BRDA:143,4,0,0
BRDA:143,4,1,0
BRDA:144,5,0,0
BRDA:144,5,1,0
BRDA:145,6,0,0
BRDA:145,6,1,0
BRDA:152,7,0,0
BRDA:167,8,0,0
BRDA:186,9,0,0
BRDA:192,10,0,0
BRDA:210,11,0,0
BRDA:210,11,1,0
BRDA:220,12,0,0
BRDA:220,12,1,0
BRDA:283,13,0,0
BRDA:283,13,1,0
BRDA:283,13,2,0
BRDA:283,13,3,0
BRDA:305,14,0,0
BRDA:333,15,0,0
BRF:24
BRH:0
end_of_record
TN:
SF:src/core/AbstractField.ts
FN:7,(anonymous_0)
FN:7,(anonymous_1)
FN:7,(anonymous_2)
FN:7,(anonymous_3)
FN:12,(anonymous_4)
FN:15,(anonymous_5)
FN:18,(anonymous_6)
FN:21,(anonymous_7)
FNF:8
FNH:0
FNDA:0,(anonymous_0)
FNDA:0,(anonymous_1)
FNDA:0,(anonymous_2)
FNDA:0,(anonymous_3)
FNDA:0,(anonymous_4)
FNDA:0,(anonymous_5)
FNDA:0,(anonymous_6)
FNDA:0,(anonymous_7)
DA:7,0
DA:8,0
DA:9,0
DA:10,0
DA:13,0
DA:16,0
DA:19,0
DA:22,0
DA:26,0
DA:28,0
LF:10
LH:0
BRDA:7,0,0,0
BRDA:7,1,0,0
BRDA:7,2,0,0
BRDA:7,3,0,0
BRDA:7,3,1,0
BRDA:7,4,0,0
BRDA:7,4,1,0
BRDA:7,5,0,0
BRDA:7,5,1,0
BRF:9
BRH:0
end_of_record
TN:
SF:src/core/CoilMixin.ts
FN:30,CoilMixin
FN:55,(anonymous_1)
FN:59,(anonymous_2)
FN:63,(anonymous_3)
FN:67,(anonymous_4)
FN:80,(anonymous_5)
FN:93,(anonymous_6)
FN:98,(anonymous_7)
FN:108,(anonymous_8)
FN:129,(anonymous_9)
FN:152,(anonymous_10)
FN:159,(anonymous_11)
FN:163,(anonymous_12)
FN:167,(anonymous_13)
FN:171,(anonymous_14)
FN:183,(anonymous_15)
FN:195,(anonymous_16)
FN:200,(anonymous_17)
FN:206,(anonymous_18)
FN:215,(anonymous_19)
FN:219,(anonymous_20)
FN:223,(anonymous_21)
FN:227,(anonymous_22)
FN:228,(anonymous_23)
FN:231,(anonymous_24)
FN:240,(anonymous_25)
FN:260,isCoilObject
FN:265,getCoilFromObject
FNF:28
FNH:0
FNDA:0,CoilMixin
FNDA:0,(anonymous_1)
FNDA:0,(anonymous_2)
FNDA:0,(anonymous_3)
FNDA:0,(anonymous_4)
FNDA:0,(anonymous_5)
FNDA:0,(anonymous_6)
FNDA:0,(anonymous_7)
FNDA:0,(anonymous_8)
FNDA:0,(anonymous_9)
FNDA:0,(anonymous_10)
FNDA:0,(anonymous_11)
FNDA:0,(anonymous_12)
FNDA:0,(anonymous_13)
FNDA:0,(anonymous_14)
FNDA:0,(anonymous_15)
FNDA:0,(anonymous_16)
FNDA:0,(anonymous_17)
FNDA:0,(anonymous_18)
FNDA:0,(anonymous_19)
FNDA:0,(anonymous_20)
FNDA:0,(anonymous_21)
FNDA:0,(anonymous_22)
FNDA:0,(anonymous_23)
FNDA:0,(anonymous_24)
FNDA:0,(anonymous_25)
FNDA:0,isCoilObject
FNDA:0,getCoilFromObject
DA:14,0
DA:15,0
DA:30,0
DA:37,0
DA:47,0
DA:50,0
DA:56,0
DA:60,0
DA:64,0
DA:68,0
DA:69,0
DA:72,0
DA:81,0
DA:82,0
DA:85,0
DA:94,0
DA:100,0
DA:102,0
DA:103,0
DA:110,0
DA:111,0
DA:113,0
DA:114,0
DA:115,0
DA:116,0
DA:118,0
DA:119,0
DA:123,0
DA:128,0
DA:129,0
DA:131,0
DA:132,0
DA:136,0
DA:137,0
DA:141,0
DA:145,0
DA:150,0
DA:153,0
DA:154,0
DA:155,0
DA:156,0
DA:160,0
DA:164,0
DA:168,0
DA:172,0
DA:173,0
DA:175,0
DA:184,0
DA:185,0
DA:187,0
DA:196,0
DA:201,0
DA:202,0
DA:207,0
DA:216,0
DA:220,0
DA:224,0
DA:228,0
DA:233,0
DA:235,0
DA:236,0
DA:242,0
DA:243,0
DA:245,0
DA:246,0
DA:247,0
DA:248,0
DA:250,0
DA:251,0
DA:255,0
DA:260,0
DA:261,0
DA:265,0
DA:266,0
DA:267,0
DA:269,0
LF:76
LH:0
BRDA:52,0,0,0
BRDA:52,0,1,0
BRDA:53,1,0,0
BRDA:53,1,1,0
BRDA:100,2,0,0
BRDA:118,3,0,0
BRDA:118,4,0,0
BRDA:118,4,1,0
BRDA:118,4,2,0
BRDA:131,5,0,0
BRDA:136,6,0,0
BRDA:153,7,0,0
BRDA:153,7,1,0
BRDA:155,8,0,0
BRDA:155,8,1,0
BRDA:156,9,0,0
BRDA:156,9,1,0
BRDA:201,10,0,0
BRDA:233,11,0,0
BRDA:250,12,0,0
BRDA:250,13,0,0
BRDA:250,13,1,0
BRDA:250,13,2,0
BRDA:261,14,0,0
BRDA:261,14,1,0
BRDA:261,14,2,0
BRDA:266,15,0,0
BRF:27
BRH:0
end_of_record
TN:
SF:src/core/CoilSystem.ts
FN:109,(anonymous_0)
FN:123,(anonymous_1)
FN:137,(anonymous_2)
FN:154,getCoilPattern
FN:155,(anonymous_4)
FN:161,recognizeCoilPatterns
FN:162,(anonymous_6)
FN:173,getCoilContext
FN:181,getCoilResonanceFactors
FNF:9
FNH:0
FNDA:0,(anonymous_0)
FNDA:0,(anonymous_1)
FNDA:0,(anonymous_2)
FNDA:0,getCoilPattern
FNDA:0,(anonymous_4)
FNDA:0,recognizeCoilPatterns
FNDA:0,(anonymous_6)
FNDA:0,getCoilContext
FNDA:0,getCoilResonanceFactors
DA:34,0
DA:110,0
DA:112,0
DA:114,0
DA:124,0
DA:126,0
DA:128,0
DA:138,0
DA:140,0
DA:142,0
DA:154,0
DA:155,0
DA:161,0
DA:162,0
DA:163,0
DA:164,0
DA:166,0
DA:173,0
DA:174,0
DA:175,0
DA:181,0
DA:182,0
DA:183,0
LF:23
LH:0
BRDA:110,0,0,0
BRDA:124,1,0,0
BRDA:138,2,0,0
BRDA:163,3,0,0
BRDA:166,4,0,0
BRDA:166,4,1,0
BRDA:175,5,0,0
BRDA:175,5,1,0
BRDA:183,6,0,0
BRDA:183,6,1,0
BRF:10
BRH:0
end_of_record
TN:
SF:src/core/MathUtils.ts
FN:20,(anonymous_0)
FN:30,(anonymous_1)
FN:39,(anonymous_2)
FN:46,(anonymous_3)
FN:55,(anonymous_4)
FN:62,(anonymous_5)
FN:69,(anonymous_6)
FN:76,(anonymous_7)
FN:84,(anonymous_8)
FN:98,(anonymous_9)
FN:120,(anonymous_10)
FN:128,(anonymous_11)
FN:147,(anonymous_12)
FN:154,(anonymous_13)
FN:161,(anonymous_14)
FN:170,(anonymous_15)
FN:178,(anonymous_16)
FN:199,(anonymous_17)
FN:208,(anonymous_18)
FN:224,(anonymous_19)
FN:250,(anonymous_20)
FN:257,(anonymous_21)
FN:264,(anonymous_22)
FN:271,(anonymous_23)
FN:294,(anonymous_24)
FN:297,(anonymous_25)
FN:298,(anonymous_26)
FN:306,(anonymous_27)
FN:313,(anonymous_28)
FN:320,(anonymous_29)
FN:334,(anonymous_30)
FN:344,(anonymous_31)
FNF:32
FNH:0
FNDA:0,(anonymous_0)
FNDA:0,(anonymous_1)
FNDA:0,(anonymous_2)
FNDA:0,(anonymous_3)
FNDA:0,(anonymous_4)
FNDA:0,(anonymous_5)
FNDA:0,(anonymous_6)
FNDA:0,(anonymous_7)
FNDA:0,(anonymous_8)
FNDA:0,(anonymous_9)
FNDA:0,(anonymous_10)
FNDA:0,(anonymous_11)
FNDA:0,(anonymous_12)
FNDA:0,(anonymous_13)
FNDA:0,(anonymous_14)
FNDA:0,(anonymous_15)
FNDA:0,(anonymous_16)
FNDA:0,(anonymous_17)
FNDA:0,(anonymous_18)
FNDA:0,(anonymous_19)
FNDA:0,(anonymous_20)
FNDA:0,(anonymous_21)
FNDA:0,(anonymous_22)
FNDA:0,(anonymous_23)
FNDA:0,(anonymous_24)
FNDA:0,(anonymous_25)
FNDA:0,(anonymous_26)
FNDA:0,(anonymous_27)
FNDA:0,(anonymous_28)
FNDA:0,(anonymous_29)
FNDA:0,(anonymous_30)
FNDA:0,(anonymous_31)
DA:11,0
DA:16,0
DA:21,0
DA:22,0
DA:23,0
DA:24,0
DA:31,0
DA:32,0
DA:33,0
DA:40,0
DA:47,0
DA:48,0
DA:49,0
DA:56,0
DA:63,0
DA:70,0
DA:77,0
DA:78,0
DA:85,0
DA:87,0
DA:88,0
DA:89,0
DA:92,0
DA:105,0
DA:106,0
DA:108,0
DA:109,0
DA:111,0
DA:112,0
DA:114,0
DA:121,0
DA:122,0
DA:129,0
DA:130,0
DA:131,0
DA:133,0
DA:134,0
DA:135,0
DA:136,0
DA:137,0
DA:138,0
DA:141,0
DA:148,0
DA:155,0
DA:162,0
DA:163,0
DA:164,0
DA:171,0
DA:172,0
DA:179,0
DA:180,0
DA:182,0
DA:183,0
DA:184,0
DA:185,0
DA:187,0
DA:188,0
DA:190,0
DA:193,0
DA:200,0
DA:201,0
DA:202,0
DA:209,0
DA:210,0
DA:212,0
DA:213,0
DA:215,0
DA:216,0
DA:218,0
DA:232,0
DA:234,0
DA:235,0
DA:238,0
DA:240,0
DA:241,0
DA:244,0
DA:251,0
DA:258,0
DA:265,0
DA:272,0
DA:273,0
DA:276,0
DA:277,0
DA:279,0
DA:280,0
DA:281,0
DA:282,0
DA:283,0
DA:284,0
DA:288,0
DA:295,0
DA:297,0
DA:298,0
DA:300,0
DA:307,0
DA:314,0
DA:321,0
DA:322,0
DA:324,0
DA:325,0
DA:326,0
DA:328,0
DA:335,0
DA:336,0
DA:338,0
DA:345,0
DA:347,0
LF:107
LH:0
BRDA:76,0,0,0
BRDA:87,1,0,0
BRDA:88,2,0,0
BRDA:89,3,0,0
BRDA:89,3,1,0
BRDA:92,4,0,0
BRDA:92,4,1,0
BRDA:102,5,0,0
BRDA:103,6,0,0
BRDA:109,7,0,0
BRDA:109,7,1,0
BRDA:120,8,0,0
BRDA:129,9,0,0
BRDA:130,10,0,0
BRDA:131,11,0,0
BRDA:137,12,0,0
BRDA:137,13,0,0
BRDA:137,13,1,0
BRDA:170,14,0,0
BRDA:178,15,0,0
BRDA:185,16,0,0
BRDA:185,16,1,0
BRDA:199,17,0,0
BRDA:208,18,0,0
BRDA:230,19,0,0
BRDA:234,20,0,0
BRDA:264,21,0,0
BRDA:272,22,0,0
BRDA:272,23,0,0
BRDA:272,23,1,0
BRDA:282,24,0,0
BRDA:282,25,0,0
BRDA:282,25,1,0
BRDA:288,26,0,0
BRDA:288,26,1,0
BRDA:295,27,0,0
BRDA:321,28,0,0
BRDA:322,29,0,0
BRDA:322,30,0,0
BRDA:322,30,1,0
BRDA:335,31,0,0
BRDA:335,32,0,0
BRDA:335,32,1,0
BRDA:336,33,0,0
BRDA:336,34,0,0
BRDA:336,34,1,0
BRDA:345,35,0,0
BRDA:345,36,0,0
BRDA:345,36,1,0
BRF:49
BRH:0
end_of_record
TN:
SF:src/core/NetworkNode.ts
FN:38,(anonymous_1)
FN:46,(anonymous_2)
FN:53,(anonymous_3)
FN:57,(anonymous_4)
FN:62,(anonymous_5)
FN:84,(anonymous_6)
FN:115,(anonymous_7)
FN:125,(anonymous_8)
FN:126,(anonymous_9)
FN:131,(anonymous_10)
FN:157,(anonymous_11)
FN:165,(anonymous_12)
FN:182,(anonymous_13)
FN:192,(anonymous_14)
FN:204,(anonymous_15)
FN:206,(anonymous_16)
FN:220,(anonymous_17)
FN:232,(anonymous_18)
FN:239,(anonymous_19)
FN:243,(anonymous_20)
FN:261,(anonymous_21)
FN:262,(anonymous_22)
FN:271,(anonymous_23)
FN:276,(anonymous_24)
FN:283,(anonymous_25)
FN:308,(anonymous_26)
FN:314,(anonymous_27)
FN:328,(anonymous_28)
FN:330,(anonymous_29)
FNF:29
FNH:0
FNDA:0,(anonymous_1)
FNDA:0,(anonymous_2)
FNDA:0,(anonymous_3)
FNDA:0,(anonymous_4)
FNDA:0,(anonymous_5)
FNDA:0,(anonymous_6)
FNDA:0,(anonymous_7)
FNDA:0,(anonymous_8)
FNDA:0,(anonymous_9)
FNDA:0,(anonymous_10)
FNDA:0,(anonymous_11)
FNDA:0,(anonymous_12)
FNDA:0,(anonymous_13)
FNDA:0,(anonymous_14)
FNDA:0,(anonymous_15)
FNDA:0,(anonymous_16)
FNDA:0,(anonymous_17)
FNDA:0,(anonymous_18)
FNDA:0,(anonymous_19)
FNDA:0,(anonymous_20)
FNDA:0,(anonymous_21)
FNDA:0,(anonymous_22)
FNDA:0,(anonymous_23)
FNDA:0,(anonymous_24)
FNDA:0,(anonymous_25)
FNDA:0,(anonymous_26)
FNDA:0,(anonymous_27)
FNDA:0,(anonymous_28)
FNDA:0,(anonymous_29)
DA:1,0
DA:2,0
DA:3,0
DA:30,0
DA:33,0
DA:34,0
DA:39,0
DA:40,0
DA:47,0
DA:49,0
DA:51,0
DA:53,0
DA:54,0
DA:57,0
DA:58,0
DA:62,0
DA:63,0
DA:67,0
DA:68,0
DA:71,0
DA:72,0
DA:74,0
DA:76,0
DA:77,0
DA:85,0
DA:88,0
DA:89,0
DA:91,0
DA:92,0
DA:96,0
DA:97,0
DA:99,0
DA:102,0
DA:103,0
DA:106,0
DA:107,0
DA:109,0
DA:116,0
DA:117,0
DA:118,0
DA:121,0
DA:122,0
DA:123,0
DA:125,0
DA:126,0
DA:127,0
DA:128,0
DA:131,0
DA:132,0
DA:133,0
DA:142,0
DA:143,0
DA:146,0
DA:153,0
DA:154,0
DA:157,0
DA:158,0
DA:159,0
DA:160,0
DA:161,0
DA:165,0
DA:166,0
DA:167,0
DA:168,0
DA:169,0
DA:171,0
DA:172,0
DA:177,0
DA:178,0
DA:179,0
DA:182,0
DA:186,0
DA:193,0
DA:194,0
DA:195,0
DA:196,0
DA:197,0
DA:205,0
DA:206,0
DA:209,0
DA:210,0
DA:211,0
DA:212,0
DA:221,0
DA:222,0
DA:223,0
DA:224,0
DA:226,0
DA:233,0
DA:240,0
DA:244,0
DA:245,0
DA:246,0
DA:249,0
DA:258,0
DA:262,0
DA:263,0
DA:264,0
DA:265,0
DA:267,0
DA:271,0
DA:272,0
DA:273,0
DA:276,0
DA:277,0
DA:278,0
DA:279,0
DA:284,0
DA:286,0
DA:287,0
DA:288,0
DA:289,0
DA:290,0
DA:293,0
DA:294,0
DA:295,0
DA:296,0
DA:299,0
DA:300,0
DA:301,0
DA:304,0
DA:309,0
DA:310,0
DA:315,0
DA:316,0
DA:317,0
DA:318,0
DA:319,0
DA:320,0
DA:321,0
DA:323,0
DA:330,0
DA:332,0
LF:133
LH:0
BRDA:47,0,0,0
BRDA:67,1,0,0
BRDA:85,2,0,0
BRDA:88,3,0,0
BRDA:91,4,0,0
BRDA:102,5,0,0
BRDA:115,6,0,0
BRDA:116,7,0,0
BRDA:129,8,0,0
BRDA:129,8,1,0
BRDA:134,9,0,0
BRDA:134,9,1,0
BRDA:160,10,0,0
BRDA:167,11,0,0
BRDA:171,12,0,0
BRDA:178,13,0,0
BRDA:194,14,0,0
BRDA:205,15,0,0
BRDA:205,15,1,0
BRDA:211,16,0,0
BRDA:211,17,0,0
BRDA:211,17,1,0
BRDA:222,18,0,0
BRDA:222,19,0,0
BRDA:222,19,1,0
BRDA:244,20,0,0
BRDA:284,21,0,0
BRDA:284,21,1,0
BRDA:284,21,2,0
BRDA:284,21,3,0
BRDA:309,22,0,0
BRDA:317,23,0,0
BRDA:317,23,1,0
BRF:33
BRH:0
end_of_record
TN:
SF:src/core/Observer.ts
FN:24,ObserverMixin
FN:29,(anonymous_1)
FN:35,(anonymous_2)
FN:38,(anonymous_3)
FN:41,(anonymous_4)
FN:44,(anonymous_5)
FN:47,(anonymous_6)
FN:48,(anonymous_7)
FN:57,(anonymous_8)
FN:60,(anonymous_9)
FN:64,(anonymous_10)
FN:68,(anonymous_11)
FN:71,(anonymous_12)
FN:74,(anonymous_13)
FN:77,(anonymous_14)
FN:80,(anonymous_15)
FN:81,(anonymous_16)
FNF:17
FNH:2
FNDA:146,ObserverMixin
FNDA:0,(anonymous_1)
FNDA:0,(anonymous_2)
FNDA:0,(anonymous_3)
FNDA:0,(anonymous_4)
FNDA:0,(anonymous_5)
FNDA:20,(anonymous_6)
FNDA:0,(anonymous_7)
FNDA:0,(anonymous_8)
FNDA:0,(anonymous_9)
FNDA:0,(anonymous_10)
FNDA:0,(anonymous_11)
FNDA:0,(anonymous_12)
FNDA:0,(anonymous_13)
FNDA:0,(anonymous_14)
FNDA:0,(anonymous_15)
FNDA:0,(anonymous_16)
DA:24,1
DA:25,146
DA:26,146
DA:31,0
DA:32,0
DA:36,0
DA:39,0
DA:42,0
DA:45,0
DA:48,20
DA:54,1
DA:56,0
DA:58,0
DA:62,0
DA:66,0
DA:69,0
DA:72,0
DA:75,0
DA:78,0
DA:81,0
LF:20
LH:5
BRDA:27,0,0,146
BRDA:27,0,1,0
BRDA:27,0,2,0
BRDA:31,1,0,0
BRDA:58,2,0,0
BRDA:58,2,1,0
BRF:6
BRH:1
end_of_record
TN:
SF:src/core/PatternRecognition.ts
FN:61,(anonymous_0)
FN:69,(anonymous_1)
FN:79,(anonymous_2)
FN:106,(anonymous_3)
FN:118,(anonymous_4)
FN:139,(anonymous_5)
FN:139,(anonymous_6)
FN:141,(anonymous_7)
FN:145,(anonymous_8)
FN:147,(anonymous_9)
FN:151,(anonymous_10)
FN:153,(anonymous_11)
FN:157,(anonymous_12)
FN:159,(anonymous_13)
FN:163,(anonymous_14)
FN:165,(anonymous_15)
FN:177,(anonymous_16)
FN:216,(anonymous_17)
FN:243,(anonymous_18)
FN:246,(anonymous_19)
FN:250,(anonymous_20)
FN:252,(anonymous_21)
FN:256,(anonymous_22)
FN:268,(anonymous_23)
FN:275,(anonymous_24)
FN:283,(anonymous_25)
FN:299,(anonymous_26)
FN:310,(anonymous_27)
FN:312,(anonymous_28)
FN:320,(anonymous_29)
FN:322,(anonymous_30)
FN:337,(anonymous_31)
FN:344,(anonymous_32)
FN:391,(anonymous_33)
FN:414,(anonymous_34)
FN:442,(anonymous_35)
FN:471,(anonymous_36)
FNF:37
FNH:0
FNDA:0,(anonymous_0)
FNDA:0,(anonymous_1)
FNDA:0,(anonymous_2)
FNDA:0,(anonymous_3)
FNDA:0,(anonymous_4)
FNDA:0,(anonymous_5)
FNDA:0,(anonymous_6)
FNDA:0,(anonymous_7)
FNDA:0,(anonymous_8)
FNDA:0,(anonymous_9)
FNDA:0,(anonymous_10)
FNDA:0,(anonymous_11)
FNDA:0,(anonymous_12)
FNDA:0,(anonymous_13)
FNDA:0,(anonymous_14)
FNDA:0,(anonymous_15)
FNDA:0,(anonymous_16)
FNDA:0,(anonymous_17)
FNDA:0,(anonymous_18)
FNDA:0,(anonymous_19)
FNDA:0,(anonymous_20)
FNDA:0,(anonymous_21)
FNDA:0,(anonymous_22)
FNDA:0,(anonymous_23)
FNDA:0,(anonymous_24)
FNDA:0,(anonymous_25)
FNDA:0,(anonymous_26)
FNDA:0,(anonymous_27)
FNDA:0,(anonymous_28)
FNDA:0,(anonymous_29)
FNDA:0,(anonymous_30)
FNDA:0,(anonymous_31)
FNDA:0,(anonymous_32)
FNDA:0,(anonymous_33)
FNDA:0,(anonymous_34)
FNDA:0,(anonymous_35)
FNDA:0,(anonymous_36)
DA:13,0
DA:14,0
DA:15,0
DA:16,0
DA:56,0
DA:57,0
DA:58,0
DA:59,0
DA:62,0
DA:63,0
DA:70,0
DA:72,0
DA:73,0
DA:80,0
DA:81,0
DA:91,0
DA:92,0
DA:94,0
DA:95,0
DA:106,0
DA:109,0
DA:111,0
DA:112,0
DA:119,0
DA:130,0
DA:133,0
DA:134,0
DA:135,0
DA:139,0
DA:140,0
DA:141,0
DA:145,0
DA:146,0
DA:147,0
DA:151,0
DA:152,0
DA:153,0
DA:157,0
DA:158,0
DA:159,0
DA:163,0
DA:164,0
DA:165,0
DA:169,0
DA:171,0
DA:178,0
DA:188,0
DA:189,0
DA:190,0
DA:191,0
DA:192,0
DA:193,0
DA:194,0
DA:195,0
DA:197,0
DA:210,0
DA:217,0
DA:228,0
DA:231,0
DA:232,0
DA:233,0
DA:237,0
DA:238,0
DA:239,0
DA:243,0
DA:244,0
DA:246,0
DA:247,0
DA:250,0
DA:251,0
DA:252,0
DA:256,0
DA:257,0
DA:260,0
DA:262,0
DA:269,0
DA:276,0
DA:277,0
DA:284,0
DA:293,0
DA:294,0
DA:298,0
DA:299,0
DA:300,0
DA:304,0
DA:305,0
DA:306,0
DA:309,0
DA:310,0
DA:312,0
DA:314,0
DA:322,0
DA:323,0
DA:338,0
DA:345,0
DA:348,0
DA:349,0
DA:351,0
DA:352,0
DA:355,0
DA:358,0
DA:361,0
DA:362,0
DA:366,0
DA:367,0
DA:371,0
DA:372,0
DA:376,0
DA:377,0
DA:381,0
DA:382,0
DA:385,0
DA:392,0
DA:400,0
DA:401,0
DA:402,0
DA:403,0
DA:404,0
DA:405,0
DA:408,0
DA:415,0
DA:416,0
DA:418,0
DA:421,0
DA:422,0
DA:426,0
DA:427,0
DA:431,0
DA:432,0
DA:433,0
DA:436,0
DA:443,0
DA:445,0
DA:446,0
DA:449,0
DA:450,0
DA:453,0
DA:454,0
DA:457,0
DA:458,0
DA:461,0
DA:462,0
DA:465,0
DA:472,0
DA:474,0
DA:475,0
DA:478,0
DA:479,0
DA:482,0
DA:483,0
DA:486,0
DA:487,0
DA:490,0
LF:153
LH:0
BRDA:70,0,0,0
BRDA:94,1,0,0
BRDA:130,2,0,0
BRDA:134,3,0,0
BRDA:134,3,1,0
BRDA:135,4,0,0
BRDA:135,4,1,0
BRDA:139,5,0,0
BRDA:139,5,1,0
BRDA:140,6,0,0
BRDA:140,6,1,0
BRDA:145,7,0,0
BRDA:145,7,1,0
BRDA:146,8,0,0
BRDA:146,8,1,0
BRDA:151,9,0,0
BRDA:151,9,1,0
BRDA:152,10,0,0
BRDA:152,10,1,0
BRDA:157,11,0,0
BRDA:157,11,1,0
BRDA:158,12,0,0
BRDA:158,12,1,0
BRDA:163,13,0,0
BRDA:163,13,1,0
BRDA:164,14,0,0
BRDA:164,14,1,0
BRDA:188,15,0,0
BRDA:190,16,0,0
BRDA:228,17,0,0
BRDA:232,18,0,0
BRDA:232,18,1,0
BRDA:233,19,0,0
BRDA:233,19,1,0
BRDA:238,20,0,0
BRDA:238,20,1,0
BRDA:239,21,0,0
BRDA:239,21,1,0
BRDA:250,22,0,0
BRDA:250,22,1,0
BRDA:251,23,0,0
BRDA:251,23,1,0
BRDA:256,24,0,0
BRDA:256,24,1,0
BRDA:294,25,0,0
BRDA:294,25,1,0
BRDA:298,26,0,0
BRDA:306,27,0,0
BRDA:306,27,1,0
BRDA:328,28,0,0
BRDA:328,28,1,0
BRDA:329,29,0,0
BRDA:329,29,1,0
BRDA:348,30,0,0
BRDA:348,30,1,0
BRDA:349,31,0,0
BRDA:349,31,1,0
BRDA:352,32,0,0
BRDA:352,32,1,0
BRDA:355,33,0,0
BRDA:361,34,0,0
BRDA:366,35,0,0
BRDA:371,36,0,0
BRDA:376,37,0,0
BRDA:377,38,0,0
BRDA:377,38,1,0
BRDA:381,39,0,0
BRDA:382,40,0,0
BRDA:382,40,1,0
BRDA:400,41,0,0
BRDA:421,42,0,0
BRDA:426,43,0,0
BRDA:432,44,0,0
BRDA:445,45,0,0
BRDA:449,46,0,0
BRDA:453,47,0,0
BRDA:457,48,0,0
BRDA:461,49,0,0
BRDA:474,50,0,0
BRDA:478,51,0,0
BRDA:482,52,0,0
BRDA:486,53,0,0
BRF:82
BRH:0
end_of_record
TN:
SF:src/core/SharedConstants.ts
FN:162,(anonymous_0)
FN:170,(anonymous_1)
FN:177,(anonymous_2)
FN:188,(anonymous_3)
FN:200,(anonymous_4)
FN:208,(anonymous_5)
FN:215,(anonymous_6)
FN:222,(anonymous_7)
FNF:8
FNH:0
FNDA:0,(anonymous_0)
FNDA:0,(anonymous_1)
FNDA:0,(anonymous_2)
FNDA:0,(anonymous_3)
FNDA:0,(anonymous_4)
FNDA:0,(anonymous_5)
FNDA:0,(anonymous_6)
FNDA:0,(anonymous_7)
DA:14,1
DA:46,1
DA:71,1
DA:94,1
DA:112,1
DA:132,1
DA:158,1
DA:163,0
DA:164,0
DA:171,0
DA:178,0
DA:179,0
DA:180,0
DA:182,0
DA:189,0
DA:190,0
DA:191,0
DA:194,0
DA:201,0
DA:202,0
DA:209,0
DA:216,0
DA:223,0
DA:232,0
LF:24
LH:7
BRDA:164,0,0,0
BRDA:164,0,1,0
BRDA:179,1,0,0
BRDA:180,2,0,0
BRDA:190,3,0,0
BRDA:201,4,0,0
BRDA:202,5,0,0
BRDA:202,5,1,0
BRDA:216,6,0,0
BRDA:216,6,1,0
BRDA:232,7,0,0
BRDA:232,7,1,0
BRF:12
BRH:0
end_of_record
TN:
SF:src/core/UnifiedSystem.ts
FN:93,(anonymous_0)
FN:113,(anonymous_1)
FN:145,(anonymous_2)
FN:152,(anonymous_3)
FN:159,(anonymous_4)
FN:166,(anonymous_5)
FN:173,(anonymous_6)
FN:180,(anonymous_7)
FN:197,(anonymous_8)
FN:200,(anonymous_9)
FN:209,(anonymous_10)
FN:220,(anonymous_11)
FN:227,(anonymous_12)
FN:234,(anonymous_13)
FN:248,(anonymous_14)
FN:255,(anonymous_15)
FN:262,(anonymous_16)
FN:280,(anonymous_17)
FN:291,(anonymous_18)
FN:293,(anonymous_19)
FN:294,(anonymous_20)
FN:295,(anonymous_21)
FN:296,(anonymous_22)
FN:296,(anonymous_23)
FN:297,(anonymous_24)
FN:297,(anonymous_25)
FN:298,(anonymous_26)
FN:299,(anonymous_27)
FN:300,(anonymous_28)
FN:307,(anonymous_29)
FN:319,(anonymous_30)
FN:338,(anonymous_31)
FN:349,(anonymous_32)
FN:366,(anonymous_33)
FN:383,(anonymous_34)
FNF:35
FNH:0
FNDA:0,(anonymous_0)
FNDA:0,(anonymous_1)
FNDA:0,(anonymous_2)
FNDA:0,(anonymous_3)
FNDA:0,(anonymous_4)
FNDA:0,(anonymous_5)
FNDA:0,(anonymous_6)
FNDA:0,(anonymous_7)
FNDA:0,(anonymous_8)
FNDA:0,(anonymous_9)
FNDA:0,(anonymous_10)
FNDA:0,(anonymous_11)
FNDA:0,(anonymous_12)
FNDA:0,(anonymous_13)
FNDA:0,(anonymous_14)
FNDA:0,(anonymous_15)
FNDA:0,(anonymous_16)
FNDA:0,(anonymous_17)
FNDA:0,(anonymous_18)
FNDA:0,(anonymous_19)
FNDA:0,(anonymous_20)
FNDA:0,(anonymous_21)
FNDA:0,(anonymous_22)
FNDA:0,(anonymous_23)
FNDA:0,(anonymous_24)
FNDA:0,(anonymous_25)
FNDA:0,(anonymous_26)
FNDA:0,(anonymous_27)
FNDA:0,(anonymous_28)
FNDA:0,(anonymous_29)
FNDA:0,(anonymous_30)
FNDA:0,(anonymous_31)
FNDA:0,(anonymous_32)
FNDA:0,(anonymous_33)
FNDA:0,(anonymous_34)
DA:15,0
DA:16,0
DA:17,0
DA:18,0
DA:86,0
DA:94,0
DA:104,0
DA:105,0
DA:106,0
DA:107,0
DA:114,0
DA:146,0
DA:153,0
DA:160,0
DA:167,0
DA:174,0
DA:181,0
DA:182,0
DA:184,0
DA:198,0
DA:200,0
DA:201,0
DA:203,0
DA:210,0
DA:221,0
DA:228,0
DA:229,0
DA:232,0
DA:234,0
DA:249,0
DA:256,0
DA:263,0
DA:274,0
DA:281,0
DA:292,0
DA:293,0
DA:294,0
DA:295,0
DA:296,0
DA:297,0
DA:298,0
DA:299,0
DA:300,0
DA:308,0
DA:320,0
DA:321,0
DA:332,0
DA:339,0
DA:340,0
DA:343,0
DA:350,0
DA:351,0
DA:357,0
DA:367,0
DA:368,0
DA:374,0
DA:384,0
DA:385,0
DA:386,0
DA:387,0
DA:389,0
LF:61
LH:0
BRDA:93,0,0,0
BRDA:198,1,0,0
BRDA:228,2,0,0
BRDA:274,3,0,0
BRDA:274,3,1,0
BRDA:298,4,0,0
BRDA:298,4,1,0
BRDA:320,5,0,0
BRDA:339,6,0,0
BRDA:350,7,0,0
BRDA:367,8,0,0
BRF:11
BRH:0
end_of_record
TN:
SF:src/core/UnifiedVoidEquations.ts
FN:64,(anonymous_0)
FN:74,(anonymous_1)
FN:310,(anonymous_2)
FN:311,(anonymous_3)
FN:312,(anonymous_4)
FN:313,(anonymous_5)
FN:314,(anonymous_6)
FN:315,(anonymous_7)
FN:316,(anonymous_8)
FN:370,(anonymous_9)
FN:377,(anonymous_10)
FN:379,(anonymous_11)
FN:386,(anonymous_12)
FN:393,(anonymous_13)
FN:400,(anonymous_14)
FN:401,(anonymous_15)
FN:407,(anonymous_16)
FN:414,(anonymous_17)
FN:421,(anonymous_18)
FN:454,(anonymous_19)
FN:456,(anonymous_20)
FN:468,(anonymous_21)
FN:472,(anonymous_22)
FN:478,(anonymous_23)
FN:490,(anonymous_24)
FN:494,(anonymous_25)
FN:495,(anonymous_26)
FN:497,(anonymous_27)
FNF:28
FNH:0
FNDA:0,(anonymous_0)
FNDA:0,(anonymous_1)
FNDA:0,(anonymous_2)
FNDA:0,(anonymous_3)
FNDA:0,(anonymous_4)
FNDA:0,(anonymous_5)
FNDA:0,(anonymous_6)
FNDA:0,(anonymous_7)
FNDA:0,(anonymous_8)
FNDA:0,(anonymous_9)
FNDA:0,(anonymous_10)
FNDA:0,(anonymous_11)
FNDA:0,(anonymous_12)
FNDA:0,(anonymous_13)
FNDA:0,(anonymous_14)
FNDA:0,(anonymous_15)
FNDA:0,(anonymous_16)
FNDA:0,(anonymous_17)
FNDA:0,(anonymous_18)
FNDA:0,(anonymous_19)
FNDA:0,(anonymous_20)
FNDA:0,(anonymous_21)
FNDA:0,(anonymous_22)
FNDA:0,(anonymous_23)
FNDA:0,(anonymous_24)
FNDA:0,(anonymous_25)
FNDA:0,(anonymous_26)
FNDA:0,(anonymous_27)
DA:60,0
DA:65,0
DA:66,0
DA:67,0
DA:68,0
DA:76,0
DA:90,0
DA:105,0
DA:119,0
DA:134,0
DA:148,0
DA:163,0
DA:177,0
DA:192,0
DA:206,0
DA:221,0
DA:235,0
DA:250,0
DA:264,0
DA:278,0
DA:292,0
DA:311,0
DA:312,0
DA:313,0
DA:314,0
DA:315,0
DA:316,0
DA:318,0
DA:326,0
DA:334,0
DA:342,0
DA:350,0
DA:358,0
DA:371,0
DA:378,0
DA:379,0
DA:380,0
DA:387,0
DA:394,0
DA:401,0
DA:408,0
DA:415,0
DA:422,0
DA:425,0
DA:426,0
DA:427,0
DA:440,0
DA:455,0
DA:456,0
DA:457,0
DA:469,0
DA:470,0
DA:471,0
DA:472,0
DA:474,0
DA:478,0
DA:491,0
DA:494,0
DA:495,0
DA:497,0
LF:60
LH:0
BRDA:378,0,0,0
BRDA:426,1,0,0
BRDA:426,2,0,0
BRDA:426,2,1,0
BRDA:457,3,0,0
BRDA:457,3,1,0
BRDA:457,3,2,0
BRDA:457,3,3,0
BRDA:457,3,4,0
BRF:9
BRH:0
end_of_record
TN:
SF:src/core/ZeroPoint.ts
FN:40,(anonymous_0)
FN:72,(anonymous_1)
FN:110,(anonymous_2)
FN:142,(anonymous_3)
FN:151,(anonymous_4)
FN:167,(anonymous_5)
FN:171,(anonymous_6)
FN:183,(anonymous_7)
FN:200,(anonymous_8)
FN:208,(anonymous_9)
FN:232,(anonymous_10)
FN:251,(anonymous_11)
FN:253,(anonymous_12)
FN:258,(anonymous_13)
FN:263,(anonymous_14)
FN:269,(anonymous_15)
FN:292,(anonymous_16)
FN:301,(anonymous_17)
FN:309,(anonymous_18)
FN:311,(anonymous_19)
FN:325,(anonymous_20)
FN:339,(anonymous_21)
FN:355,(anonymous_22)
FNF:23
FNH:0
FNDA:0,(anonymous_0)
FNDA:0,(anonymous_1)
FNDA:0,(anonymous_2)
FNDA:0,(anonymous_3)
FNDA:0,(anonymous_4)
FNDA:0,(anonymous_5)
FNDA:0,(anonymous_6)
FNDA:0,(anonymous_7)
FNDA:0,(anonymous_8)
FNDA:0,(anonymous_9)
FNDA:0,(anonymous_10)
FNDA:0,(anonymous_11)
FNDA:0,(anonymous_12)
FNDA:0,(anonymous_13)
FNDA:0,(anonymous_14)
FNDA:0,(anonymous_15)
FNDA:0,(anonymous_16)
FNDA:0,(anonymous_17)
FNDA:0,(anonymous_18)
FNDA:0,(anonymous_19)
FNDA:0,(anonymous_20)
FNDA:0,(anonymous_21)
FNDA:0,(anonymous_22)
DA:1,0
DA:2,0
DA:3,0
DA:4,0
DA:5,0
DA:7,0
DA:8,0
DA:9,0
DA:10,0
DA:25,0
DA:34,0
DA:35,0
DA:38,0
DA:41,0
DA:43,0
DA:44,0
DA:45,0
DA:48,0
DA:51,0
DA:52,0
DA:53,0
DA:56,0
DA:65,0
DA:66,0
DA:73,0
DA:74,0
DA:75,0
DA:78,0
DA:81,0
DA:84,0
DA:87,0
DA:89,0
DA:90,0
DA:92,0
DA:93,0
DA:96,0
DA:102,0
DA:103,0
DA:111,0
DA:112,0
DA:113,0
DA:115,0
DA:116,0
DA:117,0
DA:119,0
DA:125,0
DA:128,0
DA:129,0
DA:132,0
DA:134,0
DA:135,0
DA:143,0
DA:144,0
DA:145,0
DA:152,0
DA:160,0
DA:161,0
DA:168,0
DA:169,0
DA:171,0
DA:172,0
DA:173,0
DA:174,0
DA:177,0
DA:184,0
DA:185,0
DA:194,0
DA:201,0
DA:202,0
DA:209,0
DA:211,0
DA:214,0
DA:217,0
DA:220,0
DA:223,0
DA:225,0
DA:226,0
DA:233,0
DA:253,0
DA:254,0
DA:258,0
DA:259,0
DA:260,0
DA:263,0
DA:264,0
DA:265,0
DA:270,0
DA:272,0
DA:273,0
DA:274,0
DA:277,0
DA:278,0
DA:281,0
DA:285,0
DA:288,0
DA:294,0
DA:295,0
DA:298,0
DA:302,0
DA:303,0
DA:311,0
DA:312,0
DA:313,0
DA:315,0
DA:325,0
DA:326,0
DA:327,0
DA:329,0
DA:339,0
DA:340,0
DA:342,0
DA:356,0
DA:357,0
DA:358,0
DA:360,0
LF:115
LH:0
BRDA:43,0,0,0
BRDA:43,0,1,0
BRDA:59,1,0,0
BRDA:59,1,1,0
BRDA:61,2,0,0
BRDA:61,2,1,0
BRDA:62,3,0,0
BRDA:62,3,1,0
BRDA:92,4,0,0
BRDA:115,5,0,0
BRDA:115,5,1,0
BRDA:128,6,0,0
BRDA:270,7,0,0
BRDA:270,7,1,0
BRDA:270,7,2,0
BRDA:270,7,3,0
BRDA:294,8,0,0
BRDA:294,8,1,0
BRDA:317,9,0,0
BRDA:317,9,1,0
BRDA:327,10,0,0
BRDA:327,10,1,0
BRDA:331,11,0,0
BRDA:331,11,1,0
BRDA:344,12,0,0
BRDA:344,12,1,0
BRDA:363,13,0,0
BRDA:363,13,1,0
BRDA:369,14,0,0
BRDA:369,14,1,0
BRF:30
BRH:0
end_of_record
TN:
SF:src/emergence/patterns.ts
FN:13,(anonymous_0)
FNF:1
FNH:0
FNDA:0,(anonymous_0)
DA:4,0
DA:13,0
LF:2
LH:0
BRDA:15,0,0,0
BRDA:15,0,1,0
BRF:2
BRH:0
end_of_record
TN:
SF:src/field/EmergenceLedger.ts
FN:49,(anonymous_0)
FN:58,(anonymous_1)
FN:100,(anonymous_2)
FN:121,(anonymous_3)
FN:129,(anonymous_4)
FN:166,(anonymous_5)
FN:173,(anonymous_6)
FN:180,(anonymous_7)
FN:187,(anonymous_8)
FN:194,(anonymous_9)
FN:211,(anonymous_10)
FN:240,(anonymous_11)
FN:257,(anonymous_12)
FN:258,(anonymous_13)
FN:259,(anonymous_14)
FN:280,(anonymous_15)
FN:291,(anonymous_16)
FN:305,(anonymous_17)
FNF:18
FNH:0
FNDA:0,(anonymous_0)
FNDA:0,(anonymous_1)
FNDA:0,(anonymous_2)
FNDA:0,(anonymous_3)
FNDA:0,(anonymous_4)
FNDA:0,(anonymous_5)
FNDA:0,(anonymous_6)
FNDA:0,(anonymous_7)
FNDA:0,(anonymous_8)
FNDA:0,(anonymous_9)
FNDA:0,(anonymous_10)
FNDA:0,(anonymous_11)
FNDA:0,(anonymous_12)
FNDA:0,(anonymous_13)
FNDA:0,(anonymous_14)
FNDA:0,(anonymous_15)
FNDA:0,(anonymous_16)
FNDA:0,(anonymous_17)
DA:1,0
DA:41,0
DA:42,0
DA:43,0
DA:46,0
DA:47,0
DA:50,0
DA:51,0
DA:52,0
DA:62,0
DA:74,0
DA:83,0
DA:84,0
DA:87,0
DA:90,0
DA:91,0
DA:94,0
DA:101,0
DA:102,0
DA:105,0
DA:121,0
DA:122,0
DA:123,0
DA:126,0
DA:129,0
DA:134,0
DA:135,0
DA:141,0
DA:142,0
DA:145,0
DA:151,0
DA:154,0
DA:155,0
DA:158,0
DA:160,0
DA:167,0
DA:174,0
DA:181,0
DA:188,0
DA:195,0
DA:196,0
DA:198,0
DA:199,0
DA:202,0
DA:203,0
DA:205,0
DA:212,0
DA:213,0
DA:214,0
DA:216,0
DA:217,0
DA:221,0
DA:222,0
DA:226,0
DA:232,0
DA:233,0
DA:237,0
DA:240,0
DA:245,0
DA:246,0
DA:247,0
DA:251,0
DA:258,0
DA:259,0
DA:261,0
DA:281,0
DA:282,0
DA:284,0
DA:285,0
DA:292,0
DA:293,0
DA:294,0
DA:295,0
DA:296,0
DA:306,0
DA:322,0
DA:329,0
DA:330,0
DA:333,0
DA:339,0
DA:341,0
DA:344,0
LF:82
LH:0
BRDA:90,0,0,0
BRDA:101,1,0,0
BRDA:181,2,0,0
BRDA:181,2,1,0
BRDA:195,3,0,0
BRDA:195,3,1,0
BRDA:196,4,0,0
BRDA:196,4,1,0
BRDA:198,5,0,0
BRDA:216,6,0,0
BRDA:216,7,0,0
BRDA:216,7,1,0
BRDA:221,8,0,0
BRDA:232,9,0,0
BRDA:246,10,0,0
BRDA:281,11,0,0
BRDA:285,12,0,0
BRDA:285,12,1,0
BRDA:293,13,0,0
BRDA:295,14,0,0
BRDA:295,15,0,0
BRDA:295,15,1,0
BRDA:295,15,2,0
BRF:23
BRH:0
end_of_record
TN:
SF:src/field/ObserverAwareField.ts
FN:57,(anonymous_0)
FN:65,(anonymous_1)
FN:82,(anonymous_2)
FN:124,(anonymous_3)
FN:163,(anonymous_4)
FN:191,(anonymous_5)
FN:201,(anonymous_6)
FN:210,(anonymous_7)
FN:227,(anonymous_8)
FN:235,(anonymous_9)
FN:239,(anonymous_10)
FN:260,(anonymous_11)
FN:267,(anonymous_12)
FN:274,(anonymous_13)
FN:281,(anonymous_14)
FN:293,(anonymous_15)
FN:305,(anonymous_16)
FN:312,(anonymous_17)
FNF:18
FNH:0
FNDA:0,(anonymous_0)
FNDA:0,(anonymous_1)
FNDA:0,(anonymous_2)
FNDA:0,(anonymous_3)
FNDA:0,(anonymous_4)
FNDA:0,(anonymous_5)
FNDA:0,(anonymous_6)
FNDA:0,(anonymous_7)
FNDA:0,(anonymous_8)
FNDA:0,(anonymous_9)
FNDA:0,(anonymous_10)
FNDA:0,(anonymous_11)
FNDA:0,(anonymous_12)
FNDA:0,(anonymous_13)
FNDA:0,(anonymous_14)
FNDA:0,(anonymous_15)
FNDA:0,(anonymous_16)
FNDA:0,(anonymous_17)
DA:1,0
DA:48,0
DA:49,0
DA:50,0
DA:51,0
DA:53,0
DA:54,0
DA:55,0
DA:58,0
DA:59,0
DA:66,0
DA:76,0
DA:88,0
DA:100,0
DA:110,0
DA:113,0
DA:116,0
DA:118,0
DA:126,0
DA:136,0
DA:137,0
DA:141,0
DA:142,0
DA:143,0
DA:147,0
DA:150,0
DA:153,0
DA:154,0
DA:157,0
DA:164,0
DA:176,0
DA:177,0
DA:178,0
DA:179,0
DA:180,0
DA:185,0
DA:192,0
DA:193,0
DA:195,0
DA:204,0
DA:211,0
DA:213,0
DA:215,0
DA:218,0
DA:220,0
DA:229,0
DA:236,0
DA:237,0
DA:238,0
DA:239,0
DA:241,0
DA:261,0
DA:268,0
DA:275,0
DA:282,0
DA:284,0
DA:285,0
DA:286,0
DA:294,0
DA:296,0
DA:297,0
DA:298,0
DA:306,0
DA:313,0
LF:64
LH:0
BRDA:85,0,0,0
BRDA:86,1,0,0
BRDA:136,2,0,0
BRDA:142,3,0,0
BRDA:153,4,0,0
BRDA:177,5,0,0
BRDA:179,6,0,0
BRDA:211,7,0,0
BRDA:211,7,1,0
BRDA:211,7,2,0
BRDA:211,7,3,0
BRDA:211,7,4,0
BRDA:239,8,0,0
BRDA:239,8,1,0
BRDA:285,9,0,0
BRDA:297,10,0,0
BRF:16
BRH:0
end_of_record
TN:
SF:src/field/ResonanceConsensus.ts
FN:49,(anonymous_0)
FN:57,(anonymous_1)
FN:81,(anonymous_2)
FN:114,(anonymous_3)
FN:135,(anonymous_4)
FN:155,(anonymous_5)
FN:157,(anonymous_6)
FN:179,(anonymous_7)
FN:222,(anonymous_8)
FN:235,(anonymous_9)
FN:237,(anonymous_10)
FN:253,(anonymous_11)
FN:255,(anonymous_12)
FN:276,(anonymous_13)
FN:300,(anonymous_14)
FN:339,(anonymous_15)
FN:351,(anonymous_16)
FN:366,(anonymous_17)
FN:378,(anonymous_18)
FN:401,(anonymous_19)
FNF:20
FNH:0
FNDA:0,(anonymous_0)
FNDA:0,(anonymous_1)
FNDA:0,(anonymous_2)
FNDA:0,(anonymous_3)
FNDA:0,(anonymous_4)
FNDA:0,(anonymous_5)
FNDA:0,(anonymous_6)
FNDA:0,(anonymous_7)
FNDA:0,(anonymous_8)
FNDA:0,(anonymous_9)
FNDA:0,(anonymous_10)
FNDA:0,(anonymous_11)
FNDA:0,(anonymous_12)
FNDA:0,(anonymous_13)
FNDA:0,(anonymous_14)
FNDA:0,(anonymous_15)
FNDA:0,(anonymous_16)
FNDA:0,(anonymous_17)
FNDA:0,(anonymous_18)
FNDA:0,(anonymous_19)
DA:1,0
DA:40,0
DA:43,0
DA:44,0
DA:45,0
DA:46,0
DA:47,0
DA:50,0
DA:51,0
DA:58,0
DA:66,0
DA:74,0
DA:75,0
DA:82,0
DA:91,0
DA:98,0
DA:100,0
DA:108,0
DA:115,0
DA:121,0
DA:129,0
DA:136,0
DA:141,0
DA:149,0
DA:156,0
DA:157,0
DA:165,0
DA:173,0
DA:184,0
DA:191,0
DA:192,0
DA:196,0
DA:198,0
DA:200,0
DA:203,0
DA:206,0
DA:209,0
DA:212,0
DA:215,0
DA:223,0
DA:225,0
DA:226,0
DA:235,0
DA:236,0
DA:237,0
DA:239,0
DA:241,0
DA:254,0
DA:255,0
DA:256,0
DA:258,0
DA:277,0
DA:280,0
DA:281,0
DA:282,0
DA:286,0
DA:288,0
DA:301,0
DA:304,0
DA:311,0
DA:312,0
DA:316,0
DA:317,0
DA:319,0
DA:322,0
DA:323,0
DA:324,0
DA:333,0
DA:340,0
DA:343,0
DA:345,0
DA:352,0
DA:354,0
DA:367,0
DA:370,0
DA:372,0
DA:380,0
DA:383,0
DA:384,0
DA:387,0
DA:388,0
DA:389,0
DA:392,0
DA:393,0
DA:395,0
DA:403,0
LF:86
LH:0
BRDA:84,0,0,0
BRDA:84,0,1,0
BRDA:191,1,0,0
BRDA:198,2,0,0
BRDA:198,2,1,0
BRDA:198,2,2,0
BRDA:198,2,3,0
BRDA:198,2,4,0
BRDA:198,2,5,0
BRDA:223,3,0,0
BRDA:223,3,1,0
BRDA:225,4,0,0
BRDA:281,5,0,0
BRDA:311,6,0,0
BRDA:316,7,0,0
BRDA:323,8,0,0
BRDA:392,9,0,0
BRDA:392,9,1,0
BRF:18
BRH:0
end_of_record
TN:
SF:src/integrity/FieldIntegrity.ts
FN:36,(anonymous_0)
FN:52,(anonymous_1)
FN:67,(anonymous_2)
FN:74,(anonymous_3)
FN:83,(anonymous_4)
FN:99,(anonymous_5)
FN:106,(anonymous_6)
FN:113,(anonymous_7)
FN:121,(anonymous_8)
FN:146,(anonymous_9)
FN:186,(anonymous_10)
FN:203,(anonymous_11)
FN:221,(anonymous_12)
FN:228,(anonymous_13)
FN:237,(anonymous_14)
FN:244,(anonymous_15)
FN:253,(anonymous_16)
FNF:17
FNH:0
FNDA:0,(anonymous_0)
FNDA:0,(anonymous_1)
FNDA:0,(anonymous_2)
FNDA:0,(anonymous_3)
FNDA:0,(anonymous_4)
FNDA:0,(anonymous_5)
FNDA:0,(anonymous_6)
FNDA:0,(anonymous_7)
FNDA:0,(anonymous_8)
FNDA:0,(anonymous_9)
FNDA:0,(anonymous_10)
FNDA:0,(anonymous_11)
FNDA:0,(anonymous_12)
FNDA:0,(anonymous_13)
FNDA:0,(anonymous_14)
FNDA:0,(anonymous_15)
FNDA:0,(anonymous_16)
DA:1,0
DA:29,0
DA:30,0
DA:31,0
DA:39,0
DA:40,0
DA:42,0
DA:53,0
DA:54,0
DA:56,0
DA:68,0
DA:75,0
DA:76,0
DA:77,0
DA:84,0
DA:85,0
DA:87,0
DA:88,0
DA:89,0
DA:90,0
DA:93,0
DA:100,0
DA:107,0
DA:114,0
DA:115,0
DA:126,0
DA:127,0
DA:128,0
DA:130,0
DA:131,0
DA:132,0
DA:133,0
DA:136,0
DA:150,0
DA:151,0
DA:154,0
DA:155,0
DA:158,0
DA:159,0
DA:161,0
DA:162,0
DA:164,0
DA:165,0
DA:166,0
DA:167,0
DA:168,0
DA:169,0
DA:173,0
DA:174,0
DA:177,0
DA:191,0
DA:197,0
DA:204,0
DA:222,0
DA:231,0
DA:238,0
DA:247,0
DA:254,0
DA:255,0
DA:256,0
LF:60
LH:0
BRDA:99,0,0,0
BRDA:121,1,0,0
BRDA:150,2,0,0
BRDA:154,3,0,0
BRDA:155,4,0,0
BRDA:155,4,1,0
BRDA:166,5,0,0
BRDA:166,5,1,0
BRDA:167,6,0,0
BRDA:167,7,0,0
BRDA:167,7,1,0
BRDA:178,8,0,0
BRDA:178,8,1,0
BRF:13
BRH:0
end_of_record
TN:
SF:src/knowledge/KnowledgeSystem.ts
FN:354,(anonymous_0)
FN:363,(anonymous_1)
FN:371,(anonymous_2)
FN:379,(anonymous_3)
FN:385,(anonymous_4)
FN:393,(anonymous_5)
FN:394,(anonymous_6)
FN:395,(anonymous_7)
FN:402,(anonymous_8)
FN:409,(anonymous_9)
FN:411,(anonymous_10)
FN:417,(anonymous_11)
FN:424,(anonymous_12)
FN:434,(anonymous_13)
FN:436,(anonymous_14)
FN:443,(anonymous_15)
FN:449,(anonymous_16)
FN:451,(anonymous_17)
FN:452,(anonymous_18)
FN:452,(anonymous_19)
FN:476,(anonymous_20)
FN:482,(anonymous_21)
FN:483,(anonymous_22)
FN:491,(anonymous_23)
FN:507,(anonymous_24)
FN:508,(anonymous_25)
FN:525,(anonymous_26)
FN:529,(anonymous_27)
FN:530,(anonymous_28)
FNF:29
FNH:0
FNDA:0,(anonymous_0)
FNDA:0,(anonymous_1)
FNDA:0,(anonymous_2)
FNDA:0,(anonymous_3)
FNDA:0,(anonymous_4)
FNDA:0,(anonymous_5)
FNDA:0,(anonymous_6)
FNDA:0,(anonymous_7)
FNDA:0,(anonymous_8)
FNDA:0,(anonymous_9)
FNDA:0,(anonymous_10)
FNDA:0,(anonymous_11)
FNDA:0,(anonymous_12)
FNDA:0,(anonymous_13)
FNDA:0,(anonymous_14)
FNDA:0,(anonymous_15)
FNDA:0,(anonymous_16)
FNDA:0,(anonymous_17)
FNDA:0,(anonymous_18)
FNDA:0,(anonymous_19)
FNDA:0,(anonymous_20)
FNDA:0,(anonymous_21)
FNDA:0,(anonymous_22)
FNDA:0,(anonymous_23)
FNDA:0,(anonymous_24)
FNDA:0,(anonymous_25)
FNDA:0,(anonymous_26)
FNDA:0,(anonymous_27)
FNDA:0,(anonymous_28)
DA:58,0
DA:60,0
DA:63,0
DA:271,0
DA:356,0
DA:357,0
DA:364,0
DA:365,0
DA:366,0
DA:367,0
DA:371,0
DA:373,0
DA:374,0
DA:377,0
DA:378,0
DA:379,0
DA:380,0
DA:385,0
DA:386,0
DA:387,0
DA:388,0
DA:391,0
DA:393,0
DA:394,0
DA:395,0
DA:403,0
DA:410,0
DA:411,0
DA:418,0
DA:419,0
DA:421,0
DA:422,0
DA:423,0
DA:424,0
DA:425,0
DA:428,0
DA:435,0
DA:436,0
DA:437,0
DA:444,0
DA:445,0
DA:447,0
DA:449,0
DA:451,0
DA:452,0
DA:477,0
DA:479,0
DA:480,0
DA:481,0
DA:482,0
DA:483,0
DA:485,0
DA:492,0
DA:500,0
DA:501,0
DA:508,0
DA:509,0
DA:511,0
DA:518,0
DA:519,0
DA:526,0
DA:530,0
LF:62
LH:0
BRDA:367,0,0,0
BRDA:368,1,0,0
BRDA:368,1,1,0
BRDA:368,1,2,0
BRDA:368,1,3,0
BRDA:368,1,4,0
BRDA:378,2,0,0
BRDA:378,2,1,0
BRDA:379,3,0,0
BRDA:379,4,0,0
BRDA:379,4,1,0
BRDA:395,5,0,0
BRDA:395,5,1,0
BRDA:403,6,0,0
BRDA:403,6,1,0
BRDA:419,7,0,0
BRDA:424,8,0,0
BRDA:424,8,1,0
BRDA:479,9,0,0
BRDA:480,10,0,0
BRDA:481,11,0,0
BRDA:482,12,0,0
BRDA:483,13,0,0
BRDA:491,14,0,0
BRDA:491,15,0,0
BRDA:507,16,0,0
BRDA:509,17,0,0
BRDA:515,18,0,0
BRDA:515,18,1,0
BRF:29
BRH:0
end_of_record
TN:
SF:src/math/AdvancedVBM.ts
FN:305,(anonymous_0)
FN:312,(anonymous_1)
FN:319,(anonymous_2)
FN:329,(anonymous_3)
FN:337,(anonymous_4)
FN:346,(anonymous_5)
FN:390,(anonymous_6)
FN:404,(anonymous_7)
FN:433,(anonymous_8)
FN:450,(anonymous_9)
FN:478,(anonymous_10)
FN:485,(anonymous_11)
FN:492,(anonymous_12)
FN:503,(anonymous_13)
FN:514,(anonymous_14)
FN:525,(anonymous_15)
FN:536,(anonymous_16)
FN:551,(anonymous_17)
FN:553,(anonymous_18)
FN:560,(anonymous_19)
FN:561,(anonymous_20)
FN:562,(anonymous_21)
FN:563,(anonymous_22)
FN:573,(anonymous_23)
FN:580,(anonymous_24)
FN:587,(anonymous_25)
FN:588,(anonymous_26)
FN:594,(anonymous_27)
FN:595,(anonymous_28)
FN:601,(anonymous_29)
FN:608,(anonymous_30)
FN:615,(anonymous_31)
FN:622,(anonymous_32)
FN:629,(anonymous_33)
FNF:34
FNH:19
FNDA:0,(anonymous_0)
FNDA:0,(anonymous_1)
FNDA:1,(anonymous_2)
FNDA:1,(anonymous_3)
FNDA:1,(anonymous_4)
FNDA:0,(anonymous_5)
FNDA:1,(anonymous_6)
FNDA:3,(anonymous_7)
FNDA:47,(anonymous_8)
FNDA:97,(anonymous_9)
FNDA:3,(anonymous_10)
FNDA:1,(anonymous_11)
FNDA:0,(anonymous_12)
FNDA:0,(anonymous_13)
FNDA:0,(anonymous_14)
FNDA:0,(anonymous_15)
FNDA:0,(anonymous_16)
FNDA:0,(anonymous_17)
FNDA:0,(anonymous_18)
FNDA:0,(anonymous_19)
FNDA:0,(anonymous_20)
FNDA:0,(anonymous_21)
FNDA:0,(anonymous_22)
FNDA:2,(anonymous_23)
FNDA:1,(anonymous_24)
FNDA:1,(anonymous_25)
FNDA:3,(anonymous_26)
FNDA:1,(anonymous_27)
FNDA:3,(anonymous_28)
FNDA:1,(anonymous_29)
FNDA:1,(anonymous_30)
FNDA:0,(anonymous_31)
FNDA:2,(anonymous_32)
FNDA:7,(anonymous_33)
DA:12,1
DA:53,1
DA:55,1
DA:56,1
DA:57,1
DA:58,1
DA:59,1
DA:60,1
DA:61,1
DA:62,1
DA:65,1
DA:263,1
DA:306,0
DA:313,0
DA:320,1
DA:321,0
DA:323,1
DA:330,1
DA:331,1
DA:339,1
DA:340,1
DA:347,0
DA:349,0
DA:358,0
DA:367,0
DA:376,0
DA:391,1
DA:392,1
DA:393,1
DA:395,1
DA:396,0
DA:398,1
DA:405,3
DA:406,3
DA:407,3
DA:409,3
DA:410,48
DA:412,48
DA:413,48
DA:414,48
DA:415,48
DA:418,48
DA:419,48
DA:420,144
DA:421,50
DA:422,50
DA:427,48
DA:428,20
DA:433,3
DA:434,47
DA:435,47
DA:436,47
DA:439,3
DA:451,97
DA:453,97
DA:454,97
DA:455,97
DA:456,97
DA:459,97
DA:460,97
DA:464,97
DA:465,97
DA:466,291
DA:467,277
DA:472,97
DA:479,3
DA:486,1
DA:493,0
DA:494,0
DA:495,0
DA:497,0
DA:504,0
DA:505,0
DA:506,0
DA:508,0
DA:515,0
DA:516,0
DA:517,0
DA:519,0
DA:526,0
DA:527,0
DA:528,0
DA:530,0
DA:537,0
DA:539,0
DA:540,0
DA:541,0
DA:545,0
DA:552,0
DA:553,0
DA:555,0
DA:560,0
DA:561,0
DA:562,0
DA:563,0
DA:574,2
DA:581,1
DA:588,3
DA:595,3
DA:602,1
DA:609,1
DA:616,0
DA:623,2
DA:630,7
DA:631,7
LF:105
LH:67
BRDA:306,0,0,0
BRDA:306,0,1,0
BRDA:320,1,0,0
BRDA:347,2,0,0
BRDA:347,2,1,0
BRDA:347,2,2,0
BRDA:347,2,3,0
BRDA:391,3,0,0
BRDA:392,4,0,0
BRDA:393,5,0,0
BRDA:396,6,0,0
BRDA:412,7,0,18
BRDA:413,8,0,20
BRDA:414,9,0,18
BRDA:415,10,0,18
BRDA:418,11,0,48
BRDA:420,12,0,50
BRDA:427,13,0,20
BRDA:441,14,0,3
BRDA:441,14,1,0
BRDA:453,15,0,95
BRDA:454,16,0,97
BRDA:455,17,0,93
BRDA:456,18,0,95
BRDA:459,19,0,97
BRDA:464,20,0,97
BRDA:466,21,0,277
BRDA:479,22,0,3
BRDA:479,22,1,2
BRDA:540,23,0,0
BRDA:540,24,0,0
BRDA:540,24,1,0
BRDA:560,25,0,0
BRDA:560,25,1,0
BRDA:561,26,0,0
BRDA:561,26,1,0
BRDA:562,27,0,0
BRDA:562,27,1,0
BRDA:563,28,0,0
BRDA:563,28,1,0
BRDA:631,29,0,1
BRDA:631,29,1,6
BRF:42
BRH:19
end_of_record
TN:
SF:src/math/FractalColorSystem.ts
FN:41,(anonymous_0)
FN:48,(anonymous_1)
FN:69,(anonymous_2)
FN:95,(anonymous_3)
FN:119,(anonymous_4)
FN:147,(anonymous_5)
FN:197,(anonymous_6)
FN:219,(anonymous_7)
FN:226,(anonymous_8)
FN:233,(anonymous_9)
FN:234,(anonymous_10)
FN:243,(anonymous_11)
FN:265,(anonymous_12)
FNF:13
FNH:9
FNDA:71,(anonymous_0)
FNDA:5,(anonymous_1)
FNDA:0,(anonymous_2)
FNDA:2,(anonymous_3)
FNDA:5,(anonymous_4)
FNDA:10,(anonymous_5)
FNDA:0,(anonymous_6)
FNDA:0,(anonymous_7)
FNDA:0,(anonymous_8)
FNDA:5,(anonymous_9)
FNDA:15,(anonymous_10)
FNDA:20,(anonymous_11)
FNDA:5,(anonymous_12)
DA:15,1
DA:16,1
DA:36,1
DA:37,71
DA:38,71
DA:42,71
DA:49,5
DA:50,5
DA:51,5
DA:53,5
DA:66,5
DA:69,5
DA:70,0
DA:71,0
DA:76,5
DA:79,5
DA:82,5
DA:89,5
DA:96,2
DA:98,2
DA:99,5
DA:100,5
DA:101,5
DA:102,5
DA:106,2
DA:113,2
DA:120,5
DA:121,5
DA:123,5
DA:125,5
DA:126,15
DA:128,10
DA:129,10
DA:130,10
DA:134,5
DA:137,5
DA:148,10
DA:149,10
DA:151,10
DA:152,10
DA:155,10
DA:156,0
DA:164,10
DA:165,4
DA:173,6
DA:174,0
DA:182,6
DA:183,6
DA:184,6
DA:191,0
DA:198,0
DA:199,0
DA:202,0
DA:203,0
DA:204,0
DA:207,0
DA:220,0
DA:227,0
DA:234,5
DA:235,15
DA:236,15
DA:244,20
DA:245,20
DA:246,20
DA:248,20
DA:250,20
DA:251,20
DA:252,0
DA:253,20
DA:254,0
DA:256,20
DA:259,20
DA:266,5
LF:73
LH:58
BRDA:48,0,0,0
BRDA:70,1,0,0
BRDA:95,2,0,0
BRDA:121,3,0,0
BRDA:126,4,0,5
BRDA:129,5,0,10
BRDA:155,6,0,0
BRDA:155,7,0,10
BRDA:155,7,1,0
BRDA:164,8,0,4
BRDA:173,9,0,0
BRDA:173,10,0,6
BRDA:173,10,1,0
BRDA:183,11,0,6
BRDA:199,12,0,0
BRDA:202,13,0,0
BRDA:227,14,0,0
BRDA:227,14,1,0
BRDA:236,15,0,5
BRDA:236,15,1,10
BRDA:248,16,0,0
BRDA:251,17,0,0
BRDA:251,17,1,20
BRDA:253,18,0,0
BRDA:253,18,1,20
BRF:25
BRH:10
end_of_record
TN:
SF:src/math/FractalMath.ts
FN:25,(anonymous_0)
FN:34,(anonymous_1)
FN:44,(anonymous_2)
FN:59,(anonymous_3)
FN:66,(anonymous_4)
FN:84,(anonymous_5)
FN:97,(anonymous_6)
FN:108,(anonymous_7)
FN:119,(anonymous_8)
FN:138,(anonymous_9)
FN:153,(anonymous_10)
FN:160,(anonymous_11)
FN:171,(anonymous_12)
FNF:13
FNH:6
FNDA:0,(anonymous_0)
FNDA:0,(anonymous_1)
FNDA:5,(anonymous_2)
FNDA:0,(anonymous_3)
FNDA:3,(anonymous_4)
FNDA:2,(anonymous_5)
FNDA:15,(anonymous_6)
FNDA:0,(anonymous_7)
FNDA:0,(anonymous_8)
FNDA:3,(anonymous_9)
FNDA:0,(anonymous_10)
FNDA:0,(anonymous_11)
FNDA:5,(anonymous_12)
DA:16,1
DA:22,1
DA:26,0
DA:27,0
DA:35,0
DA:36,0
DA:38,0
DA:45,5
DA:47,5
DA:48,13
DA:49,13
DA:50,13
DA:53,5
DA:60,0
DA:67,3
DA:69,3
DA:70,15
DA:71,15
DA:72,15
DA:74,15
DA:75,15
DA:78,3
DA:85,2
DA:86,2
DA:87,2
DA:89,2
DA:91,2
DA:98,15
DA:99,15
DA:100,15
DA:102,15
DA:109,0
DA:110,0
DA:111,0
DA:113,0
DA:120,0
DA:121,0
DA:123,0
DA:124,0
DA:125,0
DA:128,0
DA:129,0
DA:132,0
DA:139,3
DA:141,1
DA:142,1
DA:143,4
DA:144,4
DA:147,1
DA:154,0
DA:161,0
DA:172,5
DA:198,1
DA:199,1
DA:200,1
DA:201,1
LF:56
LH:36
BRDA:26,0,0,0
BRDA:35,1,0,0
BRDA:44,2,0,0
BRDA:66,3,0,0
BRDA:119,4,0,0
BRDA:139,5,0,2
BRDA:143,6,0,4
BRDA:143,6,1,0
BRDA:143,7,0,4
BRDA:143,7,1,0
BRF:10
BRH:3
end_of_record
TN:
SF:src/math/MathUtils.ts
FN:61,(anonymous_0)
FN:70,(anonymous_1)
FN:81,(anonymous_2)
FN:89,(anonymous_3)
FN:108,(anonymous_4)
FN:153,(anonymous_5)
FN:162,(anonymous_6)
FN:170,(anonymous_7)
FN:181,(anonymous_8)
FN:189,(anonymous_9)
FN:197,(anonymous_10)
FN:205,(anonymous_11)
FN:213,(anonymous_12)
FN:225,(anonymous_13)
FN:237,(anonymous_14)
FN:252,(anonymous_15)
FN:259,(anonymous_16)
FN:266,(anonymous_17)
FN:274,(anonymous_18)
FN:281,(anonymous_19)
FN:292,(anonymous_20)
FNF:21
FNH:14
FNDA:1,(anonymous_0)
FNDA:11487,(anonymous_1)
FNDA:11092,(anonymous_2)
FNDA:11092,(anonymous_3)
FNDA:11092,(anonymous_4)
FNDA:37,(anonymous_5)
FNDA:5,(anonymous_6)
FNDA:316,(anonymous_7)
FNDA:79,(anonymous_8)
FNDA:79,(anonymous_9)
FNDA:79,(anonymous_10)
FNDA:79,(anonymous_11)
FNDA:79,(anonymous_12)
FNDA:0,(anonymous_13)
FNDA:2,(anonymous_14)
FNDA:0,(anonymous_15)
FNDA:0,(anonymous_16)
FNDA:0,(anonymous_17)
FNDA:0,(anonymous_18)
FNDA:0,(anonymous_19)
FNDA:0,(anonymous_20)
DA:15,1
DA:51,1
DA:55,1
DA:56,1
DA:57,1
DA:58,1
DA:59,1
DA:62,1
DA:63,1
DA:71,11487
DA:72,1
DA:74,11487
DA:82,11092
DA:83,11092
DA:91,11092
DA:94,11092
DA:97,11092
DA:100,11092
DA:102,11092
DA:109,11092
DA:111,11092
DA:113,1497
DA:114,4484
DA:115,822
DA:116,11
DA:117,0
DA:118,2
DA:121,1474
DA:122,2180
DA:123,0
DA:124,0
DA:127,0
DA:128,4
DA:129,0
DA:132,37
DA:133,5
DA:134,59
DA:137,34
DA:138,237
DA:139,237
DA:140,9
DA:141,0
DA:142,0
DA:143,0
DA:144,0
DA:146,0
DA:154,37
DA:155,37
DA:156,37
DA:163,5
DA:164,5
DA:171,316
DA:182,79
DA:183,79
DA:190,79
DA:191,79
DA:198,79
DA:199,79
DA:206,79
DA:207,79
DA:214,79
DA:215,79
DA:226,0
DA:238,2
DA:253,0
DA:260,0
DA:267,0
DA:268,0
DA:275,0
DA:282,0
DA:293,0
DA:294,0
DA:320,1
DA:321,1
DA:322,1
DA:323,1
DA:324,1
DA:325,1
LF:78
LH:59
BRDA:62,0,0,1
BRDA:71,1,0,1
BRDA:91,2,0,11092
BRDA:91,2,1,541
BRDA:97,3,0,11092
BRDA:97,3,1,541
BRDA:109,4,0,0
BRDA:109,5,0,3790
BRDA:109,6,0,11086
BRDA:111,7,0,1497
BRDA:111,7,1,4484
BRDA:111,7,2,822
BRDA:111,7,3,11
BRDA:111,7,4,0
BRDA:111,7,5,2
BRDA:111,7,6,1474
BRDA:111,7,7,2180
BRDA:111,7,8,0
BRDA:111,7,9,0
BRDA:111,7,10,0
BRDA:111,7,11,4
BRDA:111,7,12,0
BRDA:111,7,13,37
BRDA:111,7,14,5
BRDA:111,7,15,59
BRDA:111,7,16,34
BRDA:111,7,17,237
BRDA:111,7,18,237
BRDA:111,7,19,9
BRDA:111,7,20,0
BRDA:111,7,21,0
BRDA:111,7,22,0
BRDA:111,7,23,0
BRDA:111,7,24,0
BRDA:115,8,0,820
BRDA:115,8,1,2
BRDA:155,9,0,37
BRDA:155,9,1,0
BRDA:268,10,0,0
BRDA:268,10,1,0
BRDA:274,11,0,0
BRF:41
BRH:26
end_of_record
TN:
SF:src/math/RodinCoil.ts
FN:41,(anonymous_0)
FN:63,(anonymous_1)
FN:73,(anonymous_2)
FN:83,(anonymous_3)
FN:93,(anonymous_4)
FN:125,(anonymous_5)
FN:188,(anonymous_6)
FN:189,(anonymous_7)
FN:195,(anonymous_8)
FN:199,(anonymous_9)
FN:205,(anonymous_10)
FN:211,(anonymous_11)
FN:217,(anonymous_12)
FN:218,(anonymous_13)
FN:225,(anonymous_14)
FN:227,(anonymous_15)
FN:240,(anonymous_16)
FN:254,(anonymous_17)
FN:285,(anonymous_18)
FN:292,(anonymous_19)
FNF:20
FNH:12
FNDA:74,(anonymous_0)
FNDA:79,(anonymous_1)
FNDA:79,(anonymous_2)
FNDA:161,(anonymous_3)
FNDA:74,(anonymous_4)
FNDA:16728,(anonymous_5)
FNDA:3,(anonymous_6)
FNDA:120,(anonymous_7)
FNDA:3,(anonymous_8)
FNDA:120,(anonymous_9)
FNDA:0,(anonymous_10)
FNDA:0,(anonymous_11)
FNDA:0,(anonymous_12)
FNDA:0,(anonymous_13)
FNDA:0,(anonymous_14)
FNDA:0,(anonymous_15)
FNDA:1,(anonymous_16)
FNDA:0,(anonymous_17)
FNDA:0,(anonymous_18)
FNDA:5,(anonymous_19)
DA:16,1
DA:17,1
DA:36,1
DA:42,74
DA:51,74
DA:57,74
DA:64,79
DA:65,79
DA:66,79
DA:67,79
DA:74,79
DA:75,79
DA:76,79
DA:77,79
DA:84,161
DA:85,11496
DA:86,11496
DA:94,74
DA:95,74
DA:96,74
DA:97,74
DA:98,74
DA:100,74
DA:101,5232
DA:102,5232
DA:103,5232
DA:104,5232
DA:105,5232
DA:108,5232
DA:109,5232
DA:111,5232
DA:119,74
DA:126,16728
DA:127,16728
DA:130,16728
DA:132,16728
DA:180,16728
DA:181,16728
DA:182,16728
DA:189,120
DA:197,3
DA:198,3
DA:199,120
DA:207,0
DA:208,0
DA:209,0
DA:211,0
DA:218,0
DA:227,0
DA:228,0
DA:229,0
DA:230,0
DA:231,0
DA:232,0
DA:233,0
DA:242,1
DA:243,1
DA:244,72
DA:245,72
DA:246,72
DA:248,1
DA:256,0
DA:258,0
DA:266,0
DA:268,0
DA:269,0
DA:270,0
DA:271,0
DA:279,0
DA:286,0
DA:293,5
DA:294,5
DA:295,5
LF:73
LH:52
BRDA:41,0,0,0
BRDA:43,1,0,74
BRDA:43,1,1,71
BRDA:44,2,0,74
BRDA:44,2,1,74
BRDA:45,3,0,74
BRDA:45,3,1,74
BRDA:46,4,0,74
BRDA:46,4,1,74
BRDA:47,5,0,74
BRDA:47,5,1,0
BRDA:48,6,0,74
BRDA:48,6,1,0
BRDA:52,7,0,74
BRDA:52,7,1,0
BRDA:53,8,0,74
BRDA:53,8,1,0
BRDA:101,9,0,5232
BRDA:101,9,1,0
BRDA:102,10,0,5232
BRDA:102,10,1,0
BRDA:126,11,0,16728
BRDA:126,11,1,0
BRDA:127,12,0,16728
BRDA:127,12,1,0
BRDA:180,13,0,16728
BRDA:180,13,1,0
BRDA:182,14,0,16728
BRDA:182,14,1,0
BRDA:182,14,2,0
BRDA:225,15,0,0
BRDA:225,16,0,0
BRDA:256,17,0,0
BRDA:270,18,0,0
BRDA:293,19,0,5
BRDA:293,19,1,0
BRDA:294,20,0,5
BRDA:294,20,1,0
BRF:38
BRH:20
end_of_record
TN:
SF:src/math/ToroidalGeometry.ts
FN:42,(anonymous_0)
FN:51,(anonymous_1)
FN:61,(anonymous_2)
FN:73,(anonymous_3)
FN:85,(anonymous_4)
FN:101,(anonymous_5)
FN:118,(anonymous_6)
FN:139,(anonymous_7)
FN:160,(anonymous_8)
FN:170,(anonymous_9)
FN:177,(anonymous_10)
FN:184,(anonymous_11)
FN:191,(anonymous_12)
FN:198,(anonymous_13)
FN:205,(anonymous_14)
FN:212,(anonymous_15)
FN:219,(anonymous_16)
FN:232,(anonymous_17)
FN:261,(anonymous_18)
FN:265,(anonymous_19)
FN:276,(anonymous_20)
FNF:21
FNH:7
FNDA:1,(anonymous_0)
FNDA:71,(anonymous_1)
FNDA:3,(anonymous_2)
FNDA:0,(anonymous_3)
FNDA:0,(anonymous_4)
FNDA:715,(anonymous_5)
FNDA:0,(anonymous_6)
FNDA:3,(anonymous_7)
FNDA:0,(anonymous_8)
FNDA:79,(anonymous_9)
FNDA:0,(anonymous_10)
FNDA:0,(anonymous_11)
FNDA:0,(anonymous_12)
FNDA:0,(anonymous_13)
FNDA:0,(anonymous_14)
FNDA:0,(anonymous_15)
FNDA:0,(anonymous_16)
FNDA:0,(anonymous_17)
FNDA:0,(anonymous_18)
FNDA:0,(anonymous_19)
FNDA:5,(anonymous_20)
DA:14,1
DA:33,1
DA:37,1
DA:38,1
DA:39,1
DA:40,1
DA:43,1
DA:44,1
DA:52,71
DA:53,1
DA:55,71
DA:62,3
DA:67,3
DA:74,0
DA:79,0
DA:86,0
DA:87,0
DA:89,0
DA:91,0
DA:93,0
DA:95,0
DA:102,715
DA:104,715
DA:107,715
DA:110,715
DA:112,715
DA:120,0
DA:123,0
DA:126,0
DA:128,0
DA:133,0
DA:140,3
DA:142,3
DA:143,51
DA:145,51
DA:146,715
DA:147,715
DA:149,715
DA:150,715
DA:154,3
DA:161,0
DA:162,0
DA:164,0
DA:171,79
DA:178,0
DA:185,0
DA:192,0
DA:199,0
DA:206,0
DA:213,0
DA:220,0
DA:221,0
DA:224,0
DA:226,0
DA:233,0
DA:235,0
DA:236,0
DA:237,0
DA:239,0
DA:240,0
DA:241,0
DA:242,0
DA:244,0
DA:245,0
DA:248,0
DA:251,0
DA:262,0
DA:266,0
DA:277,5
LF:69
LH:29
BRDA:43,0,0,1
BRDA:52,1,0,1
BRDA:139,2,0,0
BRDA:139,3,0,0
BRDA:219,4,0,0
BRDA:232,5,0,0
BRF:6
BRH:2
end_of_record
TN:
SF:src/math/VBM.ts
FN:78,(anonymous_9)
FN:120,(anonymous_10)
FN:130,(anonymous_11)
FN:162,(anonymous_12)
FN:181,(anonymous_13)
FN:200,(anonymous_14)
FN:204,(anonymous_15)
FN:222,(anonymous_16)
FN:245,(anonymous_17)
FN:249,(anonymous_18)
FN:260,(anonymous_19)
FN:273,(anonymous_20)
FN:295,(anonymous_21)
FN:315,(anonymous_22)
FN:317,(anonymous_23)
FN:320,(anonymous_24)
FN:338,(anonymous_25)
FN:341,(anonymous_26)
FN:350,(anonymous_27)
FN:350,(anonymous_28)
FN:368,(anonymous_29)
FN:375,(anonymous_30)
FN:382,(anonymous_31)
FN:389,(anonymous_32)
FN:400,(anonymous_33)
FN:416,(anonymous_34)
FN:432,(anonymous_35)
FN:439,(anonymous_36)
FN:450,(anonymous_37)
FN:469,(anonymous_38)
FN:488,(anonymous_39)
FN:511,(anonymous_40)
FN:518,(anonymous_41)
FN:525,(anonymous_42)
FN:532,(anonymous_43)
FN:539,(anonymous_44)
FN:546,(anonymous_45)
FN:553,(anonymous_46)
FN:564,(anonymous_47)
FN:608,(anonymous_48)
FN:615,(anonymous_49)
FN:622,(anonymous_50)
FN:629,(anonymous_51)
FN:630,(anonymous_52)
FN:631,(anonymous_53)
FN:632,(anonymous_54)
FN:633,(anonymous_55)
FN:634,(anonymous_56)
FN:635,(anonymous_57)
FNF:49
FNH:49
FNDA:71,(anonymous_9)
FNDA:83,(anonymous_10)
FNDA:79,(anonymous_11)
FNDA:5,(anonymous_12)
FNDA:4,(anonymous_13)
FNDA:5,(anonymous_14)
FNDA:13,(anonymous_15)
FNDA:5,(anonymous_16)
FNDA:3,(anonymous_17)
FNDA:20,(anonymous_18)
FNDA:3,(anonymous_19)
FNDA:1,(anonymous_20)
FNDA:3,(anonymous_21)
FNDA:3,(anonymous_22)
FNDA:715,(anonymous_23)
FNDA:715,(anonymous_24)
FNDA:3,(anonymous_25)
FNDA:15,(anonymous_26)
FNDA:15,(anonymous_27)
FNDA:15,(anonymous_28)
FNDA:2,(anonymous_29)
FNDA:3,(anonymous_30)
FNDA:3,(anonymous_31)
FNDA:3,(anonymous_32)
FNDA:5,(anonymous_33)
FNDA:3,(anonymous_34)
FNDA:2,(anonymous_35)
FNDA:1,(anonymous_36)
FNDA:1,(anonymous_37)
FNDA:1,(anonymous_38)
FNDA:1,(anonymous_39)
FNDA:2,(anonymous_40)
FNDA:1,(anonymous_41)
FNDA:1,(anonymous_42)
FNDA:1,(anonymous_43)
FNDA:2,(anonymous_44)
FNDA:1,(anonymous_45)
FNDA:1,(anonymous_46)
FNDA:5,(anonymous_47)
FNDA:11,(anonymous_48)
FNDA:1,(anonymous_49)
FNDA:140,(anonymous_50)
FNDA:1,(anonymous_51)
FNDA:1,(anonymous_52)
FNDA:1,(anonymous_53)
FNDA:1,(anonymous_54)
FNDA:1,(anonymous_55)
FNDA:1,(anonymous_56)
FNDA:1,(anonymous_57)
DA:22,1
DA:23,1
DA:24,1
DA:25,1
DA:26,1
DA:27,1
DA:29,1
DA:30,1
DA:31,1
DA:61,1
DA:79,71
DA:80,71
DA:83,71
DA:92,71
DA:99,71
DA:100,71
DA:101,71
DA:102,71
DA:106,71
DA:109,71
DA:112,71
DA:113,70
DA:121,83
DA:122,71
DA:124,83
DA:132,79
DA:133,79
DA:134,79
DA:135,79
DA:136,79
DA:139,79
DA:140,79
DA:143,79
DA:146,79
DA:147,79
DA:150,79
DA:151,79
DA:152,79
DA:163,5
DA:164,5
DA:165,5
DA:167,5
DA:182,4
DA:183,4
DA:184,4
DA:186,4
DA:201,5
DA:202,5
DA:204,5
DA:205,13
DA:207,13
DA:223,5
DA:224,5
DA:225,5
DA:227,5
DA:246,3
DA:249,20
DA:254,3
DA:261,3
DA:262,3
DA:264,1
DA:274,1
DA:277,1
DA:278,1
DA:279,16
DA:285,1
DA:296,3
DA:302,3
DA:316,3
DA:317,715
DA:320,3
DA:321,715
DA:322,715
DA:325,3
DA:339,3
DA:341,3
DA:342,15
DA:344,15
DA:345,15
DA:346,15
DA:347,15
DA:350,15
DA:351,3
DA:369,2
DA:376,3
DA:383,3
DA:390,3
DA:401,5
DA:402,5
DA:404,5
DA:405,5
DA:417,3
DA:418,3
DA:420,3
DA:421,3
DA:433,2
DA:440,1
DA:451,1
DA:452,1
DA:453,1
DA:455,1
DA:470,1
DA:471,1
DA:472,1
DA:474,1
DA:489,1
DA:490,1
DA:491,1
DA:493,1
DA:512,2
DA:519,1
DA:526,1
DA:533,1
DA:540,2
DA:547,1
DA:554,1
DA:565,5
DA:609,11
DA:616,1
DA:623,140
DA:628,1
DA:629,1
DA:630,1
DA:631,1
DA:632,1
DA:633,1
DA:634,1
DA:635,1
LF:128
LH:128
BRDA:78,0,0,1
BRDA:79,1,0,71
BRDA:84,2,0,71
BRDA:84,2,1,1
BRDA:85,3,0,71
BRDA:85,3,1,1
BRDA:86,4,0,71
BRDA:86,4,1,1
BRDA:87,5,0,71
BRDA:87,5,1,1
BRDA:88,6,0,71
BRDA:88,6,1,1
BRDA:89,7,0,71
BRDA:89,7,1,1
BRDA:112,8,0,70
BRDA:121,9,0,71
BRDA:200,10,0,4
BRDA:262,11,0,2
BRDA:295,12,0,1
BRDA:303,13,0,3
BRDA:303,13,1,0
BRDA:303,14,0,3
BRDA:303,14,1,0
BRDA:315,15,0,1
BRDA:315,16,0,1
BRDA:338,17,0,1
BRDA:368,18,0,1
BRDA:404,19,0,5
BRDA:404,20,0,5
BRDA:404,20,1,5
BRDA:420,21,0,3
BRDA:420,22,0,3
BRDA:420,22,1,3
BRF:33
BRH:31
end_of_record
TN:
SF:src/math/VBMColorSystem.ts
FN:26,generateBaseColors
FN:49,getColorForVortexNumber
FN:74,getColorForFamilyGroup
FN:90,getColorForPolarMate
FN:121,getColorForWAxis
FN:139,getColorForPattern
FN:155,clampRGB
FN:162,generateResonantColor
FN:180,getMetaphysicalContextForNumber
FN:206,getVBMColorMap
FN:217,getVBMColorLegend
FN:232,generateConsciousnessGradient
FN:245,generateFieldResonanceMap
FN:254,getWAxisColor
FNF:14
FNH:6
FNDA:17452,generateBaseColors
FNDA:17446,getColorForVortexNumber
FNDA:3,getColorForFamilyGroup
FNDA:0,getColorForPolarMate
FNDA:3,getColorForWAxis
FNDA:0,getColorForPattern
FNDA:52338,clampRGB
FNDA:17446,generateResonantColor
FNDA:0,getMetaphysicalContextForNumber
FNDA:0,getVBMColorMap
FNDA:0,getVBMColorLegend
FNDA:0,generateConsciousnessGradient
FNDA:0,generateFieldResonanceMap
FNDA:0,getWAxisColor
DA:26,1
DA:27,17452
DA:30,17452
DA:31,17452
DA:32,17452
DA:34,17452
DA:49,1
DA:50,17446
DA:51,17446
DA:54,17446
DA:55,17446
DA:57,17446
DA:58,2909
DA:59,2908
DA:60,2906
DA:61,2788
DA:62,2788
DA:63,2906
DA:64,120
DA:65,118
DA:66,1
DA:67,2
DA:74,1
DA:75,3
DA:76,3
DA:79,3
DA:81,3
DA:82,3
DA:83,3
DA:84,2
DA:90,1
DA:91,0
DA:92,0
DA:95,0
DA:97,0
DA:98,0
DA:103,0
DA:104,0
DA:109,0
DA:110,0
DA:115,0
DA:121,1
DA:122,3
DA:123,3
DA:126,3
DA:128,3
DA:129,0
DA:130,1
DA:131,0
DA:132,2
DA:139,1
DA:140,0
DA:141,0
DA:143,0
DA:145,0
DA:147,0
DA:148,0
DA:149,0
DA:150,0
DA:151,0
DA:156,52338
DA:164,17446
DA:165,17446
DA:166,17446
DA:167,17446
DA:168,17446
DA:169,17446
DA:171,17446
DA:172,17446
DA:173,17446
DA:174,17446
DA:180,1
DA:181,0
DA:184,0
DA:186,0
DA:198,0
DA:199,0
DA:200,0
DA:206,1
DA:207,0
DA:208,0
DA:209,0
DA:211,0
DA:217,1
DA:218,0
DA:219,0
DA:220,0
DA:226,0
DA:232,1
DA:233,0
DA:234,0
DA:235,0
DA:236,0
DA:237,0
DA:239,0
DA:245,1
DA:246,0
DA:247,0
DA:248,0
DA:249,0
DA:251,0
DA:254,1
DA:255,0
DA:256,0
DA:259,0
DA:261,0
DA:262,0
DA:263,0
DA:264,0
DA:265,0
LF:110
LH:56
BRDA:26,0,0,0
BRDA:27,1,0,0
BRDA:27,2,0,0
BRDA:27,3,0,0
BRDA:49,4,0,0
BRDA:50,5,0,0
BRDA:50,6,0,0
BRDA:50,7,0,0
BRDA:57,8,0,2909
BRDA:57,8,1,2908
BRDA:57,8,2,2906
BRDA:57,8,3,2788
BRDA:57,8,4,2788
BRDA:57,8,5,2906
BRDA:57,8,6,120
BRDA:57,8,7,118
BRDA:57,8,8,1
BRDA:57,8,9,2
BRDA:58,9,0,2909
BRDA:58,9,1,0
BRDA:59,10,0,2908
BRDA:59,10,1,0
BRDA:60,11,0,2906
BRDA:60,11,1,0
BRDA:61,12,0,2788
BRDA:61,12,1,0
BRDA:62,13,0,2788
BRDA:62,13,1,0
BRDA:63,14,0,2906
BRDA:63,14,1,0
BRDA:64,15,0,120
BRDA:64,15,1,0
BRDA:65,16,0,118
BRDA:65,16,1,0
BRDA:66,17,0,1
BRDA:66,17,1,0
BRDA:67,18,0,2
BRDA:67,18,1,0
BRDA:74,19,0,0
BRDA:75,20,0,0
BRDA:75,21,0,0
BRDA:81,22,0,0
BRDA:81,23,0,0
BRDA:81,23,1,0
BRDA:82,24,0,0
BRDA:82,25,0,0
BRDA:82,25,1,0
BRDA:83,26,0,1
BRDA:83,27,0,1
BRDA:83,27,1,0
BRDA:84,28,0,2
BRDA:84,28,1,0
BRDA:90,29,0,0
BRDA:91,30,0,0
BRDA:91,31,0,0
BRDA:97,32,0,0
BRDA:99,33,0,0
BRDA:99,33,1,0
BRDA:100,34,0,0
BRDA:100,34,1,0
BRDA:103,35,0,0
BRDA:105,36,0,0
BRDA:105,36,1,0
BRDA:106,37,0,0
BRDA:106,37,1,0
BRDA:109,38,0,0
BRDA:111,39,0,0
BRDA:111,39,1,0
BRDA:112,40,0,0
BRDA:112,40,1,0
BRDA:121,41,0,0
BRDA:122,42,0,0
BRDA:122,43,0,0
BRDA:128,44,0,0
BRDA:128,44,1,1
BRDA:128,44,2,0
BRDA:128,44,3,2
BRDA:129,45,0,0
BRDA:129,45,1,0
BRDA:130,46,0,1
BRDA:130,46,1,0
BRDA:131,47,0,0
BRDA:131,47,1,0
BRDA:132,48,0,2
BRDA:132,48,1,0
BRDA:139,49,0,0
BRDA:140,50,0,0
BRDA:140,51,0,0
BRDA:143,52,0,0
BRDA:147,53,0,0
BRDA:147,53,1,0
BRDA:147,53,2,0
BRDA:147,53,3,0
BRDA:148,54,0,0
BRDA:148,54,1,0
BRDA:149,55,0,0
BRDA:149,55,1,0
BRDA:150,56,0,0
BRDA:150,56,1,0
BRDA:151,57,0,0
BRDA:151,57,1,0
BRDA:165,58,0,0
BRDA:167,59,0,17446
BRDA:167,59,1,0
BRDA:168,60,0,17446
BRDA:168,60,1,0
BRDA:169,61,0,17446
BRDA:169,61,1,0
BRDA:180,62,0,0
BRDA:181,63,0,0
BRDA:181,64,0,0
BRDA:198,65,0,0
BRDA:198,65,1,0
BRDA:200,66,0,0
BRDA:200,66,1,0
BRDA:200,66,2,0
BRDA:206,67,0,0
BRDA:217,68,0,0
BRDA:232,69,0,0
BRDA:245,70,0,0
BRDA:254,71,0,0
BRDA:255,72,0,0
BRDA:255,73,0,0
BRDA:261,74,0,0
BRDA:261,74,1,0
BRDA:261,74,2,0
BRDA:261,74,3,0
BRDA:262,75,0,0
BRDA:262,75,1,0
BRDA:263,76,0,0
BRDA:263,76,1,0
BRDA:264,77,0,0
BRDA:264,77,1,0
BRDA:265,78,0,0
BRDA:265,78,1,0
BRF:135
BRH:30
end_of_record
TN:
SF:src/math/VortexMath.ts
FN:27,(anonymous_0)
FN:36,(anonymous_1)
FN:46,(anonymous_2)
FN:58,(anonymous_3)
FN:73,(anonymous_4)
FN:85,(anonymous_5)
FN:96,(anonymous_6)
FN:103,(anonymous_7)
FN:110,(anonymous_8)
FN:117,(anonymous_9)
FN:124,(anonymous_10)
FN:138,(anonymous_11)
FN:145,(anonymous_12)
FN:160,(anonymous_13)
FN:184,(anonymous_14)
FN:188,(anonymous_15)
FN:199,(anonymous_16)
FN:228,(anonymous_17)
FN:253,(anonymous_18)
FN:272,(anonymous_19)
FNF:20
FNH:9
FNDA:1,(anonymous_0)
FNDA:71,(anonymous_1)
FNDA:30,(anonymous_2)
FNDA:4,(anonymous_3)
FNDA:0,(anonymous_4)
FNDA:5,(anonymous_5)
FNDA:79,(anonymous_6)
FNDA:79,(anonymous_7)
FNDA:0,(anonymous_8)
FNDA:0,(anonymous_9)
FNDA:9,(anonymous_10)
FNDA:0,(anonymous_11)
FNDA:0,(anonymous_12)
FNDA:0,(anonymous_13)
FNDA:0,(anonymous_14)
FNDA:0,(anonymous_15)
FNDA:5,(anonymous_16)
FNDA:0,(anonymous_17)
FNDA:0,(anonymous_18)
FNDA:0,(anonymous_19)
DA:14,1
DA:20,1
DA:24,1
DA:25,1
DA:28,1
DA:29,1
DA:37,71
DA:38,1
DA:40,71
DA:47,30
DA:48,30
DA:50,30
DA:52,30
DA:59,4
DA:60,4
DA:62,4
DA:67,4
DA:74,0
DA:75,0
DA:77,0
DA:79,0
DA:86,5
DA:88,5
DA:90,5
DA:97,79
DA:104,79
DA:111,0
DA:118,0
DA:125,9
DA:126,9
DA:127,9
DA:128,9
DA:130,9
DA:139,0
DA:146,0
DA:148,0
DA:149,0
DA:150,0
DA:151,0
DA:154,0
DA:161,0
DA:163,0
DA:164,0
DA:165,0
DA:167,0
DA:168,0
DA:169,0
DA:171,0
DA:174,0
DA:185,0
DA:189,0
DA:200,5
DA:229,0
DA:239,0
DA:240,0
DA:242,0
DA:247,0
DA:254,0
DA:255,0
DA:257,0
DA:258,0
DA:259,0
DA:260,0
DA:261,0
DA:263,0
DA:264,0
DA:267,0
DA:272,1
LF:68
LH:29
BRDA:28,0,0,1
BRDA:37,1,0,1
BRDA:127,2,0,9
BRDA:127,2,1,1
BRDA:146,3,0,0
BRDA:150,4,0,0
BRDA:150,4,1,0
BRDA:160,5,0,0
BRDA:259,6,0,0
BRDA:259,6,1,0
BRF:10
BRH:4
end_of_record
TN:
SF:src/monitoring/HealthMonitor.ts
FN:76,(anonymous_0)
FN:100,(anonymous_1)
FN:106,(anonymous_2)
FN:121,(anonymous_3)
FN:137,(anonymous_4)
FN:145,(anonymous_5)
FN:164,(anonymous_6)
FN:174,(anonymous_7)
FN:182,(anonymous_8)
FN:190,(anonymous_9)
FN:191,(anonymous_10)
FN:237,(anonymous_11)
FN:238,(anonymous_12)
FN:239,(anonymous_13)
FN:253,(anonymous_14)
FN:277,(anonymous_15)
FN:291,(anonymous_16)
FN:304,(anonymous_17)
FN:323,(anonymous_18)
FN:325,(anonymous_19)
FN:343,(anonymous_20)
FN:345,(anonymous_21)
FN:360,(anonymous_22)
FN:373,(anonymous_23)
FNF:24
FNH:0
FNDA:0,(anonymous_0)
FNDA:0,(anonymous_1)
FNDA:0,(anonymous_2)
FNDA:0,(anonymous_3)
FNDA:0,(anonymous_4)
FNDA:0,(anonymous_5)
FNDA:0,(anonymous_6)
FNDA:0,(anonymous_7)
FNDA:0,(anonymous_8)
FNDA:0,(anonymous_9)
FNDA:0,(anonymous_10)
FNDA:0,(anonymous_11)
FNDA:0,(anonymous_12)
FNDA:0,(anonymous_13)
FNDA:0,(anonymous_14)
FNDA:0,(anonymous_15)
FNDA:0,(anonymous_16)
FNDA:0,(anonymous_17)
FNDA:0,(anonymous_18)
FNDA:0,(anonymous_19)
FNDA:0,(anonymous_20)
FNDA:0,(anonymous_21)
FNDA:0,(anonymous_22)
FNDA:0,(anonymous_23)
DA:1,0
DA:2,0
DA:68,0
DA:70,0
DA:72,0
DA:74,0
DA:77,0
DA:79,0
DA:93,0
DA:94,0
DA:101,0
DA:103,0
DA:104,0
DA:106,0
DA:107,0
DA:110,0
DA:115,0
DA:122,0
DA:124,0
DA:126,0
DA:127,0
DA:130,0
DA:131,0
DA:138,0
DA:139,0
DA:146,0
DA:147,0
DA:149,0
DA:158,0
DA:165,0
DA:166,0
DA:168,0
DA:175,0
DA:183,0
DA:185,0
DA:186,0
DA:187,0
DA:188,0
DA:191,0
DA:195,0
DA:196,0
DA:199,0
DA:200,0
DA:204,0
DA:205,0
DA:212,0
DA:220,0
DA:221,0
DA:226,0
DA:227,0
DA:230,0
DA:231,0
DA:238,0
DA:239,0
DA:241,0
DA:242,0
DA:243,0
DA:244,0
DA:246,0
DA:254,0
DA:255,0
DA:258,0
DA:259,0
DA:263,0
DA:264,0
DA:268,0
DA:269,0
DA:270,0
DA:271,0
DA:272,0
DA:277,0
DA:278,0
DA:279,0
DA:282,0
DA:283,0
DA:284,0
DA:292,0
DA:305,0
DA:306,0
DA:308,0
DA:314,0
DA:325,0
DA:326,0
DA:327,0
DA:329,0
DA:343,0
DA:344,0
DA:345,0
DA:346,0
DA:348,0
DA:350,0
DA:360,0
DA:361,0
DA:363,0
DA:373,0
DA:374,0
DA:392,0
LF:97
LH:0
BRDA:76,0,0,0
BRDA:101,1,0,0
BRDA:122,2,0,0
BRDA:126,3,0,0
BRDA:153,4,0,0
BRDA:153,4,1,0
BRDA:165,5,0,0
BRDA:175,6,0,0
BRDA:175,6,1,0
BRDA:199,7,0,0
BRDA:199,7,1,0
BRDA:204,8,0,0
BRDA:216,9,0,0
BRDA:216,9,1,0
BRDA:217,10,0,0
BRDA:217,10,1,0
BRDA:226,11,0,0
BRDA:241,12,0,0
BRDA:241,12,1,0
BRDA:243,13,0,0
BRDA:243,13,1,0
BRDA:243,14,0,0
BRDA:243,14,1,0
BRDA:258,15,0,0
BRDA:263,16,0,0
BRDA:269,17,0,0
BRDA:271,18,0,0
BRDA:278,19,0,0
BRDA:282,20,0,0
BRDA:331,21,0,0
BRDA:331,21,1,0
BRDA:331,22,0,0
BRDA:331,22,1,0
BRDA:352,23,0,0
BRDA:352,23,1,0
BRDA:365,24,0,0
BRDA:365,24,1,0
BRF:37
BRH:0
end_of_record
TN:
SF:src/pwa/ConsciousnessPWA.ts
FN:42,(anonymous_0)
FN:62,(anonymous_1)
FN:93,(anonymous_2)
FN:118,(anonymous_3)
FN:138,(anonymous_4)
FN:164,(anonymous_5)
FN:186,(anonymous_6)
FN:187,(anonymous_7)
FN:190,(anonymous_8)
FN:191,(anonymous_9)
FN:193,(anonymous_10)
FN:208,(anonymous_11)
FN:230,(anonymous_12)
FN:231,(anonymous_13)
FN:233,(anonymous_14)
FN:234,(anonymous_15)
FN:241,(anonymous_16)
FN:248,(anonymous_17)
FN:264,(anonymous_18)
FN:278,(anonymous_19)
FN:293,(anonymous_20)
FN:308,(anonymous_21)
FNF:22
FNH:0
FNDA:0,(anonymous_0)
FNDA:0,(anonymous_1)
FNDA:0,(anonymous_2)
FNDA:0,(anonymous_3)
FNDA:0,(anonymous_4)
FNDA:0,(anonymous_5)
FNDA:0,(anonymous_6)
FNDA:0,(anonymous_7)
FNDA:0,(anonymous_8)
FNDA:0,(anonymous_9)
FNDA:0,(anonymous_10)
FNDA:0,(anonymous_11)
FNDA:0,(anonymous_12)
FNDA:0,(anonymous_13)
FNDA:0,(anonymous_14)
FNDA:0,(anonymous_15)
FNDA:0,(anonymous_16)
FNDA:0,(anonymous_17)
FNDA:0,(anonymous_18)
FNDA:0,(anonymous_19)
FNDA:0,(anonymous_20)
FNDA:0,(anonymous_21)
DA:8,0
DA:37,0
DA:39,0
DA:43,0
DA:55,0
DA:56,0
DA:64,0
DA:72,0
DA:73,0
DA:81,0
DA:82,0
DA:94,0
DA:95,0
DA:98,0
DA:99,0
DA:100,0
DA:101,0
DA:102,0
DA:104,0
DA:105,0
DA:107,0
DA:119,0
DA:121,0
DA:122,0
DA:123,0
DA:124,0
DA:125,0
DA:127,0
DA:139,0
DA:140,0
DA:141,0
DA:142,0
DA:145,0
DA:146,0
DA:152,0
DA:154,0
DA:155,0
DA:158,0
DA:165,0
DA:167,0
DA:169,0
DA:170,0
DA:171,0
DA:173,0
DA:174,0
DA:177,0
DA:179,0
DA:187,0
DA:188,0
DA:190,0
DA:191,0
DA:193,0
DA:194,0
DA:195,0
DA:196,0
DA:197,0
DA:198,0
DA:209,0
DA:211,0
DA:212,0
DA:213,0
DA:214,0
DA:215,0
DA:217,0
DA:219,0
DA:220,0
DA:223,0
DA:231,0
DA:232,0
DA:233,0
DA:234,0
DA:242,0
DA:249,0
DA:252,0
DA:253,0
DA:254,0
DA:255,0
DA:256,0
DA:257,0
DA:265,0
DA:274,0
DA:279,0
DA:294,0
DA:309,0
DA:322,0
LF:85
LH:0
BRDA:42,0,0,0
BRDA:68,1,0,0
BRDA:68,1,1,0
BRDA:72,2,0,0
BRDA:81,3,0,0
BRDA:98,4,0,0
BRDA:99,5,0,0
BRDA:100,6,0,0
BRDA:101,7,0,0
BRDA:102,8,0,0
BRDA:121,9,0,0
BRDA:122,10,0,0
BRDA:123,11,0,0
BRDA:124,12,0,0
BRDA:125,13,0,0
BRDA:139,14,0,0
BRDA:139,15,0,0
BRDA:139,15,1,0
BRDA:145,16,0,0
BRDA:165,17,0,0
BRDA:165,18,0,0
BRDA:165,18,1,0
BRDA:195,19,0,0
BRDA:195,20,0,0
BRDA:195,20,1,0
BRDA:197,21,0,0
BRDA:209,22,0,0
BRDA:209,23,0,0
BRDA:209,23,1,0
BRDA:252,24,0,0
BRDA:252,24,1,0
BRDA:255,25,0,0
BRDA:264,26,0,0
BRF:33
BRH:0
end_of_record
TN:
SF:src/types/DeviceConfig.ts
FNF:0
FNH:0
DA:52,0
LF:1
LH:0
BRF:0
BRH:0
end_of_record
TN:
SF:src/unity/FieldUnity.ts
FN:49,(anonymous_0)
FN:57,(anonymous_1)
FN:153,(anonymous_2)
FN:224,(anonymous_3)
FN:231,(anonymous_4)
FN:238,(anonymous_5)
FN:245,(anonymous_6)
FN:246,(anonymous_7)
FN:252,(anonymous_8)
FN:256,(anonymous_9)
FN:265,(anonymous_10)
FN:272,(anonymous_11)
FN:273,(anonymous_12)
FN:279,(anonymous_13)
FN:283,(anonymous_14)
FN:284,(anonymous_15)
FN:296,(anonymous_16)
FN:314,(anonymous_17)
FN:326,(anonymous_18)
FN:331,(anonymous_19)
FN:339,(anonymous_20)
FN:345,(anonymous_21)
FN:353,(anonymous_22)
FNF:23
FNH:0
FNDA:0,(anonymous_0)
FNDA:0,(anonymous_1)
FNDA:0,(anonymous_2)
FNDA:0,(anonymous_3)
FNDA:0,(anonymous_4)
FNDA:0,(anonymous_5)
FNDA:0,(anonymous_6)
FNDA:0,(anonymous_7)
FNDA:0,(anonymous_8)
FNDA:0,(anonymous_9)
FNDA:0,(anonymous_10)
FNDA:0,(anonymous_11)
FNDA:0,(anonymous_12)
FNDA:0,(anonymous_13)
FNDA:0,(anonymous_14)
FNDA:0,(anonymous_15)
FNDA:0,(anonymous_16)
FNDA:0,(anonymous_17)
FNDA:0,(anonymous_18)
FNDA:0,(anonymous_19)
FNDA:0,(anonymous_20)
FNDA:0,(anonymous_21)
FNDA:0,(anonymous_22)
DA:14,0
DA:44,0
DA:45,0
DA:46,0
DA:47,0
DA:50,0
DA:51,0
DA:59,0
DA:69,0
DA:79,0
DA:89,0
DA:99,0
DA:109,0
DA:119,0
DA:129,0
DA:139,0
DA:154,0
DA:165,0
DA:176,0
DA:187,0
DA:198,0
DA:209,0
DA:225,0
DA:232,0
DA:239,0
DA:246,0
DA:253,0
DA:254,0
DA:256,0
DA:257,0
DA:266,0
DA:273,0
DA:280,0
DA:281,0
DA:283,0
DA:284,0
DA:287,0
DA:288,0
DA:290,0
DA:297,0
DA:315,0
DA:327,0
DA:328,0
DA:330,0
DA:331,0
DA:333,0
DA:340,0
DA:341,0
DA:345,0
DA:353,0
DA:354,0
DA:357,0
LF:52
LH:0
BRDA:254,0,0,0
BRDA:257,1,0,0
BRDA:257,1,1,0
BRDA:257,1,2,0
BRDA:281,2,0,0
BRDA:328,3,0,0
BRDA:354,4,0,0
BRDA:354,4,1,0
BRF:8
BRH:0
end_of_record
TN:
SF:src/utils/Cache.ts
FN:52,(anonymous_0)
FN:67,(anonymous_1)
FN:89,(anonymous_2)
FN:115,(anonymous_3)
FN:130,(anonymous_4)
FN:141,(anonymous_5)
FN:155,(anonymous_6)
FN:170,(anonymous_7)
FN:177,(anonymous_8)
FN:184,(anonymous_9)
FN:191,(anonymous_10)
FN:205,(anonymous_11)
FN:219,(anonymous_12)
FN:220,(anonymous_13)
FN:228,(anonymous_14)
FN:237,(anonymous_15)
FN:255,(anonymous_16)
FN:275,(anonymous_17)
FN:284,(anonymous_18)
FN:295,(anonymous_19)
FN:300,(anonymous_20)
FN:307,(anonymous_21)
FN:318,(anonymous_22)
FN:323,(anonymous_23)
FNF:24
FNH:0
FNDA:0,(anonymous_0)
FNDA:0,(anonymous_1)
FNDA:0,(anonymous_2)
FNDA:0,(anonymous_3)
FNDA:0,(anonymous_4)
FNDA:0,(anonymous_5)
FNDA:0,(anonymous_6)
FNDA:0,(anonymous_7)
FNDA:0,(anonymous_8)
FNDA:0,(anonymous_9)
FNDA:0,(anonymous_10)
FNDA:0,(anonymous_11)
FNDA:0,(anonymous_12)
FNDA:0,(anonymous_13)
FNDA:0,(anonymous_14)
FNDA:0,(anonymous_15)
FNDA:0,(anonymous_16)
FNDA:0,(anonymous_17)
FNDA:0,(anonymous_18)
FNDA:0,(anonymous_19)
FNDA:0,(anonymous_20)
FNDA:0,(anonymous_21)
FNDA:0,(anonymous_22)
FNDA:0,(anonymous_23)
DA:34,0
DA:36,0
DA:37,0
DA:53,0
DA:61,0
DA:68,0
DA:78,0
DA:79,0
DA:82,0
DA:83,0
DA:90,0
DA:92,0
DA:93,0
DA:94,0
DA:98,0
DA:99,0
DA:100,0
DA:101,0
DA:105,0
DA:106,0
DA:107,0
DA:109,0
DA:116,0
DA:117,0
DA:119,0
DA:120,0
DA:121,0
DA:124,0
DA:131,0
DA:132,0
DA:133,0
DA:135,0
DA:142,0
DA:143,0
DA:156,0
DA:157,0
DA:159,0
DA:171,0
DA:178,0
DA:185,0
DA:192,0
DA:193,0
DA:194,0
DA:197,0
DA:198,0
DA:199,0
DA:206,0
DA:207,0
DA:208,0
DA:211,0
DA:212,0
DA:213,0
DA:220,0
DA:221,0
DA:229,0
DA:230,0
DA:238,0
DA:240,0
DA:241,0
DA:242,0
DA:243,0
DA:247,0
DA:248,0
DA:256,0
DA:257,0
DA:259,0
DA:260,0
DA:261,0
DA:262,0
DA:266,0
DA:267,0
DA:268,0
DA:276,0
DA:283,0
DA:285,0
DA:296,0
DA:297,0
DA:301,0
DA:302,0
DA:306,0
DA:308,0
DA:319,0
DA:320,0
DA:324,0
DA:325,0
DA:332,0
DA:333,0
DA:334,0
LF:88
LH:0
BRDA:52,0,0,0
BRDA:72,1,0,0
BRDA:72,1,1,0
BRDA:78,2,0,0
BRDA:92,3,0,0
BRDA:98,4,0,0
BRDA:117,5,0,0
BRDA:119,6,0,0
BRDA:132,7,0,0
BRDA:157,8,0,0
BRDA:157,8,1,0
BRDA:193,9,0,0
BRDA:207,10,0,0
BRDA:229,11,0,0
BRDA:241,12,0,0
BRDA:247,13,0,0
BRDA:260,14,0,0
BRDA:266,15,0,0
BRF:18
BRH:0
end_of_record
TN:
SF:src/utils/Logger.ts
FN:9,(anonymous_0)
FN:49,(anonymous_1)
FN:67,(anonymous_2)
FN:74,(anonymous_3)
FN:81,(anonymous_4)
FN:88,(anonymous_5)
FN:95,(anonymous_6)
FN:102,(anonymous_7)
FN:114,(anonymous_8)
FN:136,(anonymous_9)
FN:146,(anonymous_10)
FN:155,(anonymous_11)
FN:162,(anonymous_12)
FN:168,(anonymous_13)
FN:182,(anonymous_14)
FN:190,(anonymous_15)
FN:201,(anonymous_16)
FN:240,(anonymous_17)
FN:285,(anonymous_18)
FN:291,(anonymous_19)
FNF:20
FNH:0
FNDA:0,(anonymous_0)
FNDA:0,(anonymous_1)
FNDA:0,(anonymous_2)
FNDA:0,(anonymous_3)
FNDA:0,(anonymous_4)
FNDA:0,(anonymous_5)
FNDA:0,(anonymous_6)
FNDA:0,(anonymous_7)
FNDA:0,(anonymous_8)
FNDA:0,(anonymous_9)
FNDA:0,(anonymous_10)
FNDA:0,(anonymous_11)
FNDA:0,(anonymous_12)
FNDA:0,(anonymous_13)
FNDA:0,(anonymous_14)
FNDA:0,(anonymous_15)
FNDA:0,(anonymous_16)
FNDA:0,(anonymous_17)
FNDA:0,(anonymous_18)
FNDA:0,(anonymous_19)
DA:1,0
DA:9,0
DA:10,0
DA:11,0
DA:12,0
DA:13,0
DA:14,0
DA:44,0
DA:46,0
DA:47,0
DA:50,0
DA:52,0
DA:68,0
DA:75,0
DA:82,0
DA:89,0
DA:96,0
DA:103,0
DA:105,0
DA:106,0
DA:108,0
DA:115,0
DA:117,0
DA:118,0
DA:119,0
DA:120,0
DA:122,0
DA:125,0
DA:126,0
DA:127,0
DA:128,0
DA:137,0
DA:139,0
DA:140,0
DA:147,0
DA:149,0
DA:156,0
DA:163,0
DA:165,0
DA:166,0
DA:167,0
DA:168,0
DA:169,0
DA:170,0
DA:172,0
DA:176,0
DA:183,0
DA:184,0
DA:185,0
DA:189,0
DA:190,0
DA:191,0
DA:192,0
DA:195,0
DA:202,0
DA:204,0
DA:212,0
DA:215,0
DA:216,0
DA:217,0
DA:224,0
DA:227,0
DA:228,0
DA:232,0
DA:233,0
DA:241,0
DA:242,0
DA:243,0
DA:244,0
DA:245,0
DA:246,0
DA:247,0
DA:250,0
DA:252,0
DA:254,0
DA:255,0
DA:258,0
DA:259,0
DA:262,0
DA:263,0
DA:267,0
DA:269,0
DA:270,0
DA:272,0
DA:273,0
DA:275,0
DA:276,0
DA:278,0
DA:288,0
DA:292,0
DA:299,0
LF:91
LH:0
BRDA:9,0,0,0
BRDA:9,0,1,0
BRDA:49,1,0,0
BRDA:103,2,0,0
BRDA:115,3,0,0
BRDA:115,4,0,0
BRDA:115,4,1,0
BRDA:118,5,0,0
BRDA:118,6,0,0
BRDA:118,6,1,0
BRDA:125,7,0,0
BRDA:127,8,0,0
BRDA:127,8,1,0
BRDA:136,9,0,0
BRDA:137,10,0,0
BRDA:139,11,0,0
BRDA:139,11,1,0
BRDA:147,12,0,0
BRDA:166,13,0,0
BRDA:184,14,0,0
BRDA:202,15,0,0
BRDA:208,16,0,0
BRDA:208,16,1,0
BRDA:212,17,0,0
BRDA:215,18,0,0
BRDA:227,19,0,0
BRDA:232,20,0,0
BRDA:232,21,0,0
BRDA:232,21,1,0
BRDA:243,22,0,0
BRDA:245,23,0,0
BRDA:245,24,0,0
BRDA:245,24,1,0
BRDA:247,25,0,0
BRDA:247,25,1,0
BRDA:254,26,0,0
BRDA:258,27,0,0
BRDA:262,28,0,0
BRDA:267,29,0,0
BRDA:267,29,1,0
BRDA:267,29,2,0
BRDA:267,29,3,0
BRF:42
BRH:0
end_of_record
