TN:
SF:src/__tests__/living/LivingTestOrganism.ts
FN:36,(anonymous_0)
FN:53,(anonymous_1)
FN:104,(anonymous_2)
FN:123,(anonymous_3)
FN:130,(anonymous_4)
FN:165,(anonymous_5)
FN:215,(anonymous_6)
FN:268,(anonymous_7)
FN:283,(anonymous_8)
FN:293,(anonymous_9)
FN:300,(anonymous_10)
FN:307,(anonymous_11)
FN:314,(anonymous_12)
FNF:13
FNH:13
FNDA:12,(anonymous_0)
FNDA:8,(anonymous_1)
FNDA:8,(anonymous_2)
FNDA:7,(anonymous_3)
FNDA:8,(anonymous_4)
FNDA:5,(anonymous_5)
FNDA:4,(anonymous_6)
FNDA:3,(anonymous_7)
FNDA:3,(anonymous_8)
FNDA:16,(anonymous_9)
FNDA:15,(anonymous_10)
FNDA:4,(anonymous_11)
FNDA:12,(anonymous_12)
DA:1,1
DA:2,1
DA:3,1
DA:28,1
DA:32,12
DA:33,12
DA:34,12
DA:37,12
DA:38,12
DA:40,12
DA:54,8
DA:56,8
DA:66,8
DA:67,8
DA:68,8
DA:71,8
DA:72,80
DA:73,80
DA:74,80
DA:76,80
DA:77,80
DA:79,80
DA:82,80
DA:86,0
DA:90,8
DA:91,8
DA:92,8
DA:94,8
DA:95,8
DA:97,8
DA:98,8
DA:105,8
DA:107,8
DA:117,8
DA:118,8
DA:119,8
DA:122,8
DA:123,7
DA:124,6
DA:128,8
DA:129,64
DA:130,64
DA:131,64
DA:133,64
DA:134,64
DA:136,64
DA:139,64
DA:142,64
DA:143,19
DA:148,0
DA:152,8
DA:153,8
DA:154,8
DA:156,8
DA:158,8
DA:159,8
DA:166,5
DA:168,5
DA:178,5
DA:179,5
DA:180,5
DA:183,5
DA:184,30
DA:185,30
DA:186,30
DA:188,30
DA:189,30
DA:192,30
DA:193,30
DA:195,30
DA:199,0
DA:203,5
DA:204,5
DA:206,5
DA:208,5
DA:209,5
DA:216,4
DA:218,4
DA:228,4
DA:229,4
DA:230,4
DA:233,4
DA:234,16
DA:235,16
DA:236,16
DA:238,16
DA:239,16
DA:242,16
DA:243,8
DA:244,8
DA:247,16
DA:251,0
DA:255,4
DA:256,4
DA:258,4
DA:260,4
DA:261,4
DA:262,4
DA:269,3
DA:271,3
DA:272,3
DA:273,3
DA:274,3
DA:276,3
DA:277,3
DA:284,3
DA:285,3
DA:286,3
DA:287,3
DA:288,3
DA:289,3
DA:290,3
DA:291,3
DA:293,16
DA:294,3
DA:301,15
DA:308,4
DA:315,12
DA:316,12
LF:119
LH:115
BRDA:76,0,0,80
BRDA:76,1,0,80
BRDA:76,1,1,80
BRDA:122,2,0,6
BRDA:133,3,0,64
BRDA:133,4,0,64
BRDA:133,4,1,64
BRDA:142,5,0,19
BRDA:188,6,0,30
BRDA:188,7,0,30
BRDA:188,7,1,30
BRDA:238,8,0,16
BRDA:238,9,0,16
BRDA:238,9,1,16
BRDA:242,10,0,8
BRDA:315,11,0,12
BRF:16
BRH:16
end_of_record
TN:
SF:src/__tests__/utils/errorSimulator.ts
FN:6,simulateCacheMiss
FN:13,simulateStaleCache
FN:21,simulateCacheEviction
FN:31,simulateCacheUnavailable
FNF:4
FNH:1
FNDA:19,simulateCacheMiss
FNDA:0,simulateStaleCache
FNDA:0,simulateCacheEviction
FNDA:0,simulateCacheUnavailable
DA:6,1
DA:7,19
DA:13,1
DA:15,0
DA:21,1
DA:22,0
DA:23,0
DA:24,0
DA:31,1
DA:32,0
LF:10
LH:5
BRDA:22,0,0,0
BRDA:22,0,1,0
BRF:2
BRH:0
end_of_record
TN:
SF:src/__tests__/utils/goldenRatioCache.ts
FN:11,(anonymous_0)
FN:27,getOrSetGolden
FN:28,(anonymous_2)
FNF:3
FNH:3
FNDA:14,(anonymous_0)
FNDA:68,getOrSetGolden
FNDA:70,(anonymous_2)
DA:1,2
DA:4,2
DA:7,2
DA:8,2
DA:10,2
DA:12,14
DA:21,2
DA:27,2
DA:28,68
DA:29,70
DA:31,68
LF:11
LH:11
BRDA:29,0,0,70
BRDA:29,0,1,0
BRF:2
BRH:1
end_of_record
TN:
SF:src/api/ProductionAPI.ts
FN:17,(anonymous_1)
FN:27,(anonymous_2)
FN:32,(anonymous_3)
FN:35,(anonymous_4)
FN:50,(anonymous_5)
FN:72,(anonymous_6)
FN:74,(anonymous_7)
FN:95,(anonymous_8)
FN:120,(anonymous_9)
FN:124,(anonymous_10)
FN:130,(anonymous_11)
FN:138,(anonymous_12)
FN:145,(anonymous_13)
FN:160,(anonymous_14)
FN:177,(anonymous_15)
FN:191,(anonymous_16)
FN:200,(anonymous_17)
FN:253,(anonymous_18)
FN:275,(anonymous_19)
FN:276,(anonymous_20)
FN:282,(anonymous_21)
FN:292,(anonymous_22)
FN:306,(anonymous_23)
FN:307,(anonymous_24)
FN:316,(anonymous_25)
FN:331,(anonymous_26)
FN:338,(anonymous_27)
FNF:27
FNH:0
FNDA:0,(anonymous_1)
FNDA:0,(anonymous_2)
FNDA:0,(anonymous_3)
FNDA:0,(anonymous_4)
FNDA:0,(anonymous_5)
FNDA:0,(anonymous_6)
FNDA:0,(anonymous_7)
FNDA:0,(anonymous_8)
FNDA:0,(anonymous_9)
FNDA:0,(anonymous_10)
FNDA:0,(anonymous_11)
FNDA:0,(anonymous_12)
FNDA:0,(anonymous_13)
FNDA:0,(anonymous_14)
FNDA:0,(anonymous_15)
FNDA:0,(anonymous_16)
FNDA:0,(anonymous_17)
FNDA:0,(anonymous_18)
FNDA:0,(anonymous_19)
FNDA:0,(anonymous_20)
FNDA:0,(anonymous_21)
FNDA:0,(anonymous_22)
FNDA:0,(anonymous_23)
FNDA:0,(anonymous_24)
FNDA:0,(anonymous_25)
FNDA:0,(anonymous_26)
FNDA:0,(anonymous_27)
DA:1,0
DA:2,0
DA:3,0
DA:4,0
DA:12,0
DA:15,0
DA:18,0
DA:19,0
DA:20,0
DA:21,0
DA:28,0
DA:29,0
DA:32,0
DA:33,0
DA:35,0
DA:36,0
DA:37,0
DA:46,0
DA:50,0
DA:51,0
DA:61,0
DA:74,0
DA:75,0
DA:76,0
DA:78,0
DA:84,0
DA:86,0
DA:95,0
DA:96,0
DA:97,0
DA:110,0
DA:112,0
DA:120,0
DA:121,0
DA:124,0
DA:125,0
DA:126,0
DA:127,0
DA:130,0
DA:131,0
DA:138,0
DA:139,0
DA:145,0
DA:146,0
DA:147,0
DA:152,0
DA:153,0
DA:155,0
DA:160,0
DA:161,0
DA:177,0
DA:178,0
DA:179,0
DA:191,0
DA:193,0
DA:200,0
DA:201,0
DA:253,0
DA:254,0
DA:276,0
DA:277,0
DA:278,0
DA:279,0
DA:282,0
DA:283,0
DA:284,0
DA:289,0
DA:292,0
DA:293,0
DA:298,0
DA:307,0
DA:308,0
DA:309,0
DA:310,0
DA:314,0
DA:315,0
DA:316,0
DA:317,0
DA:318,0
DA:319,0
DA:322,0
DA:323,0
DA:332,0
DA:339,0
DA:346,0
LF:85
LH:0
BRDA:17,0,0,0
BRDA:78,1,0,0
BRDA:78,1,1,0
BRDA:80,2,0,0
BRDA:80,2,1,0
BRDA:114,3,0,0
BRDA:114,3,1,0
BRDA:140,4,0,0
BRDA:140,4,1,0
BRDA:147,5,0,0
BRDA:147,5,1,0
BRDA:148,6,0,0
BRDA:148,6,1,0
BRDA:277,7,0,0
BRDA:308,8,0,0
BRDA:315,9,0,0
BRDA:315,9,1,0
BRF:17
BRH:0
end_of_record
TN:
SF:src/config/constants.ts
FNF:0
FNH:0
DA:8,0
DA:16,0
DA:17,0
DA:18,0
DA:19,0
DA:20,0
DA:21,0
DA:22,0
DA:23,0
DA:24,0
DA:25,0
DA:26,0
DA:27,0
DA:28,0
DA:29,0
DA:30,0
DA:31,0
DA:32,0
DA:33,0
DA:34,0
DA:35,0
DA:36,0
DA:37,0
DA:38,0
DA:39,0
DA:40,0
DA:41,0
DA:42,0
DA:43,0
DA:44,0
DA:45,0
DA:46,0
DA:47,0
DA:48,0
DA:49,0
DA:50,0
DA:51,0
DA:52,0
DA:53,0
DA:54,0
DA:55,0
DA:56,0
DA:57,0
DA:58,0
DA:59,0
DA:60,0
DA:61,0
LF:47
LH:0
BRF:0
BRH:0
end_of_record
TN:
SF:src/consciousness/ConsciousnessField.ts
FN:22,(anonymous_0)
FN:30,(anonymous_1)
FN:53,(anonymous_2)
FN:85,(anonymous_3)
FN:92,(anonymous_4)
FN:95,(anonymous_5)
FN:101,(anonymous_6)
FN:108,(anonymous_7)
FN:115,(anonymous_8)
FN:122,(anonymous_9)
FN:135,(anonymous_10)
FN:148,(anonymous_11)
FN:190,(anonymous_12)
FN:193,(anonymous_13)
FN:200,(anonymous_14)
FN:207,(anonymous_15)
FN:214,(anonymous_16)
FN:228,(anonymous_17)
FN:261,(anonymous_18)
FN:268,(anonymous_19)
FN:306,(anonymous_20)
FN:313,(anonymous_21)
FN:320,(anonymous_22)
FN:325,(anonymous_23)
FNF:24
FNH:7
FNDA:66,(anonymous_0)
FNDA:216,(anonymous_1)
FNDA:0,(anonymous_2)
FNDA:0,(anonymous_3)
FNDA:0,(anonymous_4)
FNDA:0,(anonymous_5)
FNDA:1720,(anonymous_6)
FNDA:3553,(anonymous_7)
FNDA:0,(anonymous_8)
FNDA:0,(anonymous_9)
FNDA:0,(anonymous_10)
FNDA:0,(anonymous_11)
FNDA:0,(anonymous_12)
FNDA:0,(anonymous_13)
FNDA:0,(anonymous_14)
FNDA:0,(anonymous_15)
FNDA:67,(anonymous_16)
FNDA:0,(anonymous_17)
FNDA:0,(anonymous_18)
FNDA:0,(anonymous_19)
FNDA:0,(anonymous_20)
FNDA:0,(anonymous_21)
FNDA:500,(anonymous_22)
FNDA:2937,(anonymous_23)
DA:1,5
DA:15,5
DA:16,66
DA:17,66
DA:18,66
DA:19,66
DA:20,66
DA:23,66
DA:24,66
DA:31,216
DA:34,66
DA:35,66
DA:36,66
DA:38,66
DA:47,66
DA:56,0
DA:57,0
DA:69,0
DA:70,0
DA:72,0
DA:79,0
DA:86,0
DA:95,0
DA:102,1720
DA:109,3553
DA:116,0
DA:123,0
DA:124,0
DA:136,0
DA:137,0
DA:149,0
DA:150,0
DA:152,0
DA:153,0
DA:156,0
DA:157,0
DA:160,0
DA:161,0
DA:162,0
DA:167,0
DA:171,0
DA:172,0
DA:176,0
DA:178,0
DA:191,0
DA:192,0
DA:193,0
DA:201,0
DA:208,0
DA:215,67
DA:216,67
DA:218,67
DA:230,0
DA:247,0
DA:248,0
DA:250,0
DA:262,0
DA:269,0
DA:272,0
DA:274,0
DA:275,0
DA:277,0
DA:278,0
DA:280,0
DA:281,0
DA:282,0
DA:285,0
DA:286,0
DA:289,0
DA:290,0
DA:292,0
DA:295,0
DA:307,0
DA:308,0
DA:309,0
DA:310,0
DA:313,0
DA:314,0
DA:317,0
DA:322,500
DA:327,2937
LF:81
LH:22
BRDA:31,0,0,150
BRDA:61,1,0,0
BRDA:61,1,1,0
BRDA:62,2,0,0
BRDA:62,2,1,0
BRDA:63,3,0,0
BRDA:63,3,1,0
BRDA:64,4,0,0
BRDA:64,4,1,0
BRDA:65,5,0,0
BRDA:65,5,1,0
BRDA:66,6,0,0
BRDA:66,6,1,0
BRDA:156,7,0,0
BRDA:160,8,0,0
BRDA:192,9,0,0
BRDA:192,9,1,0
BRDA:193,10,0,0
BRDA:193,10,1,0
BRDA:234,11,0,0
BRDA:234,11,1,0
BRDA:235,12,0,0
BRDA:235,12,1,0
BRDA:240,13,0,0
BRDA:240,13,1,0
BRDA:269,14,0,0
BRDA:269,14,1,0
BRDA:269,15,0,0
BRDA:269,15,1,0
BRDA:272,16,0,0
BRDA:272,16,1,0
BRDA:272,16,2,0
BRDA:272,16,3,0
BRDA:272,16,4,0
BRDA:272,16,5,0
BRDA:308,17,0,0
BRDA:313,18,0,0
BRDA:313,18,1,0
BRF:38
BRH:1
end_of_record
TN:
SF:src/consciousness/SelfEvolvingConsciousness.ts
FN:49,(anonymous_0)
FN:58,(anonymous_1)
FN:90,(anonymous_2)
FN:118,(anonymous_3)
FN:132,(anonymous_4)
FN:142,(anonymous_5)
FN:153,(anonymous_6)
FN:156,(anonymous_7)
FN:159,(anonymous_8)
FN:192,(anonymous_9)
FN:221,(anonymous_10)
FN:228,(anonymous_11)
FN:235,(anonymous_12)
FN:242,(anonymous_13)
FN:247,(anonymous_14)
FN:250,(anonymous_15)
FN:259,(anonymous_16)
FN:266,(anonymous_17)
FN:288,(anonymous_18)
FN:300,(anonymous_19)
FN:323,(anonymous_20)
FN:331,(anonymous_21)
FN:346,(anonymous_22)
FN:349,(anonymous_23)
FN:421,getSelfEvolvingConsciousness
FNF:25
FNH:23
FNDA:22,(anonymous_0)
FNDA:22,(anonymous_1)
FNDA:87,(anonymous_2)
FNDA:87,(anonymous_3)
FNDA:87,(anonymous_4)
FNDA:522,(anonymous_5)
FNDA:87,(anonymous_6)
FNDA:333,(anonymous_7)
FNDA:333,(anonymous_8)
FNDA:87,(anonymous_9)
FNDA:11,(anonymous_10)
FNDA:1,(anonymous_11)
FNDA:2,(anonymous_12)
FNDA:10,(anonymous_13)
FNDA:28,(anonymous_14)
FNDA:28,(anonymous_15)
FNDA:9,(anonymous_16)
FNDA:7,(anonymous_17)
FNDA:67,(anonymous_18)
FNDA:6,(anonymous_19)
FNDA:3,(anonymous_20)
FNDA:4,(anonymous_21)
FNDA:0,(anonymous_22)
FNDA:0,(anonymous_23)
FNDA:136,getSelfEvolvingConsciousness
DA:1,6
DA:3,6
DA:44,6
DA:46,22
DA:50,22
DA:51,22
DA:52,22
DA:59,22
DA:95,87
DA:96,87
DA:98,87
DA:109,87
DA:110,87
DA:112,87
DA:122,87
DA:123,87
DA:124,87
DA:126,87
DA:133,87
DA:141,87
DA:143,522
DA:147,87
DA:154,87
DA:156,333
DA:159,333
DA:162,87
DA:186,87
DA:193,87
DA:205,87
DA:206,58
DA:208,87
DA:209,48
DA:211,87
DA:212,38
DA:215,87
DA:222,11
DA:229,1
DA:236,2
DA:243,10
DA:244,10
DA:247,28
DA:250,28
DA:253,6
DA:260,9
DA:274,7
DA:289,67
DA:302,6
DA:303,6
DA:304,6
DA:305,6
DA:308,6
DA:309,6
DA:310,6
DA:312,6
DA:330,3
DA:331,4
DA:334,3
DA:347,0
DA:349,0
DA:350,0
DA:354,0
DA:372,0
DA:375,0
DA:400,0
DA:403,0
DA:412,0
DA:413,0
DA:419,6
DA:421,6
DA:422,136
DA:423,6
DA:425,136
LF:72
LH:62
BRDA:143,0,0,0
BRDA:143,0,1,522
BRDA:167,1,0,87
BRDA:167,1,1,0
BRDA:171,2,0,87
BRDA:171,2,1,0
BRDA:175,3,0,87
BRDA:175,3,1,0
BRDA:177,4,0,87
BRDA:177,4,1,0
BRDA:180,5,0,87
BRDA:180,5,1,16
BRDA:205,6,0,58
BRDA:208,7,0,48
BRDA:211,8,0,38
BRDA:244,9,0,4
BRDA:247,10,0,28
BRDA:247,10,1,28
BRDA:250,11,0,28
BRDA:250,11,1,28
BRDA:260,12,0,9
BRDA:260,12,1,0
BRDA:331,13,0,4
BRDA:331,13,1,0
BRDA:347,14,0,0
BRDA:350,15,0,0
BRDA:350,15,1,0
BRDA:350,16,0,0
BRDA:350,16,1,0
BRDA:357,17,0,0
BRDA:357,17,1,0
BRDA:358,18,0,0
BRDA:358,18,1,0
BRDA:359,19,0,0
BRDA:359,19,1,0
BRDA:360,20,0,0
BRDA:360,20,1,0
BRDA:361,21,0,0
BRDA:361,21,1,0
BRDA:362,22,0,0
BRDA:362,22,1,0
BRDA:365,23,0,0
BRDA:365,23,1,0
BRDA:385,24,0,0
BRDA:385,24,1,0
BRDA:386,25,0,0
BRDA:386,25,1,0
BRDA:387,26,0,0
BRDA:387,26,1,0
BRDA:388,27,0,0
BRDA:388,27,1,0
BRDA:394,28,0,0
BRDA:394,28,1,0
BRDA:395,29,0,0
BRDA:395,29,1,0
BRDA:396,30,0,0
BRDA:396,30,1,0
BRDA:412,31,0,0
BRDA:412,32,0,0
BRDA:412,32,1,0
BRDA:422,33,0,6
BRF:61
BRH:18
end_of_record
TN:
SF:src/core/AbstractField.ts
FN:7,(anonymous_0)
FN:10,(anonymous_1)
FN:13,(anonymous_2)
FN:15,(anonymous_3)
FN:25,(anonymous_4)
FN:28,(anonymous_5)
FN:32,(anonymous_6)
FN:36,(anonymous_7)
FNF:8
FNH:0
FNDA:0,(anonymous_0)
FNDA:0,(anonymous_1)
FNDA:0,(anonymous_2)
FNDA:0,(anonymous_3)
FNDA:0,(anonymous_4)
FNDA:0,(anonymous_5)
FNDA:0,(anonymous_6)
FNDA:0,(anonymous_7)
DA:11,0
DA:13,0
DA:16,0
DA:21,0
DA:22,0
DA:23,0
DA:26,0
DA:29,0
DA:30,0
DA:33,0
DA:34,0
DA:37,0
DA:38,0
DA:42,0
DA:44,0
LF:15
LH:0
BRDA:8,0,0,0
BRDA:9,1,0,0
BRDA:10,2,0,0
BRDA:11,3,0,0
BRDA:11,3,1,0
BRDA:16,4,0,0
BRDA:16,4,1,0
BRDA:16,5,0,0
BRDA:16,5,1,0
BRF:9
BRH:0
end_of_record
TN:
SF:src/core/CoilMixin.ts
FN:30,CoilMixin
FN:54,(anonymous_1)
FN:58,(anonymous_2)
FN:62,(anonymous_3)
FN:66,(anonymous_4)
FN:79,(anonymous_5)
FN:92,(anonymous_6)
FN:97,(anonymous_7)
FN:109,(anonymous_8)
FN:134,(anonymous_9)
FN:157,(anonymous_10)
FN:164,(anonymous_11)
FN:168,(anonymous_12)
FN:172,(anonymous_13)
FN:176,(anonymous_14)
FN:188,(anonymous_15)
FN:200,(anonymous_16)
FN:205,(anonymous_17)
FN:211,(anonymous_18)
FN:220,(anonymous_19)
FN:224,(anonymous_20)
FN:228,(anonymous_21)
FN:232,(anonymous_22)
FN:233,(anonymous_23)
FN:236,(anonymous_24)
FN:245,(anonymous_25)
FN:269,isCoilObject
FN:274,getCoilFromObject
FNF:28
FNH:0
FNDA:0,CoilMixin
FNDA:0,(anonymous_1)
FNDA:0,(anonymous_2)
FNDA:0,(anonymous_3)
FNDA:0,(anonymous_4)
FNDA:0,(anonymous_5)
FNDA:0,(anonymous_6)
FNDA:0,(anonymous_7)
FNDA:0,(anonymous_8)
FNDA:0,(anonymous_9)
FNDA:0,(anonymous_10)
FNDA:0,(anonymous_11)
FNDA:0,(anonymous_12)
FNDA:0,(anonymous_13)
FNDA:0,(anonymous_14)
FNDA:0,(anonymous_15)
FNDA:0,(anonymous_16)
FNDA:0,(anonymous_17)
FNDA:0,(anonymous_18)
FNDA:0,(anonymous_19)
FNDA:0,(anonymous_20)
FNDA:0,(anonymous_21)
FNDA:0,(anonymous_22)
FNDA:0,(anonymous_23)
FNDA:0,(anonymous_24)
FNDA:0,(anonymous_25)
FNDA:0,isCoilObject
FNDA:0,getCoilFromObject
DA:14,0
DA:15,0
DA:30,0
DA:36,0
DA:46,0
DA:49,0
DA:55,0
DA:59,0
DA:63,0
DA:67,0
DA:68,0
DA:71,0
DA:80,0
DA:81,0
DA:84,0
DA:93,0
DA:99,0
DA:101,0
DA:102,0
DA:111,0
DA:112,0
DA:114,0
DA:115,0
DA:116,0
DA:117,0
DA:119,0
DA:124,0
DA:128,0
DA:133,0
DA:134,0
DA:136,0
DA:137,0
DA:141,0
DA:142,0
DA:146,0
DA:150,0
DA:155,0
DA:158,0
DA:159,0
DA:160,0
DA:161,0
DA:165,0
DA:169,0
DA:173,0
DA:177,0
DA:178,0
DA:180,0
DA:189,0
DA:190,0
DA:192,0
DA:201,0
DA:206,0
DA:207,0
DA:212,0
DA:221,0
DA:225,0
DA:229,0
DA:233,0
DA:238,0
DA:240,0
DA:241,0
DA:247,0
DA:248,0
DA:250,0
DA:251,0
DA:252,0
DA:253,0
DA:255,0
DA:260,0
DA:264,0
DA:269,0
DA:270,0
DA:274,0
DA:275,0
DA:276,0
DA:278,0
LF:76
LH:0
BRDA:51,0,0,0
BRDA:51,0,1,0
BRDA:52,1,0,0
BRDA:52,1,1,0
BRDA:99,2,0,0
BRDA:119,3,0,0
BRDA:120,4,0,0
BRDA:120,4,1,0
BRDA:120,4,2,0
BRDA:136,5,0,0
BRDA:141,6,0,0
BRDA:158,7,0,0
BRDA:158,7,1,0
BRDA:160,8,0,0
BRDA:160,8,1,0
BRDA:161,9,0,0
BRDA:161,9,1,0
BRDA:206,10,0,0
BRDA:238,11,0,0
BRDA:255,12,0,0
BRDA:256,13,0,0
BRDA:256,13,1,0
BRDA:256,13,2,0
BRDA:270,14,0,0
BRDA:270,14,1,0
BRDA:270,14,2,0
BRDA:275,15,0,0
BRF:27
BRH:0
end_of_record
TN:
SF:src/core/CoilSystem.ts
FN:47,(anonymous_0)
FN:56,(anonymous_1)
FN:65,(anonymous_2)
FN:170,(anonymous_3)
FN:178,(anonymous_4)
FN:186,(anonymous_5)
FN:197,getCoilPattern
FN:198,(anonymous_7)
FN:204,recognizeCoilPatterns
FN:205,(anonymous_9)
FN:216,getCoilContext
FN:227,getCoilResonanceFactors
FNF:12
FNH:6
FNDA:1,(anonymous_0)
FNDA:1,(anonymous_1)
FNDA:1,(anonymous_2)
FNDA:1,(anonymous_3)
FNDA:1,(anonymous_4)
FNDA:1,(anonymous_5)
FNDA:0,getCoilPattern
FNDA:0,(anonymous_7)
FNDA:0,recognizeCoilPatterns
FNDA:0,(anonymous_9)
FNDA:0,getCoilContext
FNDA:0,getCoilResonanceFactors
DA:48,1
DA:49,0
DA:51,1
DA:57,1
DA:58,0
DA:60,1
DA:66,1
DA:67,0
DA:69,1
DA:73,5
DA:74,5
DA:75,5
DA:77,5
DA:170,1
DA:178,1
DA:186,1
DA:197,5
DA:198,0
DA:204,5
DA:205,0
DA:206,0
DA:207,0
DA:209,0
DA:216,5
DA:217,0
DA:218,0
DA:227,5
DA:228,0
DA:229,0
LF:29
LH:17
BRDA:48,0,0,0
BRDA:57,1,0,0
BRDA:66,2,0,0
BRDA:206,3,0,0
BRDA:209,4,0,0
BRDA:209,4,1,0
BRDA:219,5,0,0
BRDA:219,5,1,0
BRDA:229,6,0,0
BRDA:229,6,1,0
BRF:10
BRH:0
end_of_record
TN:
SF:src/core/InfiniteDimensionalRefactor.ts
FN:70,(anonymous_0)
FN:80,(anonymous_1)
FN:197,(anonymous_2)
FN:204,(anonymous_3)
FN:260,(anonymous_4)
FN:285,(anonymous_5)
FN:311,(anonymous_6)
FN:335,(anonymous_7)
FN:353,(anonymous_8)
FN:372,(anonymous_9)
FN:381,(anonymous_10)
FN:428,(anonymous_11)
FN:435,(anonymous_12)
FN:442,(anonymous_13)
FN:449,(anonymous_14)
FN:462,(anonymous_15)
FN:464,(anonymous_16)
FN:467,(anonymous_17)
FN:482,(anonymous_18)
FN:506,(anonymous_19)
FNF:20
FNH:20
FNDA:91,(anonymous_0)
FNDA:91,(anonymous_1)
FNDA:728,(anonymous_2)
FNDA:39,(anonymous_3)
FNDA:1,(anonymous_4)
FNDA:39,(anonymous_5)
FNDA:39,(anonymous_6)
FNDA:39,(anonymous_7)
FNDA:39,(anonymous_8)
FNDA:39,(anonymous_9)
FNDA:39,(anonymous_10)
FNDA:1,(anonymous_11)
FNDA:1,(anonymous_12)
FNDA:6,(anonymous_13)
FNDA:2,(anonymous_14)
FNDA:16,(anonymous_15)
FNDA:16,(anonymous_16)
FNDA:16,(anonymous_17)
FNDA:2,(anonymous_18)
FNDA:1,(anonymous_19)
DA:65,6
DA:71,91
DA:72,91
DA:73,91
DA:74,91
DA:82,91
DA:96,91
DA:110,91
DA:124,91
DA:138,91
DA:152,91
DA:166,91
DA:180,91
DA:198,728
DA:208,39
DA:209,39
DA:210,0
DA:214,39
DA:225,39
DA:229,39
DA:235,39
DA:236,39
DA:237,39
DA:240,39
DA:243,39
DA:245,39
DA:261,1
DA:262,1
DA:269,1
DA:270,8
DA:271,8
DA:272,8
DA:273,8
DA:274,8
DA:279,1
DA:289,39
DA:290,39
DA:291,39
DA:292,39
DA:300,39
DA:315,39
DA:316,39
DA:317,39
DA:325,39
DA:339,39
DA:347,39
DA:357,39
DA:365,39
DA:375,39
DA:385,39
DA:388,39
DA:389,39
DA:390,39
DA:393,39
DA:421,39
DA:422,39
DA:429,1
DA:436,1
DA:443,6
DA:457,2
DA:458,2
DA:459,2
DA:462,16
DA:464,16
DA:466,2
DA:467,16
DA:469,2
DA:483,2
DA:485,2
DA:486,6
DA:487,6
DA:490,2
DA:491,2
DA:493,2
DA:494,5
DA:495,2
DA:496,2
DA:500,2
DA:513,1
LF:79
LH:78
BRDA:70,0,0,0
BRDA:209,1,0,0
BRDA:271,2,0,8
BRDA:273,3,0,8
BRDA:304,4,0,39
BRDA:304,4,1,0
BRDA:328,5,0,39
BRDA:328,5,1,0
BRDA:347,6,0,39
BRDA:347,6,1,0
BRDA:365,7,0,39
BRDA:365,7,1,0
BRDA:421,8,0,39
BRDA:421,8,1,0
BRDA:486,9,0,6
BRDA:486,9,1,5
BRDA:494,10,0,2
BRF:17
BRH:10
end_of_record
TN:
SF:src/core/MathUtils.ts
FN:24,(anonymous_0)
FN:41,(anonymous_1)
FN:50,(anonymous_2)
FN:62,(anonymous_3)
FN:71,(anonymous_4)
FN:78,(anonymous_5)
FN:85,(anonymous_6)
FN:96,(anonymous_7)
FN:108,(anonymous_8)
FN:122,(anonymous_9)
FN:144,(anonymous_10)
FN:156,(anonymous_11)
FN:175,(anonymous_12)
FN:182,(anonymous_13)
FN:189,(anonymous_14)
FN:198,(anonymous_15)
FN:206,(anonymous_16)
FN:227,(anonymous_17)
FN:239,(anonymous_18)
FN:259,(anonymous_19)
FN:285,(anonymous_20)
FN:292,(anonymous_21)
FN:299,(anonymous_22)
FN:310,(anonymous_23)
FN:333,(anonymous_24)
FN:336,(anonymous_25)
FN:338,(anonymous_26)
FN:347,(anonymous_27)
FN:354,(anonymous_28)
FN:361,(anonymous_29)
FN:375,(anonymous_30)
FN:385,(anonymous_31)
FNF:32
FNH:0
FNDA:0,(anonymous_0)
FNDA:0,(anonymous_1)
FNDA:0,(anonymous_2)
FNDA:0,(anonymous_3)
FNDA:0,(anonymous_4)
FNDA:0,(anonymous_5)
FNDA:0,(anonymous_6)
FNDA:0,(anonymous_7)
FNDA:0,(anonymous_8)
FNDA:0,(anonymous_9)
FNDA:0,(anonymous_10)
FNDA:0,(anonymous_11)
FNDA:0,(anonymous_12)
FNDA:0,(anonymous_13)
FNDA:0,(anonymous_14)
FNDA:0,(anonymous_15)
FNDA:0,(anonymous_16)
FNDA:0,(anonymous_17)
FNDA:0,(anonymous_18)
FNDA:0,(anonymous_19)
FNDA:0,(anonymous_20)
FNDA:0,(anonymous_21)
FNDA:0,(anonymous_22)
FNDA:0,(anonymous_23)
FNDA:0,(anonymous_24)
FNDA:0,(anonymous_25)
FNDA:0,(anonymous_26)
FNDA:0,(anonymous_27)
FNDA:0,(anonymous_28)
FNDA:0,(anonymous_29)
FNDA:0,(anonymous_30)
FNDA:0,(anonymous_31)
DA:11,5
DA:20,5
DA:32,0
DA:33,0
DA:34,0
DA:35,0
DA:42,0
DA:43,0
DA:44,0
DA:56,0
DA:63,0
DA:64,0
DA:65,0
DA:72,0
DA:79,0
DA:90,0
DA:101,0
DA:102,0
DA:109,0
DA:111,0
DA:112,0
DA:113,0
DA:116,0
DA:129,0
DA:130,0
DA:132,0
DA:133,0
DA:135,0
DA:136,0
DA:138,0
DA:149,0
DA:150,0
DA:157,0
DA:158,0
DA:159,0
DA:161,0
DA:162,0
DA:163,0
DA:164,0
DA:165,0
DA:166,0
DA:169,0
DA:176,0
DA:183,0
DA:190,0
DA:191,0
DA:192,0
DA:199,0
DA:200,0
DA:207,0
DA:208,0
DA:210,0
DA:211,0
DA:212,0
DA:213,0
DA:215,0
DA:216,0
DA:218,0
DA:221,0
DA:231,0
DA:232,0
DA:233,0
DA:244,0
DA:245,0
DA:247,0
DA:248,0
DA:250,0
DA:251,0
DA:253,0
DA:267,0
DA:269,0
DA:270,0
DA:273,0
DA:275,0
DA:276,0
DA:279,0
DA:286,0
DA:293,0
DA:304,0
DA:311,0
DA:312,0
DA:315,0
DA:316,0
DA:318,0
DA:319,0
DA:320,0
DA:321,0
DA:322,0
DA:323,0
DA:327,0
DA:334,0
DA:336,0
DA:338,0
DA:341,0
DA:348,0
DA:355,0
DA:362,0
DA:363,0
DA:365,0
DA:366,0
DA:367,0
DA:369,0
DA:376,0
DA:377,0
DA:379,0
DA:386,0
DA:388,0
LF:107
LH:2
BRDA:99,0,0,0
BRDA:111,1,0,0
BRDA:112,2,0,0
BRDA:113,3,0,0
BRDA:113,3,1,0
BRDA:116,4,0,0
BRDA:116,4,1,0
BRDA:126,5,0,0
BRDA:127,6,0,0
BRDA:133,7,0,0
BRDA:133,7,1,0
BRDA:147,8,0,0
BRDA:157,9,0,0
BRDA:158,10,0,0
BRDA:159,11,0,0
BRDA:165,12,0,0
BRDA:165,13,0,0
BRDA:165,13,1,0
BRDA:198,14,0,0
BRDA:206,15,0,0
BRDA:213,16,0,0
BRDA:213,16,1,0
BRDA:229,17,0,0
BRDA:242,18,0,0
BRDA:265,19,0,0
BRDA:269,20,0,0
BRDA:302,21,0,0
BRDA:311,22,0,0
BRDA:311,23,0,0
BRDA:311,23,1,0
BRDA:321,24,0,0
BRDA:321,25,0,0
BRDA:321,25,1,0
BRDA:327,26,0,0
BRDA:327,26,1,0
BRDA:334,27,0,0
BRDA:362,28,0,0
BRDA:363,29,0,0
BRDA:363,30,0,0
BRDA:363,30,1,0
BRDA:376,31,0,0
BRDA:376,32,0,0
BRDA:376,32,1,0
BRDA:377,33,0,0
BRDA:377,34,0,0
BRDA:377,34,1,0
BRDA:386,35,0,0
BRDA:386,36,0,0
BRDA:386,36,1,0
BRF:49
BRH:0
end_of_record
TN:
SF:src/core/NetworkNode.ts
FN:38,(anonymous_1)
FN:46,(anonymous_2)
FN:53,(anonymous_3)
FN:57,(anonymous_4)
FN:62,(anonymous_5)
FN:84,(anonymous_6)
FN:115,(anonymous_7)
FN:129,(anonymous_8)
FN:130,(anonymous_9)
FN:135,(anonymous_10)
FN:164,(anonymous_11)
FN:175,(anonymous_12)
FN:195,(anonymous_13)
FN:205,(anonymous_14)
FN:217,(anonymous_15)
FN:222,(anonymous_16)
FN:236,(anonymous_17)
FN:248,(anonymous_18)
FN:255,(anonymous_19)
FN:259,(anonymous_20)
FN:277,(anonymous_21)
FN:278,(anonymous_22)
FN:287,(anonymous_23)
FN:292,(anonymous_24)
FN:299,(anonymous_25)
FN:330,(anonymous_26)
FN:336,(anonymous_27)
FN:351,(anonymous_28)
FN:353,(anonymous_29)
FN:364,(anonymous_30)
FN:372,(anonymous_31)
FN:379,(anonymous_32)
FN:386,(anonymous_33)
FN:399,(anonymous_34)
FN:401,(anonymous_35)
FN:402,(anonymous_36)
FN:407,(anonymous_37)
FNF:37
FNH:7
FNDA:66,(anonymous_1)
FNDA:84,(anonymous_2)
FNDA:0,(anonymous_3)
FNDA:0,(anonymous_4)
FNDA:0,(anonymous_5)
FNDA:67,(anonymous_6)
FNDA:0,(anonymous_7)
FNDA:0,(anonymous_8)
FNDA:0,(anonymous_9)
FNDA:0,(anonymous_10)
FNDA:0,(anonymous_11)
FNDA:0,(anonymous_12)
FNDA:0,(anonymous_13)
FNDA:0,(anonymous_14)
FNDA:0,(anonymous_15)
FNDA:0,(anonymous_16)
FNDA:0,(anonymous_17)
FNDA:4678,(anonymous_18)
FNDA:0,(anonymous_19)
FNDA:0,(anonymous_20)
FNDA:0,(anonymous_21)
FNDA:0,(anonymous_22)
FNDA:0,(anonymous_23)
FNDA:0,(anonymous_24)
FNDA:0,(anonymous_25)
FNDA:0,(anonymous_26)
FNDA:0,(anonymous_27)
FNDA:58,(anonymous_28)
FNDA:0,(anonymous_29)
FNDA:100,(anonymous_30)
FNDA:2439,(anonymous_31)
FNDA:0,(anonymous_32)
FNDA:0,(anonymous_33)
FNDA:0,(anonymous_34)
FNDA:0,(anonymous_35)
FNDA:0,(anonymous_36)
FNDA:0,(anonymous_37)
DA:1,5
DA:2,5
DA:3,5
DA:30,5
DA:33,66
DA:34,66
DA:39,66
DA:40,66
DA:47,84
DA:49,66
DA:51,66
DA:53,66
DA:54,0
DA:57,66
DA:58,0
DA:62,66
DA:63,0
DA:67,66
DA:68,58
DA:71,66
DA:72,66
DA:74,66
DA:76,0
DA:77,0
DA:85,67
DA:88,66
DA:89,66
DA:91,66
DA:92,58
DA:96,66
DA:97,0
DA:99,66
DA:102,66
DA:103,66
DA:106,66
DA:107,66
DA:109,66
DA:120,0
DA:121,0
DA:122,0
DA:125,0
DA:126,0
DA:127,0
DA:129,0
DA:130,0
DA:131,0
DA:132,0
DA:135,0
DA:136,0
DA:137,0
DA:146,0
DA:147,0
DA:150,0
DA:157,0
DA:161,0
DA:164,0
DA:165,0
DA:166,0
DA:170,0
DA:171,0
DA:175,0
DA:176,0
DA:177,0
DA:178,0
DA:179,0
DA:181,0
DA:182,0
DA:187,0
DA:191,0
DA:192,0
DA:195,0
DA:199,0
DA:206,0
DA:207,0
DA:208,0
DA:209,0
DA:210,0
DA:221,0
DA:222,0
DA:225,0
DA:226,0
DA:227,0
DA:228,0
DA:237,0
DA:238,0
DA:239,0
DA:240,0
DA:242,0
DA:249,4678
DA:256,0
DA:260,0
DA:261,0
DA:262,0
DA:265,0
DA:274,0
DA:278,0
DA:279,0
DA:280,0
DA:281,0
DA:283,0
DA:287,0
DA:288,0
DA:289,0
DA:292,0
DA:293,0
DA:294,0
DA:295,0
DA:300,0
DA:302,0
DA:303,0
DA:304,0
DA:305,0
DA:309,0
DA:312,0
DA:313,0
DA:314,0
DA:318,0
DA:321,0
DA:322,0
DA:323,0
DA:326,0
DA:331,0
DA:332,0
DA:337,0
DA:338,0
DA:339,0
DA:341,0
DA:342,0
DA:343,0
DA:344,0
DA:346,0
DA:353,58
DA:355,0
DA:366,100
DA:373,2439
DA:380,0
DA:386,0
DA:387,0
DA:388,0
DA:391,0
DA:400,0
DA:401,0
DA:402,0
DA:404,0
DA:407,0
DA:408,0
DA:409,0
DA:414,0
DA:416,0
DA:417,0
DA:418,0
DA:420,0
DA:421,0
DA:422,0
LF:154
LH:35
BRDA:47,0,0,18
BRDA:67,1,0,58
BRDA:85,2,0,1
BRDA:88,3,0,66
BRDA:91,4,0,58
BRDA:102,5,0,66
BRDA:118,6,0,0
BRDA:120,7,0,0
BRDA:133,8,0,0
BRDA:133,8,1,0
BRDA:138,9,0,0
BRDA:138,9,1,0
BRDA:170,10,0,0
BRDA:177,11,0,0
BRDA:181,12,0,0
BRDA:191,13,0,0
BRDA:207,14,0,0
BRDA:221,15,0,0
BRDA:221,15,1,0
BRDA:227,16,0,0
BRDA:227,17,0,0
BRDA:227,17,1,0
BRDA:238,18,0,0
BRDA:238,19,0,0
BRDA:238,19,1,0
BRDA:260,20,0,0
BRDA:300,21,0,0
BRDA:300,21,1,0
BRDA:300,21,2,0
BRDA:300,21,3,0
BRDA:331,22,0,0
BRDA:339,23,0,0
BRDA:339,23,1,0
BRDA:400,24,0,0
BRDA:416,25,0,0
BRDA:420,26,0,0
BRF:36
BRH:6
end_of_record
TN:
SF:src/core/Observer.ts
FN:29,ObserverMixin
FN:37,(anonymous_1)
FN:43,(anonymous_2)
FN:46,(anonymous_3)
FN:49,(anonymous_4)
FN:52,(anonymous_5)
FN:55,(anonymous_6)
FN:56,(anonymous_7)
FN:65,(anonymous_8)
FN:68,(anonymous_9)
FN:72,(anonymous_10)
FN:76,(anonymous_11)
FN:79,(anonymous_12)
FN:82,(anonymous_13)
FN:85,(anonymous_14)
FN:88,(anonymous_15)
FN:89,(anonymous_16)
FN:94,(anonymous_17)
FN:107,(anonymous_18)
FN:114,(anonymous_19)
FNF:20
FNH:5
FNDA:148,ObserverMixin
FNDA:0,(anonymous_1)
FNDA:0,(anonymous_2)
FNDA:0,(anonymous_3)
FNDA:0,(anonymous_4)
FNDA:0,(anonymous_5)
FNDA:20,(anonymous_6)
FNDA:0,(anonymous_7)
FNDA:66,(anonymous_8)
FNDA:0,(anonymous_9)
FNDA:0,(anonymous_10)
FNDA:0,(anonymous_11)
FNDA:0,(anonymous_12)
FNDA:0,(anonymous_13)
FNDA:0,(anonymous_14)
FNDA:0,(anonymous_15)
FNDA:0,(anonymous_16)
FNDA:0,(anonymous_17)
FNDA:66,(anonymous_18)
FNDA:1,(anonymous_19)
DA:29,7
DA:33,148
DA:34,148
DA:39,0
DA:40,0
DA:44,0
DA:47,0
DA:50,0
DA:53,0
DA:56,20
DA:62,7
DA:64,66
DA:66,66
DA:70,0
DA:74,0
DA:77,0
DA:80,0
DA:83,0
DA:86,0
DA:89,0
DA:95,0
DA:103,7
DA:104,66
DA:105,66
DA:108,66
DA:115,1
LF:26
LH:12
BRDA:35,0,0,148
BRDA:35,0,1,0
BRDA:35,0,2,0
BRDA:39,1,0,0
BRDA:66,2,0,66
BRDA:66,2,1,66
BRF:6
BRH:3
end_of_record
TN:
SF:src/core/PatternRecognition.ts
FN:67,(anonymous_0)
FN:76,(anonymous_1)
FN:89,(anonymous_2)
FN:140,(anonymous_3)
FN:157,(anonymous_4)
FN:182,(anonymous_5)
FN:210,(anonymous_6)
FN:238,(anonymous_7)
FN:277,(anonymous_8)
FN:284,(anonymous_9)
FN:292,(anonymous_10)
FN:310,(anonymous_11)
FN:327,(anonymous_12)
FN:329,(anonymous_13)
FN:337,(anonymous_14)
FN:339,(anonymous_15)
FN:354,(anonymous_16)
FN:373,(anonymous_17)
FN:380,(anonymous_18)
FN:435,(anonymous_19)
FN:461,(anonymous_20)
FN:489,(anonymous_21)
FN:522,(anonymous_22)
FN:549,(anonymous_23)
FN:561,(anonymous_24)
FN:562,(anonymous_25)
FN:562,(anonymous_26)
FN:563,(anonymous_27)
FN:569,(anonymous_28)
FN:570,(anonymous_29)
FN:571,(anonymous_30)
FN:577,(anonymous_31)
FN:578,(anonymous_32)
FN:579,(anonymous_33)
FN:585,(anonymous_34)
FN:586,(anonymous_35)
FN:587,(anonymous_36)
FN:593,(anonymous_37)
FN:594,(anonymous_38)
FN:595,(anonymous_39)
FN:601,(anonymous_40)
FN:613,(anonymous_41)
FN:625,(anonymous_42)
FN:626,(anonymous_43)
FN:633,(anonymous_44)
FN:634,(anonymous_45)
FN:641,(anonymous_46)
FN:642,(anonymous_47)
FNF:48
FNH:8
FNDA:132,(anonymous_0)
FNDA:0,(anonymous_1)
FNDA:1,(anonymous_2)
FNDA:0,(anonymous_3)
FNDA:1,(anonymous_4)
FNDA:0,(anonymous_5)
FNDA:0,(anonymous_6)
FNDA:0,(anonymous_7)
FNDA:0,(anonymous_8)
FNDA:0,(anonymous_9)
FNDA:0,(anonymous_10)
FNDA:0,(anonymous_11)
FNDA:0,(anonymous_12)
FNDA:0,(anonymous_13)
FNDA:132,(anonymous_14)
FNDA:1584,(anonymous_15)
FNDA:1584,(anonymous_16)
FNDA:1584,(anonymous_17)
FNDA:12,(anonymous_18)
FNDA:0,(anonymous_19)
FNDA:0,(anonymous_20)
FNDA:0,(anonymous_21)
FNDA:0,(anonymous_22)
FNDA:0,(anonymous_23)
FNDA:0,(anonymous_24)
FNDA:0,(anonymous_25)
FNDA:0,(anonymous_26)
FNDA:0,(anonymous_27)
FNDA:0,(anonymous_28)
FNDA:0,(anonymous_29)
FNDA:0,(anonymous_30)
FNDA:0,(anonymous_31)
FNDA:0,(anonymous_32)
FNDA:0,(anonymous_33)
FNDA:0,(anonymous_34)
FNDA:0,(anonymous_35)
FNDA:0,(anonymous_36)
FNDA:0,(anonymous_37)
FNDA:0,(anonymous_38)
FNDA:0,(anonymous_39)
FNDA:0,(anonymous_40)
FNDA:0,(anonymous_41)
FNDA:0,(anonymous_42)
FNDA:0,(anonymous_43)
FNDA:0,(anonymous_44)
FNDA:0,(anonymous_45)
FNDA:0,(anonymous_46)
FNDA:0,(anonymous_47)
DA:13,5
DA:14,5
DA:18,5
DA:19,5
DA:20,5
DA:61,5
DA:62,132
DA:63,132
DA:64,132
DA:68,132
DA:69,132
DA:70,132
DA:77,0
DA:80,0
DA:82,0
DA:83,0
DA:93,1
DA:94,1
DA:105,1
DA:106,12
DA:112,12
DA:114,0
DA:125,1
DA:127,1
DA:128,0
DA:129,0
DA:140,1
DA:143,1
DA:146,1
DA:147,0
DA:150,1
DA:151,1
DA:166,1
DA:168,1
DA:171,1
DA:183,0
DA:194,0
DA:196,0
DA:197,0
DA:198,0
DA:199,0
DA:200,0
DA:201,0
DA:202,0
DA:204,0
DA:211,0
DA:222,0
DA:224,0
DA:225,0
DA:226,0
DA:227,0
DA:228,0
DA:229,0
DA:230,0
DA:232,0
DA:239,0
DA:249,0
DA:250,0
DA:251,0
DA:252,0
DA:253,0
DA:254,0
DA:255,0
DA:256,0
DA:258,0
DA:271,0
DA:278,0
DA:285,0
DA:286,0
DA:293,0
DA:302,0
DA:303,0
DA:308,0
DA:309,0
DA:310,0
DA:313,0
DA:318,0
DA:319,0
DA:320,0
DA:326,0
DA:327,0
DA:329,0
DA:331,0
DA:339,132
DA:340,1584
DA:355,1584
DA:367,1584
DA:374,1584
DA:385,12
DA:388,12
DA:389,3
DA:391,9
DA:392,9
DA:395,12
DA:398,0
DA:401,0
DA:402,0
DA:406,0
DA:407,0
DA:411,0
DA:412,0
DA:416,0
DA:417,0
DA:421,0
DA:422,0
DA:425,0
DA:439,0
DA:447,0
DA:448,0
DA:449,0
DA:450,0
DA:451,0
DA:452,0
DA:455,0
DA:462,0
DA:463,0
DA:465,0
DA:468,0
DA:469,0
DA:473,0
DA:474,0
DA:478,0
DA:479,0
DA:480,0
DA:483,0
DA:490,0
DA:492,0
DA:493,0
DA:498,0
DA:499,0
DA:502,0
DA:503,0
DA:506,0
DA:507,0
DA:512,0
DA:513,0
DA:516,0
DA:523,0
DA:525,0
DA:526,0
DA:529,0
DA:530,0
DA:535,0
DA:536,0
DA:539,0
DA:540,0
DA:543,0
DA:550,0
DA:551,0
DA:552,0
DA:553,0
DA:555,0
DA:562,0
DA:563,0
DA:570,0
DA:571,0
DA:578,0
DA:579,0
DA:586,0
DA:587,0
DA:594,0
DA:595,0
DA:602,0
DA:603,0
DA:604,0
DA:605,0
DA:607,0
DA:614,0
DA:615,0
DA:616,0
DA:617,0
DA:619,0
DA:626,0
DA:627,0
DA:634,0
DA:635,0
DA:642,0
DA:643,0
LF:178
LH:38
BRDA:69,0,0,132
BRDA:69,0,1,66
BRDA:77,1,0,0
BRDA:112,2,0,0
BRDA:128,3,0,0
BRDA:130,4,0,0
BRDA:130,4,1,0
BRDA:168,5,0,0
BRDA:168,5,1,1
BRDA:168,6,0,1
BRDA:168,6,1,1
BRDA:168,6,2,0
BRDA:194,7,0,0
BRDA:222,8,0,0
BRDA:249,9,0,0
BRDA:251,10,0,0
BRDA:304,11,0,0
BRDA:304,11,1,0
BRDA:308,12,0,0
BRDA:322,13,0,0
BRDA:322,13,1,0
BRDA:345,14,0,1584
BRDA:345,14,1,0
BRDA:346,15,0,1584
BRDA:346,15,1,0
BRDA:367,16,0,1584
BRDA:367,16,1,0
BRDA:388,17,0,3
BRDA:388,17,1,9
BRDA:389,18,0,0
BRDA:389,18,1,3
BRDA:392,19,0,0
BRDA:392,19,1,9
BRDA:395,20,0,12
BRDA:401,21,0,0
BRDA:406,22,0,0
BRDA:411,23,0,0
BRDA:416,24,0,0
BRDA:417,25,0,0
BRDA:417,25,1,0
BRDA:421,26,0,0
BRDA:422,27,0,0
BRDA:422,27,1,0
BRDA:447,28,0,0
BRDA:468,29,0,0
BRDA:473,30,0,0
BRDA:479,31,0,0
BRDA:492,32,0,0
BRDA:498,33,0,0
BRDA:502,34,0,0
BRDA:506,35,0,0
BRDA:512,36,0,0
BRDA:525,37,0,0
BRDA:529,38,0,0
BRDA:535,39,0,0
BRDA:539,40,0,0
BRDA:552,41,0,0
BRDA:552,41,1,0
BRDA:553,42,0,0
BRDA:553,42,1,0
BRDA:562,43,0,0
BRDA:562,43,1,0
BRDA:563,44,0,0
BRDA:563,44,1,0
BRDA:570,45,0,0
BRDA:570,45,1,0
BRDA:571,46,0,0
BRDA:571,46,1,0
BRDA:578,47,0,0
BRDA:578,47,1,0
BRDA:579,48,0,0
BRDA:579,48,1,0
BRDA:586,49,0,0
BRDA:586,49,1,0
BRDA:587,50,0,0
BRDA:587,50,1,0
BRDA:594,51,0,0
BRDA:594,51,1,0
BRDA:595,52,0,0
BRDA:595,52,1,0
BRDA:604,53,0,0
BRDA:604,53,1,0
BRDA:605,54,0,0
BRDA:605,54,1,0
BRDA:616,55,0,0
BRDA:616,55,1,0
BRDA:617,56,0,0
BRDA:617,56,1,0
BRDA:642,57,0,0
BRDA:642,57,1,0
BRF:90
BRH:13
end_of_record
TN:
SF:src/core/PatternRegistry.ts
FN:45,(anonymous_0)
FN:53,(anonymous_1)
FN:70,(anonymous_2)
FN:111,(anonymous_3)
FN:135,(anonymous_4)
FN:139,(anonymous_5)
FN:140,(anonymous_6)
FN:141,(anonymous_7)
FN:150,(anonymous_8)
FN:157,(anonymous_9)
FN:164,(anonymous_10)
FN:171,(anonymous_11)
FN:172,(anonymous_12)
FN:180,(anonymous_13)
FN:207,(anonymous_14)
FN:215,(anonymous_15)
FN:223,(anonymous_16)
FN:242,(anonymous_17)
FN:280,(anonymous_18)
FN:295,(anonymous_19)
FN:302,(anonymous_20)
FN:333,(anonymous_21)
FNF:22
FNH:5
FNDA:198,(anonymous_0)
FNDA:264,(anonymous_1)
FNDA:0,(anonymous_2)
FNDA:1,(anonymous_3)
FNDA:0,(anonymous_4)
FNDA:0,(anonymous_5)
FNDA:0,(anonymous_6)
FNDA:0,(anonymous_7)
FNDA:168,(anonymous_8)
FNDA:0,(anonymous_9)
FNDA:84,(anonymous_10)
FNDA:0,(anonymous_11)
FNDA:0,(anonymous_12)
FNDA:0,(anonymous_13)
FNDA:0,(anonymous_14)
FNDA:0,(anonymous_15)
FNDA:0,(anonymous_16)
FNDA:0,(anonymous_17)
FNDA:0,(anonymous_18)
FNDA:0,(anonymous_19)
FNDA:0,(anonymous_20)
FNDA:0,(anonymous_21)
DA:15,5
DA:39,5
DA:40,198
DA:41,198
DA:42,198
DA:43,198
DA:46,198
DA:47,198
DA:54,264
DA:57,198
DA:64,198
DA:71,0
DA:72,0
DA:86,0
DA:89,0
DA:90,0
DA:91,0
DA:94,0
DA:95,0
DA:96,0
DA:98,0
DA:105,0
DA:112,1
DA:115,1
DA:116,0
DA:118,0
DA:119,0
DA:121,0
DA:135,1
DA:137,1
DA:139,0
DA:140,0
DA:141,0
DA:144,1
DA:151,168
DA:158,0
DA:165,84
DA:172,0
DA:173,0
DA:181,0
DA:182,0
DA:184,0
DA:192,0
DA:194,0
DA:201,0
DA:208,0
DA:209,0
DA:211,0
DA:214,0
DA:215,0
DA:216,0
DA:217,0
DA:218,0
DA:222,0
DA:223,0
DA:224,0
DA:225,0
DA:226,0
DA:229,0
DA:236,0
DA:243,0
DA:244,0
DA:245,0
DA:247,0
DA:248,0
DA:249,0
DA:251,0
DA:253,0
DA:256,0
DA:259,0
DA:260,0
DA:261,0
DA:264,0
DA:281,0
DA:282,0
DA:283,0
DA:285,0
DA:296,0
DA:303,0
DA:306,0
DA:307,0
DA:311,0
DA:312,0
DA:316,0
DA:317,0
DA:318,0
DA:322,0
DA:323,0
DA:324,0
DA:327,0
DA:334,0
DA:335,0
DA:336,0
DA:337,0
DA:338,0
DA:339,0
DA:340,0
DA:341,0
LF:98
LH:18
BRDA:54,0,0,66
BRDA:78,1,0,0
BRDA:78,1,1,0
BRDA:79,2,0,0
BRDA:79,2,1,0
BRDA:80,3,0,0
BRDA:80,3,1,0
BRDA:81,4,0,0
BRDA:81,4,1,0
BRDA:82,5,0,0
BRDA:82,5,1,0
BRDA:89,6,0,0
BRDA:89,6,1,0
BRDA:94,7,0,0
BRDA:94,7,1,0
BRDA:118,8,0,0
BRDA:126,9,0,0
BRDA:126,9,1,0
BRDA:127,10,0,0
BRDA:127,10,1,0
BRDA:128,11,0,0
BRDA:128,11,1,0
BRDA:151,12,0,168
BRDA:151,12,1,168
BRDA:158,13,0,0
BRDA:158,13,1,0
BRDA:171,14,0,0
BRDA:182,15,0,0
BRDA:187,16,0,0
BRDA:187,16,1,0
BRDA:187,16,2,0
BRDA:188,17,0,0
BRDA:188,17,1,0
BRDA:188,17,2,0
BRDA:189,18,0,0
BRDA:189,18,1,0
BRDA:189,18,2,0
BRDA:209,19,0,0
BRDA:214,20,0,0
BRDA:214,20,1,0
BRDA:216,21,0,0
BRDA:222,22,0,0
BRDA:222,22,1,0
BRDA:224,23,0,0
BRDA:231,24,0,0
BRDA:231,24,1,0
BRDA:232,25,0,0
BRDA:232,25,1,0
BRDA:233,26,0,0
BRDA:233,26,1,0
BRDA:253,27,0,0
BRDA:253,27,1,0
BRDA:256,28,0,0
BRDA:256,28,1,0
BRDA:259,29,0,0
BRDA:259,29,1,0
BRDA:260,30,0,0
BRDA:260,30,1,0
BRDA:261,31,0,0
BRDA:261,31,1,0
BRDA:268,32,0,0
BRDA:268,32,1,0
BRDA:269,33,0,0
BRDA:269,33,1,0
BRDA:270,34,0,0
BRDA:270,34,1,0
BRDA:306,35,0,0
BRDA:311,36,0,0
BRDA:316,37,0,0
BRDA:316,38,0,0
BRDA:316,38,1,0
BRDA:322,39,0,0
BRDA:322,40,0,0
BRDA:322,40,1,0
BRDA:335,41,0,0
BRDA:335,41,1,0
BRDA:335,42,0,0
BRDA:335,42,1,0
BRDA:337,43,0,0
BRDA:337,43,1,0
BRDA:337,44,0,0
BRDA:337,44,1,0
BRDA:339,45,0,0
BRDA:339,45,1,0
BRDA:339,46,0,0
BRDA:339,46,1,0
BRF:86
BRH:3
end_of_record
TN:
SF:src/core/SharedConstants.ts
FN:273,(anonymous_0)
FN:284,(anonymous_1)
FN:291,(anonymous_2)
FN:302,(anonymous_3)
FN:314,(anonymous_4)
FN:321,(anonymous_5)
FN:328,(anonymous_6)
FN:335,(anonymous_7)
FNF:8
FNH:0
FNDA:0,(anonymous_0)
FNDA:0,(anonymous_1)
FNDA:0,(anonymous_2)
FNDA:0,(anonymous_3)
FNDA:0,(anonymous_4)
FNDA:0,(anonymous_5)
FNDA:0,(anonymous_6)
FNDA:0,(anonymous_7)
DA:14,9
DA:60,9
DA:96,9
DA:125,9
DA:143,9
DA:175,9
DA:232,9
DA:269,9
DA:275,0
DA:278,0
DA:285,0
DA:292,0
DA:293,0
DA:294,0
DA:296,0
DA:303,0
DA:304,0
DA:305,0
DA:308,0
DA:315,0
DA:322,0
DA:329,0
DA:336,0
DA:351,0
LF:24
LH:8
BRDA:278,0,0,0
BRDA:278,0,1,0
BRDA:293,1,0,0
BRDA:294,2,0,0
BRDA:304,3,0,0
BRDA:315,4,0,0
BRDA:315,4,1,0
BRDA:329,5,0,0
BRDA:329,5,1,0
BRDA:351,6,0,0
BRDA:351,6,1,0
BRF:11
BRH:0
end_of_record
TN:
SF:src/core/UnifiedMetaphysicalInterface.ts
FN:62,(anonymous_0)
FN:71,(anonymous_1)
FN:89,(anonymous_2)
FN:128,(anonymous_3)
FN:167,(anonymous_4)
FN:206,(anonymous_5)
FN:245,(anonymous_6)
FN:284,(anonymous_7)
FN:291,(anonymous_8)
FN:298,(anonymous_9)
FN:305,(anonymous_10)
FN:328,(anonymous_11)
FN:343,(anonymous_12)
FN:350,(anonymous_13)
FN:370,(anonymous_14)
FN:398,(anonymous_15)
FN:426,(anonymous_16)
FN:454,(anonymous_17)
FN:482,(anonymous_18)
FN:507,(anonymous_19)
FN:540,(anonymous_20)
FN:553,(anonymous_21)
FN:570,(anonymous_22)
FN:580,(anonymous_23)
FN:590,(anonymous_24)
FN:600,(anonymous_25)
FN:607,(anonymous_26)
FN:618,(anonymous_27)
FN:626,(anonymous_28)
FN:633,(anonymous_29)
FN:640,(anonymous_30)
FN:650,(anonymous_31)
FN:658,(anonymous_32)
FN:667,(anonymous_33)
FN:676,(anonymous_34)
FN:685,(anonymous_35)
FN:694,(anonymous_36)
FN:706,(anonymous_37)
FN:721,calculateVortexResonance
FNF:39
FNH:8
FNDA:66,(anonymous_0)
FNDA:84,(anonymous_1)
FNDA:0,(anonymous_2)
FNDA:0,(anonymous_3)
FNDA:0,(anonymous_4)
FNDA:0,(anonymous_5)
FNDA:0,(anonymous_6)
FNDA:1425,(anonymous_7)
FNDA:0,(anonymous_8)
FNDA:0,(anonymous_9)
FNDA:0,(anonymous_10)
FNDA:84,(anonymous_11)
FNDA:1425,(anonymous_12)
FNDA:66,(anonymous_13)
FNDA:0,(anonymous_14)
FNDA:0,(anonymous_15)
FNDA:0,(anonymous_16)
FNDA:0,(anonymous_17)
FNDA:0,(anonymous_18)
FNDA:0,(anonymous_19)
FNDA:0,(anonymous_20)
FNDA:84,(anonymous_21)
FNDA:0,(anonymous_22)
FNDA:0,(anonymous_23)
FNDA:0,(anonymous_24)
FNDA:0,(anonymous_25)
FNDA:0,(anonymous_26)
FNDA:0,(anonymous_27)
FNDA:0,(anonymous_28)
FNDA:0,(anonymous_29)
FNDA:0,(anonymous_30)
FNDA:0,(anonymous_31)
FNDA:0,(anonymous_32)
FNDA:0,(anonymous_33)
FNDA:0,(anonymous_34)
FNDA:0,(anonymous_35)
FNDA:0,(anonymous_36)
FNDA:67,(anonymous_37)
FNDA:0,calculateVortexResonance
DA:18,5
DA:24,5
DA:56,5
DA:59,66
DA:60,66
DA:63,66
DA:64,66
DA:65,66
DA:72,84
DA:75,66
DA:78,66
DA:79,66
DA:80,66
DA:82,66
DA:83,66
DA:94,0
DA:95,0
DA:107,0
DA:110,0
DA:113,0
DA:116,0
DA:122,0
DA:133,0
DA:134,0
DA:146,0
DA:149,0
DA:152,0
DA:155,0
DA:161,0
DA:172,0
DA:173,0
DA:185,0
DA:188,0
DA:191,0
DA:194,0
DA:200,0
DA:211,0
DA:212,0
DA:224,0
DA:227,0
DA:230,0
DA:233,0
DA:239,0
DA:250,0
DA:251,0
DA:263,0
DA:266,0
DA:269,0
DA:272,0
DA:278,0
DA:285,1425
DA:292,0
DA:299,0
DA:307,0
DA:313,0
DA:316,0
DA:317,0
DA:320,0
DA:322,0
DA:330,84
DA:333,84
DA:344,1425
DA:351,66
DA:372,0
DA:379,0
DA:380,0
DA:383,0
DA:385,0
DA:400,0
DA:407,0
DA:408,0
DA:411,0
DA:413,0
DA:428,0
DA:435,0
DA:436,0
DA:439,0
DA:441,0
DA:456,0
DA:463,0
DA:464,0
DA:467,0
DA:469,0
DA:483,0
DA:486,0
DA:489,0
DA:492,0
DA:494,0
DA:509,0
DA:510,0
DA:516,0
DA:517,0
DA:523,0
DA:524,0
DA:530,0
DA:531,0
DA:537,0
DA:540,0
DA:541,0
DA:542,0
DA:547,0
DA:554,84
DA:555,84
DA:558,84
DA:561,84
DA:564,84
DA:571,0
DA:581,0
DA:591,0
DA:601,0
DA:608,0
DA:609,0
DA:610,0
DA:612,0
DA:619,0
DA:620,0
DA:621,0
DA:623,0
DA:627,0
DA:634,0
DA:641,0
DA:651,0
DA:652,0
DA:654,0
DA:659,0
DA:668,0
DA:677,0
DA:686,0
DA:695,0
DA:707,67
DA:710,67
DA:713,67
DA:723,0
LF:133
LH:28
BRDA:72,0,0,18
BRDA:308,1,0,0
BRDA:308,1,1,0
BRDA:309,2,0,0
BRDA:309,2,1,0
BRDA:313,3,0,0
BRDA:313,3,1,0
BRDA:328,4,0,84
BRDA:509,5,0,0
BRDA:516,6,0,0
BRDA:523,7,0,0
BRDA:530,8,0,0
BRDA:541,9,0,0
BRDA:608,10,0,0
BRDA:608,10,1,0
BRDA:608,11,0,0
BRDA:608,11,1,0
BRDA:609,12,0,0
BRDA:609,12,1,0
BRDA:609,13,0,0
BRDA:609,13,1,0
BRDA:610,14,0,0
BRDA:610,14,1,0
BRDA:610,15,0,0
BRDA:610,15,1,0
BRDA:619,16,0,0
BRDA:619,16,1,0
BRDA:620,17,0,0
BRDA:620,17,1,0
BRDA:621,18,0,0
BRDA:621,18,1,0
BRDA:628,19,0,0
BRDA:628,19,1,0
BRDA:629,20,0,0
BRDA:629,20,1,0
BRDA:635,21,0,0
BRDA:635,21,1,0
BRDA:636,22,0,0
BRDA:636,22,1,0
BRDA:642,23,0,0
BRDA:642,23,1,0
BRDA:643,24,0,0
BRDA:643,24,1,0
BRDA:651,25,0,0
BRDA:651,25,1,0
BRDA:652,26,0,0
BRDA:652,26,1,0
BRF:47
BRH:2
end_of_record
TN:
SF:src/core/UnifiedSystem.ts
FN:112,(anonymous_0)
FN:132,(anonymous_1)
FN:164,(anonymous_2)
FN:171,(anonymous_3)
FN:178,(anonymous_4)
FN:185,(anonymous_5)
FN:192,(anonymous_6)
FN:199,(anonymous_7)
FN:217,(anonymous_8)
FN:221,(anonymous_9)
FN:232,(anonymous_10)
FN:243,(anonymous_11)
FN:250,(anonymous_12)
FN:257,(anonymous_13)
FN:271,(anonymous_14)
FN:278,(anonymous_15)
FN:285,(anonymous_16)
FN:303,(anonymous_17)
FN:314,(anonymous_18)
FN:316,(anonymous_19)
FN:317,(anonymous_20)
FN:318,(anonymous_21)
FN:319,(anonymous_22)
FN:320,(anonymous_23)
FN:321,(anonymous_24)
FN:321,(anonymous_25)
FN:322,(anonymous_26)
FN:323,(anonymous_27)
FN:324,(anonymous_28)
FN:331,(anonymous_29)
FN:347,(anonymous_30)
FN:367,(anonymous_31)
FN:378,(anonymous_32)
FN:395,(anonymous_33)
FN:412,(anonymous_34)
FN:434,(anonymous_35)
FNF:36
FNH:3
FNDA:66,(anonymous_0)
FNDA:66,(anonymous_1)
FNDA:0,(anonymous_2)
FNDA:0,(anonymous_3)
FNDA:0,(anonymous_4)
FNDA:0,(anonymous_5)
FNDA:0,(anonymous_6)
FNDA:0,(anonymous_7)
FNDA:0,(anonymous_8)
FNDA:0,(anonymous_9)
FNDA:0,(anonymous_10)
FNDA:0,(anonymous_11)
FNDA:0,(anonymous_12)
FNDA:0,(anonymous_13)
FNDA:0,(anonymous_14)
FNDA:0,(anonymous_15)
FNDA:0,(anonymous_16)
FNDA:0,(anonymous_17)
FNDA:0,(anonymous_18)
FNDA:0,(anonymous_19)
FNDA:0,(anonymous_20)
FNDA:0,(anonymous_21)
FNDA:0,(anonymous_22)
FNDA:0,(anonymous_23)
FNDA:0,(anonymous_24)
FNDA:0,(anonymous_25)
FNDA:0,(anonymous_26)
FNDA:0,(anonymous_27)
FNDA:0,(anonymous_28)
FNDA:0,(anonymous_29)
FNDA:0,(anonymous_30)
FNDA:0,(anonymous_31)
FNDA:0,(anonymous_32)
FNDA:0,(anonymous_33)
FNDA:0,(anonymous_34)
FNDA:1,(anonymous_35)
DA:15,5
DA:21,5
DA:22,5
DA:27,5
DA:101,5
DA:113,66
DA:123,66
DA:124,66
DA:125,66
DA:126,66
DA:133,66
DA:165,0
DA:172,0
DA:179,0
DA:186,0
DA:193,0
DA:200,0
DA:201,0
DA:203,0
DA:218,0
DA:220,0
DA:221,0
DA:224,0
DA:226,0
DA:233,0
DA:244,0
DA:251,0
DA:252,0
DA:255,0
DA:257,0
DA:272,0
DA:279,0
DA:286,0
DA:297,0
DA:304,0
DA:315,0
DA:316,0
DA:317,0
DA:318,0
DA:320,0
DA:321,0
DA:322,0
DA:323,0
DA:324,0
DA:332,0
DA:348,0
DA:349,0
DA:361,0
DA:368,0
DA:369,0
DA:372,0
DA:379,0
DA:380,0
DA:386,0
DA:396,0
DA:397,0
DA:403,0
DA:413,0
DA:414,0
DA:415,0
DA:416,0
DA:418,0
DA:435,1
LF:63
LH:12
BRDA:112,0,0,66
BRDA:218,1,0,0
BRDA:251,2,0,0
BRDA:297,3,0,0
BRDA:297,3,1,0
BRDA:322,4,0,0
BRDA:322,4,1,0
BRDA:348,5,0,0
BRDA:368,6,0,0
BRDA:379,7,0,0
BRDA:396,8,0,0
BRF:11
BRH:1
end_of_record
TN:
SF:src/core/UnifiedVoidEquations.ts
FN:72,(anonymous_0)
FN:82,(anonymous_1)
FN:543,(anonymous_2)
FN:545,(anonymous_3)
FN:548,(anonymous_4)
FN:551,(anonymous_5)
FN:554,(anonymous_6)
FN:557,(anonymous_7)
FN:560,(anonymous_8)
FN:626,(anonymous_9)
FN:633,(anonymous_10)
FN:636,(anonymous_11)
FN:645,(anonymous_12)
FN:652,(anonymous_13)
FN:659,(anonymous_14)
FN:661,(anonymous_15)
FN:668,(anonymous_16)
FN:675,(anonymous_17)
FN:682,(anonymous_18)
FN:724,(anonymous_19)
FN:727,(anonymous_20)
FN:739,(anonymous_21)
FN:744,(anonymous_22)
FN:752,(anonymous_23)
FN:765,(anonymous_24)
FN:769,(anonymous_25)
FN:772,(anonymous_26)
FN:777,(anonymous_27)
FNF:28
FNH:12
FNDA:66,(anonymous_0)
FNDA:66,(anonymous_1)
FNDA:66,(anonymous_2)
FNDA:1386,(anonymous_3)
FNDA:1386,(anonymous_4)
FNDA:1386,(anonymous_5)
FNDA:1386,(anonymous_6)
FNDA:1386,(anonymous_7)
FNDA:1386,(anonymous_8)
FNDA:1386,(anonymous_9)
FNDA:396,(anonymous_10)
FNDA:1386,(anonymous_11)
FNDA:0,(anonymous_12)
FNDA:0,(anonymous_13)
FNDA:0,(anonymous_14)
FNDA:0,(anonymous_15)
FNDA:0,(anonymous_16)
FNDA:0,(anonymous_17)
FNDA:0,(anonymous_18)
FNDA:0,(anonymous_19)
FNDA:0,(anonymous_20)
FNDA:0,(anonymous_21)
FNDA:0,(anonymous_22)
FNDA:0,(anonymous_23)
FNDA:0,(anonymous_24)
FNDA:0,(anonymous_25)
FNDA:0,(anonymous_26)
FNDA:0,(anonymous_27)
DA:68,5
DA:73,66
DA:74,66
DA:75,66
DA:76,66
DA:84,66
DA:107,66
DA:131,66
DA:150,66
DA:174,66
DA:193,66
DA:217,66
DA:240,66
DA:268,66
DA:291,66
DA:315,66
DA:338,66
DA:358,66
DA:381,66
DA:404,66
DA:424,66
DA:444,66
DA:463,66
DA:482,66
DA:501,66
DA:520,66
DA:544,66
DA:545,1386
DA:547,66
DA:548,1386
DA:550,66
DA:551,1386
DA:553,66
DA:554,1386
DA:556,66
DA:557,1386
DA:559,66
DA:560,1386
DA:563,66
DA:572,66
DA:582,66
DA:592,66
DA:602,66
DA:612,66
DA:627,1386
DA:634,396
DA:635,396
DA:636,1386
DA:639,396
DA:646,0
DA:653,0
DA:660,0
DA:661,0
DA:669,0
DA:676,0
DA:683,0
DA:686,0
DA:687,0
DA:691,0
DA:704,0
DA:725,0
DA:726,0
DA:728,0
DA:740,0
DA:741,0
DA:743,0
DA:744,0
DA:748,0
DA:752,0
DA:766,0
DA:769,0
DA:772,0
DA:777,0
LF:73
LH:49
BRDA:634,0,0,0
BRDA:687,1,0,0
BRDA:688,2,0,0
BRDA:688,2,1,0
BRDA:728,3,0,0
BRDA:728,3,1,0
BRDA:728,3,2,0
BRDA:728,3,3,0
BRDA:728,3,4,0
BRF:9
BRH:0
end_of_record
TN:
SF:src/core/ZeroPoint.ts
FN:76,(anonymous_0)
FN:143,(anonymous_1)
FN:201,(anonymous_2)
FN:243,(anonymous_3)
FN:252,(anonymous_4)
FN:293,(anonymous_5)
FN:297,(anonymous_6)
FN:309,(anonymous_7)
FN:326,(anonymous_8)
FN:334,(anonymous_9)
FN:355,(anonymous_10)
FN:390,(anonymous_11)
FN:408,(anonymous_12)
FN:426,(anonymous_13)
FN:444,(anonymous_14)
FN:451,(anonymous_15)
FN:458,(anonymous_16)
FN:465,(anonymous_17)
FN:469,(anonymous_18)
FN:471,(anonymous_19)
FN:476,(anonymous_20)
FN:481,(anonymous_21)
FN:490,(anonymous_22)
FN:492,(anonymous_23)
FN:498,(anonymous_24)
FN:504,(anonymous_25)
FN:510,(anonymous_26)
FN:516,(anonymous_27)
FN:522,(anonymous_28)
FN:532,(anonymous_29)
FN:536,(anonymous_30)
FN:540,(anonymous_31)
FN:545,(anonymous_32)
FN:568,(anonymous_33)
FN:580,(anonymous_34)
FN:588,(anonymous_35)
FN:590,(anonymous_36)
FN:605,(anonymous_37)
FN:620,(anonymous_38)
FN:634,(anonymous_39)
FN:649,(anonymous_40)
FN:663,(anonymous_41)
FN:680,(anonymous_42)
FN:709,(anonymous_43)
FN:720,(anonymous_44)
FN:729,(anonymous_45)
FN:736,(anonymous_46)
FN:744,(anonymous_47)
FN:789,(anonymous_48)
FN:806,(anonymous_49)
FN:867,(anonymous_50)
FN:871,(anonymous_51)
FN:875,(anonymous_52)
FN:882,(anonymous_53)
FN:892,(anonymous_54)
FN:899,(anonymous_55)
FN:916,(anonymous_56)
FN:920,(anonymous_57)
FN:927,(anonymous_58)
FN:933,(anonymous_59)
FN:939,(anonymous_60)
FN:946,(anonymous_61)
FN:953,(anonymous_62)
FN:960,(anonymous_63)
FN:971,(anonymous_64)
FN:996,(anonymous_65)
FN:1006,(anonymous_66)
FN:1013,(anonymous_67)
FN:1020,(anonymous_68)
FN:1027,(anonymous_69)
FN:1034,(anonymous_70)
FNF:71
FNH:30
FNDA:66,(anonymous_0)
FNDA:84,(anonymous_1)
FNDA:0,(anonymous_2)
FNDA:0,(anonymous_3)
FNDA:2437,(anonymous_4)
FNDA:3053,(anonymous_5)
FNDA:0,(anonymous_6)
FNDA:200,(anonymous_7)
FNDA:0,(anonymous_8)
FNDA:67,(anonymous_9)
FNDA:1425,(anonymous_10)
FNDA:0,(anonymous_11)
FNDA:0,(anonymous_12)
FNDA:0,(anonymous_13)
FNDA:0,(anonymous_14)
FNDA:0,(anonymous_15)
FNDA:0,(anonymous_16)
FNDA:0,(anonymous_17)
FNDA:66,(anonymous_18)
FNDA:0,(anonymous_19)
FNDA:0,(anonymous_20)
FNDA:0,(anonymous_21)
FNDA:84,(anonymous_22)
FNDA:0,(anonymous_23)
FNDA:0,(anonymous_24)
FNDA:0,(anonymous_25)
FNDA:0,(anonymous_26)
FNDA:0,(anonymous_27)
FNDA:102,(anonymous_28)
FNDA:0,(anonymous_29)
FNDA:0,(anonymous_30)
FNDA:0,(anonymous_31)
FNDA:0,(anonymous_32)
FNDA:0,(anonymous_33)
FNDA:0,(anonymous_34)
FNDA:66,(anonymous_35)
FNDA:0,(anonymous_36)
FNDA:0,(anonymous_37)
FNDA:0,(anonymous_38)
FNDA:0,(anonymous_39)
FNDA:0,(anonymous_40)
FNDA:0,(anonymous_41)
FNDA:0,(anonymous_42)
FNDA:100,(anonymous_43)
FNDA:100,(anonymous_44)
FNDA:264,(anonymous_45)
FNDA:2,(anonymous_46)
FNDA:2,(anonymous_47)
FNDA:1,(anonymous_48)
FNDA:1,(anonymous_49)
FNDA:52,(anonymous_50)
FNDA:0,(anonymous_51)
FNDA:0,(anonymous_52)
FNDA:11,(anonymous_53)
FNDA:1,(anonymous_54)
FNDA:66,(anonymous_55)
FNDA:66,(anonymous_56)
FNDA:2,(anonymous_57)
FNDA:2,(anonymous_58)
FNDA:2,(anonymous_59)
FNDA:2,(anonymous_60)
FNDA:3,(anonymous_61)
FNDA:5,(anonymous_62)
FNDA:2,(anonymous_63)
FNDA:0,(anonymous_64)
FNDA:0,(anonymous_65)
FNDA:0,(anonymous_66)
FNDA:0,(anonymous_67)
FNDA:0,(anonymous_68)
FNDA:0,(anonymous_69)
FNDA:0,(anonymous_70)
DA:1,5
DA:2,5
DA:3,5
DA:4,5
DA:5,5
DA:7,5
DA:8,5
DA:9,5
DA:10,5
DA:11,5
DA:12,5
DA:13,5
DA:14,5
DA:15,5
DA:16,5
DA:17,5
DA:18,5
DA:19,5
DA:25,5
DA:26,5
DA:27,5
DA:45,5
DA:61,66
DA:64,66
DA:65,66
DA:68,66
DA:70,66
DA:71,66
DA:72,66
DA:73,66
DA:74,66
DA:77,66
DA:79,66
DA:80,66
DA:81,66
DA:91,66
DA:94,66
DA:95,66
DA:96,66
DA:99,66
DA:108,66
DA:109,66
DA:113,66
DA:114,66
DA:118,66
DA:119,66
DA:120,66
DA:121,66
DA:122,66
DA:126,66
DA:128,66
DA:130,66
DA:131,66
DA:134,66
DA:137,66
DA:144,84
DA:145,84
DA:146,84
DA:149,84
DA:152,84
DA:155,84
DA:156,84
DA:157,84
DA:160,84
DA:163,84
DA:166,84
DA:169,84
DA:172,84
DA:174,84
DA:175,84
DA:180,84
DA:181,84
DA:184,84
DA:189,0
DA:194,0
DA:205,0
DA:206,0
DA:207,0
DA:209,0
DA:210,0
DA:211,0
DA:213,0
DA:219,0
DA:225,0
DA:226,0
DA:229,0
DA:231,0
DA:236,0
DA:244,0
DA:245,0
DA:246,0
DA:255,2437
DA:258,2437
DA:262,2437
DA:265,2437
DA:266,0
DA:276,2437
DA:282,0
DA:294,3053
DA:295,3053
DA:297,3053
DA:298,0
DA:299,0
DA:300,0
DA:303,3053
DA:310,200
DA:311,200
DA:320,200
DA:327,0
DA:328,0
DA:335,67
DA:336,67
DA:337,67
DA:338,67
DA:339,67
DA:340,67
DA:341,67
DA:342,67
DA:343,67
DA:344,67
DA:345,67
DA:346,67
DA:347,67
DA:356,1425
DA:357,1425
DA:359,1425
DA:391,0
DA:402,0
DA:409,0
DA:420,0
DA:427,0
DA:438,0
DA:445,0
DA:452,0
DA:459,0
DA:466,0
DA:471,66
DA:472,0
DA:476,66
DA:477,0
DA:478,0
DA:481,66
DA:482,0
DA:483,0
DA:492,84
DA:493,0
DA:494,0
DA:498,84
DA:499,0
DA:500,0
DA:504,84
DA:505,0
DA:506,0
DA:510,84
DA:511,0
DA:512,0
DA:516,84
DA:517,0
DA:518,0
DA:522,84
DA:523,102
DA:524,102
DA:532,84
DA:533,0
DA:536,84
DA:537,0
DA:540,84
DA:541,0
DA:546,0
DA:548,0
DA:549,0
DA:550,0
DA:553,0
DA:554,0
DA:557,0
DA:561,0
DA:564,0
DA:570,0
DA:571,0
DA:574,0
DA:581,0
DA:582,0
DA:590,66
DA:591,0
DA:592,0
DA:593,0
DA:595,0
DA:605,66
DA:606,0
DA:607,0
DA:608,0
DA:610,0
DA:620,66
DA:621,0
DA:622,0
DA:624,0
DA:634,66
DA:635,0
DA:636,0
DA:637,0
DA:639,0
DA:649,66
DA:650,0
DA:651,0
DA:653,0
DA:663,66
DA:664,0
DA:665,0
DA:667,0
DA:681,0
DA:682,0
DA:683,0
DA:685,0
DA:710,100
DA:721,100
DA:730,264
DA:738,2
DA:755,2
DA:756,2
DA:758,2
DA:759,2
DA:760,2
DA:780,2
DA:781,8
DA:783,2
DA:795,1
DA:821,1
DA:823,1
DA:826,1
DA:828,1
DA:839,1
DA:841,0
DA:852,1
DA:854,0
DA:864,1
DA:868,52
DA:872,0
DA:876,0
DA:886,11
DA:893,1
DA:901,66
DA:902,66
DA:905,66
DA:909,66
DA:917,66
DA:920,66
DA:921,2
DA:925,66
DA:927,2
DA:931,66
DA:933,2
DA:937,66
DA:939,2
DA:947,3
DA:954,5
DA:961,2
DA:978,0
DA:1000,0
DA:1007,0
DA:1014,0
DA:1021,0
DA:1028,0
DA:1035,0
LF:263
LH:160
BRDA:79,0,0,66
BRDA:79,0,1,12
BRDA:81,1,0,66
BRDA:81,1,1,12
BRDA:102,2,0,66
BRDA:102,2,1,0
BRDA:104,3,0,66
BRDA:104,3,1,66
BRDA:105,4,0,66
BRDA:105,4,1,66
BRDA:123,5,0,66
BRDA:123,5,1,0
BRDA:180,6,0,84
BRDA:209,7,0,0
BRDA:209,7,1,0
BRDA:225,8,0,0
BRDA:258,9,0,2437
BRDA:258,9,1,0
BRDA:265,10,0,0
BRDA:285,11,0,0
BRDA:285,11,1,0
BRDA:465,12,0,0
BRDA:546,13,0,0
BRDA:546,13,1,0
BRDA:546,13,2,0
BRDA:546,13,3,0
BRDA:570,14,0,0
BRDA:570,14,1,0
BRDA:597,15,0,0
BRDA:597,15,1,0
BRDA:608,16,0,0
BRDA:608,16,1,0
BRDA:612,17,0,0
BRDA:612,17,1,0
BRDA:626,18,0,0
BRDA:626,18,1,0
BRDA:641,19,0,0
BRDA:641,19,1,0
BRDA:641,20,0,0
BRDA:641,20,1,0
BRDA:643,21,0,0
BRDA:643,21,1,0
BRDA:644,22,0,0
BRDA:644,22,1,0
BRDA:655,23,0,0
BRDA:655,23,1,0
BRDA:655,24,0,0
BRDA:655,24,1,0
BRDA:657,25,0,0
BRDA:657,25,1,0
BRDA:658,26,0,0
BRDA:658,26,1,0
BRDA:669,27,0,0
BRDA:669,27,1,0
BRDA:669,28,0,0
BRDA:669,28,1,0
BRDA:671,29,0,0
BRDA:671,29,1,0
BRDA:672,30,0,0
BRDA:672,30,1,0
BRDA:688,31,0,0
BRDA:688,31,1,0
BRDA:694,32,0,0
BRDA:694,32,1,0
BRDA:713,33,0,100
BRDA:713,33,1,0
BRDA:758,34,0,0
BRDA:758,34,1,2
BRDA:762,35,0,2
BRDA:762,35,1,2
BRDA:763,36,0,2
BRDA:763,36,1,2
BRDA:765,37,0,2
BRDA:765,37,1,2
BRDA:766,38,0,2
BRDA:766,38,1,2
BRDA:826,39,0,1
BRDA:839,40,0,0
BRDA:852,41,0,0
BRDA:905,42,0,66
BRDA:906,43,0,66
BRDA:906,43,1,66
BRDA:927,44,0,2
BRDA:927,44,1,0
BRDA:933,45,0,2
BRDA:933,45,1,0
BRDA:939,46,0,2
BRDA:939,46,1,0
BRF:88
BRH:29
end_of_record
TN:
SF:src/emergence/AdvancedEmergence.ts
FN:144,(anonymous_0)
FN:147,(anonymous_1)
FN:167,(anonymous_2)
FN:170,(anonymous_3)
FN:189,(anonymous_4)
FN:192,(anonymous_5)
FN:205,(anonymous_6)
FN:208,(anonymous_7)
FN:236,(anonymous_8)
FN:266,(anonymous_9)
FN:268,(anonymous_10)
FN:271,(anonymous_11)
FN:274,(anonymous_12)
FN:277,(anonymous_13)
FN:280,(anonymous_14)
FN:291,(anonymous_15)
FN:294,(anonymous_16)
FN:297,(anonymous_17)
FN:300,(anonymous_18)
FN:303,(anonymous_19)
FN:311,(anonymous_20)
FN:359,(anonymous_21)
FN:387,(anonymous_22)
FN:395,(anonymous_23)
FN:411,(anonymous_24)
FN:416,(anonymous_25)
FN:444,(anonymous_26)
FN:516,(anonymous_27)
FN:529,(anonymous_28)
FN:576,(anonymous_29)
FN:582,(anonymous_30)
FN:586,(anonymous_31)
FN:590,(anonymous_32)
FN:593,(anonymous_33)
FN:595,(anonymous_34)
FN:609,(anonymous_35)
FN:610,(anonymous_36)
FN:612,(anonymous_37)
FN:623,(anonymous_38)
FN:643,(anonymous_39)
FN:656,(anonymous_40)
FN:669,(anonymous_41)
FN:686,(anonymous_42)
FN:696,(anonymous_43)
FN:700,(anonymous_44)
FN:704,(anonymous_45)
FN:708,(anonymous_46)
FN:712,(anonymous_47)
FN:719,(anonymous_48)
FN:743,(anonymous_49)
FN:758,(anonymous_50)
FN:763,(anonymous_51)
FN:778,(anonymous_52)
FN:785,(anonymous_53)
FN:789,(anonymous_54)
FN:792,(anonymous_55)
FN:795,(anonymous_56)
FN:809,(anonymous_57)
FN:822,(anonymous_58)
FN:826,(anonymous_59)
FN:828,(anonymous_60)
FN:830,(anonymous_61)
FN:842,(anonymous_62)
FN:854,(anonymous_63)
FN:864,(anonymous_64)
FN:866,(anonymous_65)
FN:877,(anonymous_66)
FN:888,(anonymous_67)
FN:889,(anonymous_68)
FN:893,(anonymous_69)
FN:896,(anonymous_70)
FN:902,(anonymous_71)
FN:906,(anonymous_72)
FN:910,(anonymous_73)
FN:914,(anonymous_74)
FN:921,(anonymous_75)
FN:936,(anonymous_76)
FN:944,(anonymous_77)
FN:951,(anonymous_78)
FN:967,(anonymous_79)
FN:997,(anonymous_80)
FN:1035,(anonymous_81)
FN:1054,(anonymous_82)
FN:1068,(anonymous_83)
FN:1087,(anonymous_84)
FN:1099,(anonymous_85)
FN:1117,(anonymous_86)
FN:1144,(anonymous_87)
FN:1167,(anonymous_88)
FN:1178,(anonymous_89)
FN:1183,(anonymous_90)
FN:1194,(anonymous_91)
FN:1201,(anonymous_92)
FN:1208,(anonymous_93)
FN:1214,(anonymous_94)
FN:1218,(anonymous_95)
FN:1222,(anonymous_96)
FN:1232,(anonymous_97)
FN:1233,(anonymous_98)
FN:1235,(anonymous_99)
FN:1243,(anonymous_100)
FN:1250,(anonymous_101)
FN:1272,(anonymous_102)
FN:1294,(anonymous_103)
FN:1318,(anonymous_104)
FN:1336,(anonymous_105)
FNF:106
FNH:0
FNDA:0,(anonymous_0)
FNDA:0,(anonymous_1)
FNDA:0,(anonymous_2)
FNDA:0,(anonymous_3)
FNDA:0,(anonymous_4)
FNDA:0,(anonymous_5)
FNDA:0,(anonymous_6)
FNDA:0,(anonymous_7)
FNDA:0,(anonymous_8)
FNDA:0,(anonymous_9)
FNDA:0,(anonymous_10)
FNDA:0,(anonymous_11)
FNDA:0,(anonymous_12)
FNDA:0,(anonymous_13)
FNDA:0,(anonymous_14)
FNDA:0,(anonymous_15)
FNDA:0,(anonymous_16)
FNDA:0,(anonymous_17)
FNDA:0,(anonymous_18)
FNDA:0,(anonymous_19)
FNDA:0,(anonymous_20)
FNDA:0,(anonymous_21)
FNDA:0,(anonymous_22)
FNDA:0,(anonymous_23)
FNDA:0,(anonymous_24)
FNDA:0,(anonymous_25)
FNDA:0,(anonymous_26)
FNDA:0,(anonymous_27)
FNDA:0,(anonymous_28)
FNDA:0,(anonymous_29)
FNDA:0,(anonymous_30)
FNDA:0,(anonymous_31)
FNDA:0,(anonymous_32)
FNDA:0,(anonymous_33)
FNDA:0,(anonymous_34)
FNDA:0,(anonymous_35)
FNDA:0,(anonymous_36)
FNDA:0,(anonymous_37)
FNDA:0,(anonymous_38)
FNDA:0,(anonymous_39)
FNDA:0,(anonymous_40)
FNDA:0,(anonymous_41)
FNDA:0,(anonymous_42)
FNDA:0,(anonymous_43)
FNDA:0,(anonymous_44)
FNDA:0,(anonymous_45)
FNDA:0,(anonymous_46)
FNDA:0,(anonymous_47)
FNDA:0,(anonymous_48)
FNDA:0,(anonymous_49)
FNDA:0,(anonymous_50)
FNDA:0,(anonymous_51)
FNDA:0,(anonymous_52)
FNDA:0,(anonymous_53)
FNDA:0,(anonymous_54)
FNDA:0,(anonymous_55)
FNDA:0,(anonymous_56)
FNDA:0,(anonymous_57)
FNDA:0,(anonymous_58)
FNDA:0,(anonymous_59)
FNDA:0,(anonymous_60)
FNDA:0,(anonymous_61)
FNDA:0,(anonymous_62)
FNDA:0,(anonymous_63)
FNDA:0,(anonymous_64)
FNDA:0,(anonymous_65)
FNDA:0,(anonymous_66)
FNDA:0,(anonymous_67)
FNDA:0,(anonymous_68)
FNDA:0,(anonymous_69)
FNDA:0,(anonymous_70)
FNDA:0,(anonymous_71)
FNDA:0,(anonymous_72)
FNDA:0,(anonymous_73)
FNDA:0,(anonymous_74)
FNDA:0,(anonymous_75)
FNDA:0,(anonymous_76)
FNDA:0,(anonymous_77)
FNDA:0,(anonymous_78)
FNDA:0,(anonymous_79)
FNDA:0,(anonymous_80)
FNDA:0,(anonymous_81)
FNDA:0,(anonymous_82)
FNDA:0,(anonymous_83)
FNDA:0,(anonymous_84)
FNDA:0,(anonymous_85)
FNDA:0,(anonymous_86)
FNDA:0,(anonymous_87)
FNDA:0,(anonymous_88)
FNDA:0,(anonymous_89)
FNDA:0,(anonymous_90)
FNDA:0,(anonymous_91)
FNDA:0,(anonymous_92)
FNDA:0,(anonymous_93)
FNDA:0,(anonymous_94)
FNDA:0,(anonymous_95)
FNDA:0,(anonymous_96)
FNDA:0,(anonymous_97)
FNDA:0,(anonymous_98)
FNDA:0,(anonymous_99)
FNDA:0,(anonymous_100)
FNDA:0,(anonymous_101)
FNDA:0,(anonymous_102)
FNDA:0,(anonymous_103)
FNDA:0,(anonymous_104)
FNDA:0,(anonymous_105)
DA:14,0
DA:145,0
DA:148,0
DA:168,0
DA:171,0
DA:190,0
DA:193,0
DA:206,0
DA:209,0
DA:220,0
DA:227,0
DA:229,0
DA:230,0
DA:231,0
DA:237,0
DA:238,0
DA:260,0
DA:268,0
DA:269,0
DA:271,0
DA:272,0
DA:274,0
DA:275,0
DA:277,0
DA:278,0
DA:280,0
DA:282,0
DA:283,0
DA:291,0
DA:292,0
DA:294,0
DA:295,0
DA:297,0
DA:298,0
DA:300,0
DA:301,0
DA:303,0
DA:304,0
DA:316,0
DA:318,0
DA:320,0
DA:349,0
DA:350,0
DA:351,0
DA:353,0
DA:362,0
DA:364,0
DA:365,0
DA:372,0
DA:373,0
DA:374,0
DA:377,0
DA:378,0
DA:388,0
DA:389,0
DA:396,0
DA:397,0
DA:400,0
DA:401,0
DA:402,0
DA:405,0
DA:416,0
DA:418,0
DA:420,0
DA:427,0
DA:434,0
DA:435,0
DA:437,0
DA:438,0
DA:448,0
DA:452,0
DA:456,0
DA:459,0
DA:464,0
DA:496,0
DA:497,0
DA:501,0
DA:502,0
DA:503,0
DA:504,0
DA:505,0
DA:515,0
DA:516,0
DA:518,0
DA:520,0
DA:521,0
DA:523,0
DA:530,0
DA:531,0
DA:534,0
DA:537,0
DA:540,0
DA:546,0
DA:554,0
DA:560,0
DA:569,0
DA:570,0
DA:577,0
DA:578,0
DA:581,0
DA:582,0
DA:585,0
DA:586,0
DA:589,0
DA:590,0
DA:593,0
DA:594,0
DA:595,0
DA:598,0
DA:601,0
DA:609,0
DA:610,0
DA:612,0
DA:629,0
DA:647,0
DA:648,0
DA:649,0
DA:653,0
DA:660,0
DA:673,0
DA:691,0
DA:692,0
DA:693,0
DA:697,0
DA:701,0
DA:705,0
DA:709,0
DA:713,0
DA:724,0
DA:726,0
DA:734,0
DA:737,0
DA:745,0
DA:755,0
DA:759,0
DA:760,0
DA:764,0
DA:765,0
DA:766,0
DA:777,0
DA:778,0
DA:781,0
DA:784,0
DA:785,0
DA:789,0
DA:792,0
DA:795,0
DA:798,0
DA:810,0
DA:811,0
DA:812,0
DA:821,0
DA:822,0
DA:826,0
DA:827,0
DA:828,0
DA:830,0
DA:833,0
DA:843,0
DA:844,0
DA:845,0
DA:846,0
DA:847,0
DA:848,0
DA:851,0
DA:855,0
DA:856,0
DA:857,0
DA:858,0
DA:861,0
DA:865,0
DA:866,0
DA:868,0
DA:870,0
DA:871,0
DA:874,0
DA:878,0
DA:879,0
DA:881,0
DA:882,0
DA:885,0
DA:889,0
DA:890,0
DA:893,0
DA:896,0
DA:903,0
DA:907,0
DA:911,0
DA:915,0
DA:922,0
DA:937,0
DA:944,0
DA:945,0
DA:952,0
DA:968,0
DA:970,0
DA:971,0
DA:974,0
DA:977,0
DA:980,0
DA:986,0
DA:991,0
DA:1002,0
DA:1006,0
DA:1009,0
DA:1010,0
DA:1013,0
DA:1017,0
DA:1023,0
DA:1029,0
DA:1037,0
DA:1040,0
DA:1043,0
DA:1048,0
DA:1059,0
DA:1060,0
DA:1062,0
DA:1073,0
DA:1075,0
DA:1076,0
DA:1077,0
DA:1079,0
DA:1088,0
DA:1100,0
DA:1118,0
DA:1119,0
DA:1121,0
DA:1146,0
DA:1157,0
DA:1168,0
DA:1178,0
DA:1183,0
DA:1195,0
DA:1202,0
DA:1209,0
DA:1210,0
DA:1213,0
DA:1214,0
DA:1217,0
DA:1218,0
DA:1221,0
DA:1222,0
DA:1226,0
DA:1232,0
DA:1233,0
DA:1235,0
DA:1244,0
DA:1251,0
DA:1253,0
DA:1255,0
DA:1257,0
DA:1259,0
DA:1261,0
DA:1263,0
DA:1265,0
DA:1273,0
DA:1275,0
DA:1277,0
DA:1279,0
DA:1281,0
DA:1283,0
DA:1285,0
DA:1287,0
DA:1299,0
DA:1301,0
DA:1302,0
DA:1304,0
DA:1305,0
DA:1307,0
DA:1308,0
DA:1310,0
DA:1311,0
DA:1323,0
DA:1325,0
DA:1337,0
LF:275
LH:0
BRDA:145,0,0,0
BRDA:145,0,1,0
BRDA:168,1,0,0
BRDA:168,1,1,0
BRDA:190,2,0,0
BRDA:190,2,1,0
BRDA:282,3,0,0
BRDA:295,4,0,0
BRDA:295,4,1,0
BRDA:298,5,0,0
BRDA:298,5,1,0
BRDA:301,6,0,0
BRDA:301,6,1,0
BRDA:304,7,0,0
BRDA:304,7,1,0
BRDA:312,8,0,0
BRDA:313,9,0,0
BRDA:316,10,0,0
BRDA:316,10,1,0
BRDA:318,11,0,0
BRDA:318,11,1,0
BRDA:360,12,0,0
BRDA:372,13,0,0
BRDA:377,14,0,0
BRDA:387,15,0,0
BRDA:396,16,0,0
BRDA:401,17,0,0
BRDA:414,18,0,0
BRDA:416,19,0,0
BRDA:448,20,0,0
BRDA:449,21,0,0
BRDA:449,21,1,0
BRDA:469,22,0,0
BRDA:469,22,1,0
BRDA:470,23,0,0
BRDA:470,23,1,0
BRDA:472,24,0,0
BRDA:472,24,1,0
BRDA:479,25,0,0
BRDA:479,25,1,0
BRDA:480,26,0,0
BRDA:480,26,1,0
BRDA:496,27,0,0
BRDA:496,28,0,0
BRDA:496,28,1,0
BRDA:503,29,0,0
BRDA:503,30,0,0
BRDA:503,30,1,0
BRDA:516,31,0,0
BRDA:516,31,1,0
BRDA:577,32,0,0
BRDA:632,33,0,0
BRDA:632,33,1,0
BRDA:635,34,0,0
BRDA:635,34,1,0
BRDA:636,35,0,0
BRDA:636,35,1,0
BRDA:648,36,0,0
BRDA:755,37,0,0
BRDA:755,37,1,0
BRDA:765,38,0,0
BRDA:811,39,0,0
BRDA:828,40,0,0
BRDA:828,40,1,0
BRDA:846,41,0,0
BRDA:847,42,0,0
BRDA:848,43,0,0
BRDA:866,44,0,0
BRDA:866,44,1,0
BRDA:871,45,0,0
BRDA:871,45,1,0
BRDA:882,46,0,0
BRDA:882,46,1,0
BRDA:896,47,0,0
BRDA:896,47,1,0
BRDA:911,48,0,0
BRDA:911,48,1,0
BRDA:915,49,0,0
BRDA:915,49,1,0
BRDA:938,50,0,0
BRDA:938,50,1,0
BRDA:939,51,0,0
BRDA:939,51,1,0
BRDA:940,52,0,0
BRDA:940,52,1,0
BRDA:941,53,0,0
BRDA:941,53,1,0
BRDA:968,54,0,0
BRDA:1000,55,0,0
BRDA:1002,56,0,0
BRDA:1003,57,0,0
BRDA:1003,57,1,0
BRDA:1009,58,0,0
BRDA:1009,58,1,0
BRDA:1010,59,0,0
BRDA:1010,59,1,0
BRDA:1059,60,0,0
BRDA:1071,61,0,0
BRDA:1073,62,0,0
BRDA:1209,63,0,0
BRDA:1251,64,0,0
BRDA:1251,64,1,0
BRDA:1251,64,2,0
BRDA:1251,64,3,0
BRDA:1251,64,4,0
BRDA:1251,64,5,0
BRDA:1251,64,6,0
BRDA:1273,65,0,0
BRDA:1273,65,1,0
BRDA:1273,65,2,0
BRDA:1273,65,3,0
BRDA:1273,65,4,0
BRDA:1273,65,5,0
BRDA:1273,65,6,0
BRDA:1299,66,0,0
BRDA:1299,66,1,0
BRDA:1299,66,2,0
BRDA:1299,66,3,0
BRF:118
BRH:0
end_of_record
TN:
SF:src/emergence/patterns.ts
FN:14,(anonymous_0)
FNF:1
FNH:0
FNDA:0,(anonymous_0)
DA:4,0
DA:13,0
DA:14,0
LF:3
LH:0
BRDA:17,0,0,0
BRDA:17,0,1,0
BRF:2
BRH:0
end_of_record
TN:
SF:src/field/EmergenceLedger.ts
FN:43,(anonymous_0)
FN:52,(anonymous_1)
FN:97,(anonymous_2)
FN:118,(anonymous_3)
FN:118,(anonymous_4)
FN:126,(anonymous_5)
FN:169,(anonymous_6)
FN:176,(anonymous_7)
FN:183,(anonymous_8)
FN:190,(anonymous_9)
FN:197,(anonymous_10)
FN:218,(anonymous_11)
FN:247,(anonymous_12)
FN:268,(anonymous_13)
FN:270,(anonymous_14)
FN:274,(anonymous_15)
FN:300,(anonymous_16)
FN:311,(anonymous_17)
FN:327,(anonymous_18)
FN:375,(anonymous_19)
FN:390,(anonymous_20)
FN:402,(anonymous_21)
FN:406,(anonymous_22)
FN:417,(anonymous_23)
FN:419,(anonymous_24)
FNF:25
FNH:10
FNDA:66,(anonymous_0)
FNDA:1,(anonymous_1)
FNDA:0,(anonymous_2)
FNDA:0,(anonymous_3)
FNDA:0,(anonymous_4)
FNDA:0,(anonymous_5)
FNDA:0,(anonymous_6)
FNDA:0,(anonymous_7)
FNDA:0,(anonymous_8)
FNDA:0,(anonymous_9)
FNDA:0,(anonymous_10)
FNDA:0,(anonymous_11)
FNDA:0,(anonymous_12)
FNDA:0,(anonymous_13)
FNDA:0,(anonymous_14)
FNDA:0,(anonymous_15)
FNDA:1,(anonymous_16)
FNDA:0,(anonymous_17)
FNDA:66,(anonymous_18)
FNDA:19,(anonymous_19)
FNDA:1,(anonymous_20)
FNDA:1,(anonymous_21)
FNDA:1,(anonymous_22)
FNDA:1,(anonymous_23)
FNDA:1,(anonymous_24)
DA:1,5
DA:35,5
DA:36,66
DA:37,66
DA:40,66
DA:41,66
DA:44,66
DA:45,66
DA:46,66
DA:56,1
DA:71,1
DA:80,1
DA:81,1
DA:84,1
DA:87,1
DA:88,0
DA:91,1
DA:98,0
DA:99,0
DA:102,0
DA:118,0
DA:119,0
DA:120,0
DA:123,0
DA:126,0
DA:131,0
DA:135,0
DA:141,0
DA:142,0
DA:145,0
DA:151,0
DA:157,0
DA:158,0
DA:161,0
DA:163,0
DA:170,0
DA:177,0
DA:184,0
DA:191,0
DA:202,0
DA:203,0
DA:205,0
DA:206,0
DA:209,0
DA:210,0
DA:212,0
DA:219,0
DA:220,0
DA:221,0
DA:223,0
DA:224,0
DA:228,0
DA:229,0
DA:233,0
DA:239,0
DA:240,0
DA:244,0
DA:247,0
DA:252,0
DA:255,0
DA:258,0
DA:262,0
DA:269,0
DA:270,0
DA:273,0
DA:274,0
DA:278,0
DA:301,1
DA:302,0
DA:304,1
DA:305,1
DA:312,0
DA:313,0
DA:314,0
DA:315,0
DA:316,0
DA:317,0
DA:318,0
DA:328,66
DA:344,66
DA:351,66
DA:352,66
DA:355,66
DA:361,66
DA:366,66
DA:369,66
DA:376,19
DA:391,1
DA:392,1
DA:393,1
DA:395,0
DA:403,1
DA:406,1
DA:418,1
DA:419,1
DA:422,1
LF:96
LH:36
BRDA:87,0,0,0
BRDA:98,1,0,0
BRDA:184,2,0,0
BRDA:184,2,1,0
BRDA:202,3,0,0
BRDA:202,3,1,0
BRDA:203,4,0,0
BRDA:203,4,1,0
BRDA:205,5,0,0
BRDA:223,6,0,0
BRDA:223,7,0,0
BRDA:223,7,1,0
BRDA:228,8,0,0
BRDA:239,9,0,0
BRDA:255,10,0,0
BRDA:301,11,0,0
BRDA:305,12,0,1
BRDA:305,12,1,0
BRDA:313,13,0,0
BRDA:316,14,0,0
BRDA:316,14,1,0
BRDA:317,15,0,0
BRDA:317,16,0,0
BRDA:317,16,1,0
BRDA:317,16,2,0
BRDA:378,17,0,19
BRDA:378,17,1,0
BRDA:379,18,0,19
BRDA:379,18,1,0
BRDA:380,19,0,19
BRDA:380,19,1,0
BRF:31
BRH:4
end_of_record
TN:
SF:src/field/ObserverAwareField.ts
FN:55,(anonymous_0)
FN:64,(anonymous_1)
FN:87,(anonymous_2)
FN:107,(anonymous_3)
FN:127,(anonymous_4)
FN:134,(anonymous_5)
FN:141,(anonymous_6)
FN:148,(anonymous_7)
FN:151,(anonymous_8)
FN:157,(anonymous_9)
FN:164,(anonymous_10)
FN:184,(anonymous_11)
FN:186,(anonymous_12)
FN:192,(anonymous_13)
FN:194,(anonymous_14)
FN:200,(anonymous_15)
FN:201,(anonymous_16)
FN:208,(anonymous_17)
FN:221,(anonymous_18)
FN:234,(anonymous_19)
FN:241,(anonymous_20)
FN:254,(anonymous_21)
FN:262,(anonymous_22)
FN:269,(anonymous_23)
FN:280,(anonymous_24)
FN:291,(anonymous_25)
FN:292,(anonymous_26)
FNF:27
FNH:0
FNDA:0,(anonymous_0)
FNDA:0,(anonymous_1)
FNDA:0,(anonymous_2)
FNDA:0,(anonymous_3)
FNDA:0,(anonymous_4)
FNDA:0,(anonymous_5)
FNDA:0,(anonymous_6)
FNDA:0,(anonymous_7)
FNDA:0,(anonymous_8)
FNDA:0,(anonymous_9)
FNDA:0,(anonymous_10)
FNDA:0,(anonymous_11)
FNDA:0,(anonymous_12)
FNDA:0,(anonymous_13)
FNDA:0,(anonymous_14)
FNDA:0,(anonymous_15)
FNDA:0,(anonymous_16)
FNDA:0,(anonymous_17)
FNDA:0,(anonymous_18)
FNDA:0,(anonymous_19)
FNDA:0,(anonymous_20)
FNDA:0,(anonymous_21)
FNDA:0,(anonymous_22)
FNDA:0,(anonymous_23)
FNDA:0,(anonymous_24)
FNDA:0,(anonymous_25)
FNDA:0,(anonymous_26)
DA:1,0
DA:46,0
DA:48,0
DA:49,0
DA:50,0
DA:51,0
DA:52,0
DA:53,0
DA:56,0
DA:57,0
DA:58,0
DA:65,0
DA:74,0
DA:76,0
DA:88,0
DA:90,0
DA:91,0
DA:93,0
DA:101,0
DA:108,0
DA:111,0
DA:114,0
DA:116,0
DA:128,0
DA:135,0
DA:142,0
DA:149,0
DA:151,0
DA:152,0
DA:153,0
DA:154,0
DA:157,0
DA:158,0
DA:165,0
DA:175,0
DA:178,0
DA:185,0
DA:186,0
DA:193,0
DA:194,0
DA:201,0
DA:202,0
DA:209,0
DA:211,0
DA:222,0
DA:224,0
DA:235,0
DA:243,0
DA:256,0
DA:263,0
DA:270,0
DA:271,0
DA:272,0
DA:273,0
DA:281,0
DA:282,0
DA:283,0
DA:284,0
DA:292,0
DA:294,0
LF:60
LH:0
BRDA:55,0,0,0
BRDA:90,1,0,0
BRDA:149,2,0,0
BRDA:202,3,0,0
BRDA:202,3,1,0
BRDA:271,4,0,0
BRDA:282,5,0,0
BRF:7
BRH:0
end_of_record
TN:
SF:src/field/ResonanceConsensus.ts
FN:43,(anonymous_0)
FN:51,(anonymous_1)
FN:79,(anonymous_2)
FN:116,(anonymous_3)
FN:144,(anonymous_4)
FN:165,(anonymous_5)
FN:167,(anonymous_6)
FN:190,(anonymous_7)
FN:233,(anonymous_8)
FN:247,(anonymous_9)
FN:251,(anonymous_10)
FN:268,(anonymous_11)
FN:271,(anonymous_12)
FN:296,(anonymous_13)
FN:323,(anonymous_14)
FN:365,(anonymous_15)
FN:382,(anonymous_16)
FN:400,(anonymous_17)
FN:416,(anonymous_18)
FN:439,(anonymous_19)
FN:447,(anonymous_20)
FNF:21
FNH:2
FNDA:66,(anonymous_0)
FNDA:0,(anonymous_1)
FNDA:0,(anonymous_2)
FNDA:0,(anonymous_3)
FNDA:0,(anonymous_4)
FNDA:0,(anonymous_5)
FNDA:0,(anonymous_6)
FNDA:0,(anonymous_7)
FNDA:0,(anonymous_8)
FNDA:0,(anonymous_9)
FNDA:0,(anonymous_10)
FNDA:0,(anonymous_11)
FNDA:0,(anonymous_12)
FNDA:0,(anonymous_13)
FNDA:0,(anonymous_14)
FNDA:0,(anonymous_15)
FNDA:0,(anonymous_16)
FNDA:0,(anonymous_17)
FNDA:0,(anonymous_18)
FNDA:0,(anonymous_19)
FNDA:1,(anonymous_20)
DA:1,5
DA:34,5
DA:37,66
DA:38,66
DA:39,66
DA:40,66
DA:41,66
DA:44,66
DA:45,66
DA:52,0
DA:60,0
DA:72,0
DA:73,0
DA:83,0
DA:92,0
DA:99,0
DA:101,0
DA:110,0
DA:120,0
DA:126,0
DA:138,0
DA:145,0
DA:150,0
DA:159,0
DA:166,0
DA:167,0
DA:175,0
DA:184,0
DA:195,0
DA:202,0
DA:203,0
DA:207,0
DA:209,0
DA:211,0
DA:214,0
DA:217,0
DA:220,0
DA:223,0
DA:226,0
DA:234,0
DA:236,0
DA:237,0
DA:246,0
DA:247,0
DA:249,0
DA:251,0
DA:254,0
DA:256,0
DA:269,0
DA:270,0
DA:271,0
DA:274,0
DA:276,0
DA:300,0
DA:303,0
DA:304,0
DA:305,0
DA:309,0
DA:311,0
DA:327,0
DA:330,0
DA:337,0
DA:338,0
DA:342,0
DA:343,0
DA:345,0
DA:348,0
DA:349,0
DA:350,0
DA:359,0
DA:368,0
DA:371,0
DA:376,0
DA:386,0
DA:388,0
DA:403,0
DA:406,0
DA:410,0
DA:418,0
DA:421,0
DA:422,0
DA:425,0
DA:426,0
DA:427,0
DA:430,0
DA:431,0
DA:433,0
DA:441,0
DA:448,1
DA:456,1
LF:90
LH:11
BRDA:85,0,0,0
BRDA:85,0,1,0
BRDA:202,1,0,0
BRDA:209,2,0,0
BRDA:209,2,1,0
BRDA:209,2,2,0
BRDA:209,2,3,0
BRDA:209,2,4,0
BRDA:209,2,5,0
BRDA:234,3,0,0
BRDA:234,3,1,0
BRDA:236,4,0,0
BRDA:304,5,0,0
BRDA:337,6,0,0
BRDA:342,7,0,0
BRDA:349,8,0,0
BRDA:430,9,0,0
BRDA:430,9,1,0
BRF:18
BRH:0
end_of_record
TN:
SF:src/integrity/FieldIntegrity.ts
FN:25,(anonymous_0)
FN:33,(anonymous_1)
FN:49,(anonymous_2)
FN:64,(anonymous_3)
FN:71,(anonymous_4)
FN:80,(anonymous_5)
FN:96,(anonymous_6)
FN:103,(anonymous_7)
FN:110,(anonymous_8)
FN:122,(anonymous_9)
FN:150,(anonymous_10)
FN:190,(anonymous_11)
FN:207,(anonymous_12)
FN:229,(anonymous_13)
FN:236,(anonymous_14)
FN:245,(anonymous_15)
FN:252,(anonymous_16)
FN:264,(anonymous_17)
FN:279,(anonymous_18)
FN:286,(anonymous_19)
FN:293,(anonymous_20)
FN:319,(anonymous_21)
FNF:22
FNH:12
FNDA:67,(anonymous_0)
FNDA:132,(anonymous_1)
FNDA:67,(anonymous_2)
FNDA:0,(anonymous_3)
FNDA:466,(anonymous_4)
FNDA:0,(anonymous_5)
FNDA:239,(anonymous_6)
FNDA:0,(anonymous_7)
FNDA:0,(anonymous_8)
FNDA:0,(anonymous_9)
FNDA:0,(anonymous_10)
FNDA:0,(anonymous_11)
FNDA:0,(anonymous_12)
FNDA:132,(anonymous_13)
FNDA:199,(anonymous_14)
FNDA:67,(anonymous_15)
FNDA:67,(anonymous_16)
FNDA:0,(anonymous_17)
FNDA:4,(anonymous_18)
FNDA:0,(anonymous_19)
FNDA:2,(anonymous_20)
FNDA:1,(anonymous_21)
DA:1,6
DA:25,6
DA:26,6
DA:27,6
DA:28,67
DA:36,132
DA:37,132
DA:39,132
DA:50,67
DA:51,67
DA:53,67
DA:65,0
DA:72,466
DA:73,466
DA:74,466
DA:81,0
DA:82,0
DA:84,0
DA:85,0
DA:86,0
DA:87,0
DA:90,0
DA:97,239
DA:104,0
DA:115,0
DA:116,0
DA:130,0
DA:131,0
DA:132,0
DA:134,0
DA:135,0
DA:136,0
DA:137,0
DA:140,0
DA:154,0
DA:155,0
DA:158,0
DA:159,0
DA:162,0
DA:163,0
DA:165,0
DA:166,0
DA:168,0
DA:169,0
DA:170,0
DA:171,0
DA:172,0
DA:173,0
DA:177,0
DA:178,0
DA:181,0
DA:195,0
DA:201,0
DA:208,0
DA:230,132
DA:239,199
DA:246,67
DA:258,67
DA:268,0
DA:269,0
DA:273,0
DA:280,4
DA:287,0
DA:294,2
DA:295,0
DA:299,2
DA:300,2
DA:301,5
DA:302,1
DA:307,1
DA:308,1
DA:310,0
DA:313,1
DA:321,1
DA:322,1
LF:75
LH:30
BRDA:96,0,0,0
BRDA:124,1,0,0
BRDA:154,2,0,0
BRDA:158,3,0,0
BRDA:159,4,0,0
BRDA:159,4,1,0
BRDA:170,5,0,0
BRDA:170,5,1,0
BRDA:171,6,0,0
BRDA:171,7,0,0
BRDA:171,7,1,0
BRDA:182,8,0,0
BRDA:182,8,1,0
BRDA:294,9,0,0
BRDA:294,10,0,2
BRDA:294,10,1,2
BRDA:301,11,0,1
BRDA:308,12,0,0
BRDA:322,13,0,1
BRDA:322,13,1,1
BRF:20
BRH:5
end_of_record
TN:
SF:src/knowledge/KnowledgeSystem.ts
FN:112,(anonymous_9)
FN:118,(anonymous_10)
FN:127,(anonymous_11)
FN:144,(anonymous_12)
FN:148,(anonymous_13)
FN:167,(anonymous_14)
FN:174,(anonymous_15)
FN:182,(anonymous_16)
FN:183,(anonymous_17)
FN:184,(anonymous_18)
FN:191,(anonymous_19)
FN:198,(anonymous_20)
FN:200,(anonymous_21)
FN:204,(anonymous_22)
FN:213,(anonymous_23)
FN:222,(anonymous_24)
FN:233,(anonymous_25)
FN:238,(anonymous_26)
FN:239,(anonymous_27)
FN:243,(anonymous_28)
FN:244,(anonymous_29)
FN:248,(anonymous_30)
FN:249,(anonymous_31)
FN:253,(anonymous_32)
FN:254,(anonymous_33)
FN:272,(anonymous_34)
FN:290,(anonymous_35)
FN:302,(anonymous_36)
FN:323,(anonymous_37)
FN:329,(anonymous_38)
FN:346,(anonymous_39)
FN:353,(anonymous_40)
FN:354,(anonymous_41)
FN:360,(anonymous_42)
FN:396,(anonymous_43)
FN:421,(anonymous_44)
FN:446,(anonymous_45)
FN:471,(anonymous_46)
FN:474,(anonymous_47)
FN:475,(anonymous_48)
FN:489,(anonymous_49)
FN:516,(anonymous_50)
FN:517,(anonymous_51)
FN:518,(anonymous_52)
FN:525,(anonymous_53)
FN:532,(anonymous_54)
FN:538,(anonymous_55)
FN:545,(anonymous_56)
FN:724,(anonymous_57)
FN:726,(anonymous_58)
FN:727,(anonymous_59)
FN:728,(anonymous_60)
FN:740,(anonymous_61)
FN:756,(anonymous_62)
FN:772,(anonymous_63)
FN:789,(anonymous_64)
FN:790,(anonymous_65)
FN:798,(anonymous_66)
FN:832,(anonymous_67)
FN:851,(anonymous_68)
FN:867,(anonymous_69)
FN:868,(anonymous_70)
FN:878,(anonymous_71)
FN:919,(anonymous_72)
FN:960,(anonymous_73)
FN:1001,(anonymous_74)
FN:1003,(anonymous_75)
FN:1053,(anonymous_76)
FN:1062,(anonymous_77)
FN:1069,(anonymous_78)
FN:1094,(anonymous_79)
FN:1113,(anonymous_80)
FN:1121,(anonymous_81)
FN:1122,(anonymous_82)
FNF:74
FNH:57
FNDA:25,(anonymous_9)
FNDA:0,(anonymous_10)
FNDA:6,(anonymous_11)
FNDA:276,(anonymous_12)
FNDA:360,(anonymous_13)
FNDA:321,(anonymous_14)
FNDA:34,(anonymous_15)
FNDA:35,(anonymous_16)
FNDA:35,(anonymous_17)
FNDA:35,(anonymous_18)
FNDA:5,(anonymous_19)
FNDA:6,(anonymous_20)
FNDA:84,(anonymous_21)
FNDA:48,(anonymous_22)
FNDA:0,(anonymous_23)
FNDA:0,(anonymous_24)
FNDA:1,(anonymous_25)
FNDA:4,(anonymous_26)
FNDA:56,(anonymous_27)
FNDA:14,(anonymous_28)
FNDA:14,(anonymous_29)
FNDA:14,(anonymous_30)
FNDA:42,(anonymous_31)
FNDA:14,(anonymous_32)
FNDA:28,(anonymous_33)
FNDA:68,(anonymous_34)
FNDA:236,(anonymous_35)
FNDA:0,(anonymous_36)
FNDA:0,(anonymous_37)
FNDA:0,(anonymous_38)
FNDA:0,(anonymous_39)
FNDA:0,(anonymous_40)
FNDA:0,(anonymous_41)
FNDA:1,(anonymous_42)
FNDA:1,(anonymous_43)
FNDA:1,(anonymous_44)
FNDA:0,(anonymous_45)
FNDA:1,(anonymous_46)
FNDA:0,(anonymous_47)
FNDA:0,(anonymous_48)
FNDA:0,(anonymous_49)
FNDA:4,(anonymous_50)
FNDA:56,(anonymous_51)
FNDA:0,(anonymous_52)
FNDA:5,(anonymous_53)
FNDA:70,(anonymous_54)
FNDA:2,(anonymous_55)
FNDA:1,(anonymous_56)
FNDA:1,(anonymous_57)
FNDA:14,(anonymous_58)
FNDA:14,(anonymous_59)
FNDA:14,(anonymous_60)
FNDA:3,(anonymous_61)
FNDA:5,(anonymous_62)
FNDA:7,(anonymous_63)
FNDA:14,(anonymous_64)
FNDA:28,(anonymous_65)
FNDA:17,(anonymous_66)
FNDA:0,(anonymous_67)
FNDA:7,(anonymous_68)
FNDA:63,(anonymous_69)
FNDA:261,(anonymous_70)
FNDA:7,(anonymous_71)
FNDA:7,(anonymous_72)
FNDA:7,(anonymous_73)
FNDA:7,(anonymous_74)
FNDA:66,(anonymous_75)
FNDA:213,(anonymous_76)
FNDA:1,(anonymous_77)
FNDA:26,(anonymous_78)
FNDA:1415,(anonymous_79)
FNDA:26,(anonymous_80)
FNDA:0,(anonymous_81)
FNDA:0,(anonymous_82)
DA:106,5
DA:108,25
DA:109,25
DA:113,25
DA:114,25
DA:115,1
DA:118,1
DA:119,0
DA:128,6
DA:129,6
DA:132,6
DA:138,6
DA:139,120
DA:145,276
DA:149,360
DA:152,0
DA:153,0
DA:156,120
DA:157,120
DA:166,120
DA:167,321
DA:169,35
DA:174,6
DA:175,34
DA:176,34
DA:177,34
DA:180,6
DA:182,35
DA:183,35
DA:184,35
DA:192,5
DA:199,6
DA:200,84
DA:203,6
DA:204,48
DA:207,6
DA:214,0
DA:215,0
DA:217,0
DA:218,0
DA:219,0
DA:222,0
DA:224,0
DA:227,0
DA:234,1
DA:235,1
DA:237,1
DA:238,1
DA:239,56
DA:242,1
DA:243,14
DA:244,14
DA:247,1
DA:248,14
DA:249,42
DA:252,1
DA:253,14
DA:254,28
DA:257,1
DA:273,68
DA:274,68
DA:277,68
DA:278,68
DA:279,68
DA:282,68
DA:290,68
DA:291,236
DA:292,115
DA:296,68
DA:307,0
DA:316,0
DA:317,0
DA:329,0
DA:330,0
DA:332,0
DA:339,0
DA:340,0
DA:347,0
DA:354,0
DA:361,1
DA:362,0
DA:378,1
DA:379,1
DA:380,1
DA:381,1
DA:382,1
DA:384,1
DA:400,1
DA:402,1
DA:403,1
DA:406,1
DA:407,0
DA:410,1
DA:411,1
DA:412,1
DA:415,1
DA:425,1
DA:427,1
DA:428,1
DA:431,1
DA:432,1
DA:435,1
DA:436,1
DA:437,0
DA:440,1
DA:453,0
DA:455,0
DA:472,1
DA:473,1
DA:474,0
DA:475,0
DA:477,1
DA:491,0
DA:505,0
DA:508,0
DA:509,0
DA:517,56
DA:518,4
DA:519,4
DA:526,5
DA:532,70
DA:539,2
DA:546,1
DA:547,1
DA:548,1
DA:549,1
DA:552,1
DA:553,1
DA:554,0
DA:555,1
DA:556,0
DA:559,1
DA:569,5
DA:715,5
DA:725,1
DA:726,14
DA:727,14
DA:728,14
DA:730,1
DA:740,1
DA:741,3
DA:750,1
DA:756,1
DA:757,5
DA:766,1
DA:772,1
DA:773,7
DA:781,1
DA:788,1
DA:789,1
DA:790,14
DA:791,28
DA:792,17
DA:794,28
DA:798,1
DA:799,17
DA:805,1
DA:826,1
DA:833,0
DA:834,0
DA:836,0
DA:837,0
DA:839,0
DA:840,0
DA:841,0
DA:843,0
DA:852,7
DA:855,7
DA:856,7
DA:859,7
DA:860,7
DA:863,7
DA:864,7
DA:867,7
DA:868,261
DA:869,54
DA:870,54
DA:875,7
DA:879,7
DA:882,7
DA:915,7
DA:916,7
DA:920,7
DA:923,7
DA:956,7
DA:957,7
DA:961,7
DA:964,7
DA:997,7
DA:998,7
DA:1003,66
DA:1004,7
DA:1005,0
DA:1006,0
DA:1007,0
DA:1020,7
DA:1052,7
DA:1053,213
DA:1054,18
DA:1063,1
DA:1069,26
DA:1072,1
DA:1073,1
DA:1074,26
DA:1075,26
DA:1076,4
DA:1078,26
DA:1081,1
DA:1083,1
DA:1084,4
DA:1085,4
DA:1087,26
DA:1089,4
DA:1092,1
DA:1093,26
DA:1094,1415
DA:1095,64
DA:1096,14
DA:1101,1
DA:1102,1
DA:1103,1
DA:1104,1
DA:1105,1
DA:1106,1
DA:1107,1
DA:1108,1
DA:1109,1
DA:1110,1
DA:1112,1
DA:1113,26
DA:1115,1
DA:1122,0
DA:1123,0
DA:1124,0
LF:234
LH:186
BRDA:114,0,0,1
BRDA:139,1,0,0
BRDA:140,2,0,120
BRDA:140,2,1,120
BRDA:140,2,2,120
BRDA:140,2,3,120
BRDA:140,2,4,120
BRDA:140,2,5,120
BRDA:140,2,6,120
BRDA:161,3,0,120
BRDA:161,3,1,0
BRDA:162,4,0,120
BRDA:162,4,1,0
BRDA:166,5,0,35
BRDA:167,6,0,321
BRDA:167,6,1,321
BRDA:184,7,0,35
BRDA:184,7,1,0
BRDA:192,8,0,5
BRDA:192,8,1,0
BRDA:215,9,0,0
BRDA:222,10,0,0
BRDA:222,10,1,0
BRDA:248,11,0,14
BRDA:248,11,1,0
BRDA:253,12,0,14
BRDA:253,12,1,0
BRDA:277,13,0,0
BRDA:278,14,0,0
BRDA:279,15,0,0
BRDA:286,16,0,68
BRDA:286,16,1,0
BRDA:287,17,0,68
BRDA:287,17,1,0
BRDA:291,18,0,115
BRDA:291,19,0,236
BRDA:291,19,1,236
BRDA:304,20,0,0
BRDA:305,21,0,0
BRDA:326,22,0,0
BRDA:330,23,0,0
BRDA:336,24,0,0
BRDA:336,24,1,0
BRDA:361,25,0,0
BRDA:385,26,0,1
BRDA:385,26,1,0
BRDA:402,27,0,1
BRDA:402,28,0,1
BRDA:402,28,1,1
BRDA:406,29,0,0
BRDA:411,30,0,1
BRDA:427,31,0,1
BRDA:431,32,0,1
BRDA:436,33,0,0
BRDA:508,34,0,0
BRDA:553,35,0,0
BRDA:553,35,1,1
BRDA:555,36,0,0
BRDA:791,37,0,17
BRDA:868,38,0,54
BRDA:1004,39,0,0
BRDA:1006,40,0,0
BRDA:1053,41,0,18
BRDA:1075,42,0,4
BRDA:1094,43,0,1415
BRDA:1094,43,1,1401
BRDA:1095,44,0,14
BRF:67
BRH:37
end_of_record
TN:
SF:src/math/AdvancedVBM.ts
FN:476,(anonymous_0)
FN:485,(anonymous_1)
FN:492,(anonymous_2)
FN:502,(anonymous_3)
FN:510,(anonymous_4)
FN:519,(anonymous_5)
FN:577,(anonymous_6)
FN:591,(anonymous_7)
FN:621,(anonymous_8)
FN:641,(anonymous_9)
FN:670,(anonymous_10)
FN:677,(anonymous_11)
FN:684,(anonymous_12)
FN:695,(anonymous_13)
FN:706,(anonymous_14)
FN:717,(anonymous_15)
FN:728,(anonymous_16)
FN:746,(anonymous_17)
FN:748,(anonymous_18)
FN:756,(anonymous_19)
FN:759,(anonymous_20)
FN:762,(anonymous_21)
FN:765,(anonymous_22)
FN:776,(anonymous_23)
FN:783,(anonymous_24)
FN:790,(anonymous_25)
FN:791,(anonymous_26)
FN:797,(anonymous_27)
FN:798,(anonymous_28)
FN:804,(anonymous_29)
FN:811,(anonymous_30)
FN:818,(anonymous_31)
FN:825,(anonymous_32)
FN:832,(anonymous_33)
FNF:34
FNH:19
FNDA:0,(anonymous_0)
FNDA:0,(anonymous_1)
FNDA:1,(anonymous_2)
FNDA:1,(anonymous_3)
FNDA:1,(anonymous_4)
FNDA:0,(anonymous_5)
FNDA:1,(anonymous_6)
FNDA:3,(anonymous_7)
FNDA:47,(anonymous_8)
FNDA:97,(anonymous_9)
FNDA:3,(anonymous_10)
FNDA:1,(anonymous_11)
FNDA:0,(anonymous_12)
FNDA:0,(anonymous_13)
FNDA:0,(anonymous_14)
FNDA:0,(anonymous_15)
FNDA:0,(anonymous_16)
FNDA:0,(anonymous_17)
FNDA:0,(anonymous_18)
FNDA:0,(anonymous_19)
FNDA:0,(anonymous_20)
FNDA:0,(anonymous_21)
FNDA:0,(anonymous_22)
FNDA:2,(anonymous_23)
FNDA:1,(anonymous_24)
FNDA:1,(anonymous_25)
FNDA:3,(anonymous_26)
FNDA:1,(anonymous_27)
FNDA:3,(anonymous_28)
FNDA:1,(anonymous_29)
FNDA:1,(anonymous_30)
FNDA:0,(anonymous_31)
FNDA:10,(anonymous_32)
FNDA:87,(anonymous_33)
DA:12,2
DA:53,2
DA:55,2
DA:56,2
DA:58,2
DA:59,2
DA:60,2
DA:61,2
DA:63,2
DA:65,2
DA:69,2
DA:429,2
DA:479,0
DA:486,0
DA:493,1
DA:494,0
DA:496,1
DA:503,1
DA:504,1
DA:512,1
DA:513,1
DA:520,0
DA:522,0
DA:536,0
DA:550,0
DA:563,0
DA:578,1
DA:579,1
DA:580,1
DA:582,1
DA:583,0
DA:585,1
DA:592,3
DA:593,3
DA:594,3
DA:596,3
DA:597,48
DA:599,48
DA:600,48
DA:601,48
DA:602,18
DA:603,48
DA:606,48
DA:607,48
DA:608,144
DA:609,50
DA:610,50
DA:615,48
DA:616,20
DA:621,3
DA:622,47
DA:623,47
DA:624,47
DA:627,3
DA:642,97
DA:644,97
DA:645,97
DA:646,97
DA:647,93
DA:648,97
DA:651,97
DA:652,97
DA:656,97
DA:657,97
DA:658,291
DA:659,277
DA:664,97
DA:671,3
DA:678,1
DA:685,0
DA:686,0
DA:687,0
DA:689,0
DA:696,0
DA:697,0
DA:698,0
DA:700,0
DA:707,0
DA:708,0
DA:709,0
DA:711,0
DA:718,0
DA:719,0
DA:720,0
DA:722,0
DA:729,0
DA:731,0
DA:732,0
DA:736,0
DA:740,0
DA:747,0
DA:748,0
DA:750,0
DA:756,0
DA:759,0
DA:762,0
DA:765,0
DA:777,2
DA:784,1
DA:791,3
DA:798,3
DA:805,1
DA:812,1
DA:819,0
DA:826,10
DA:833,87
DA:834,87
LF:107
LH:69
BRDA:479,0,0,0
BRDA:479,0,1,0
BRDA:493,1,0,0
BRDA:520,2,0,0
BRDA:520,2,1,0
BRDA:520,2,2,0
BRDA:520,2,3,0
BRDA:578,3,0,0
BRDA:579,4,0,0
BRDA:580,5,0,0
BRDA:583,6,0,0
BRDA:599,7,0,18
BRDA:600,8,0,20
BRDA:601,9,0,18
BRDA:603,10,0,18
BRDA:606,11,0,48
BRDA:608,12,0,50
BRDA:615,13,0,20
BRDA:630,14,0,3
BRDA:630,14,1,0
BRDA:644,15,0,95
BRDA:645,16,0,97
BRDA:646,17,0,93
BRDA:648,18,0,95
BRDA:651,19,0,97
BRDA:656,20,0,97
BRDA:658,21,0,277
BRDA:671,22,0,3
BRDA:671,22,1,2
BRDA:732,23,0,0
BRDA:733,24,0,0
BRDA:733,24,1,0
BRDA:756,25,0,0
BRDA:756,25,1,0
BRDA:759,26,0,0
BRDA:759,26,1,0
BRDA:762,27,0,0
BRDA:762,27,1,0
BRDA:765,28,0,0
BRDA:765,28,1,0
BRDA:834,29,0,1
BRDA:834,29,1,86
BRF:42
BRH:19
end_of_record
TN:
SF:src/math/FractalColorSystem.ts
FN:41,(anonymous_0)
FN:48,(anonymous_1)
FN:72,(anonymous_2)
FN:98,(anonymous_3)
FN:120,(anonymous_4)
FN:129,(anonymous_5)
FN:157,(anonymous_6)
FN:225,(anonymous_7)
FN:247,(anonymous_8)
FN:254,(anonymous_9)
FN:261,(anonymous_10)
FN:265,(anonymous_11)
FN:276,(anonymous_12)
FN:298,(anonymous_13)
FNF:14
FNH:10
FNDA:72,(anonymous_0)
FNDA:5,(anonymous_1)
FNDA:0,(anonymous_2)
FNDA:2,(anonymous_3)
FNDA:5,(anonymous_4)
FNDA:5,(anonymous_5)
FNDA:10,(anonymous_6)
FNDA:0,(anonymous_7)
FNDA:0,(anonymous_8)
FNDA:0,(anonymous_9)
FNDA:5,(anonymous_10)
FNDA:15,(anonymous_11)
FNDA:20,(anonymous_12)
FNDA:5,(anonymous_13)
DA:15,2
DA:16,2
DA:36,2
DA:37,72
DA:38,72
DA:42,72
DA:52,5
DA:53,5
DA:54,5
DA:56,5
DA:69,5
DA:72,5
DA:73,0
DA:74,0
DA:79,5
DA:82,5
DA:85,5
DA:92,5
DA:102,2
DA:104,2
DA:105,5
DA:110,5
DA:111,5
DA:112,5
DA:116,2
DA:120,5
DA:123,2
DA:130,5
DA:131,5
DA:133,5
DA:135,5
DA:136,15
DA:138,10
DA:139,10
DA:140,10
DA:144,5
DA:147,5
DA:161,10
DA:162,10
DA:164,10
DA:165,10
DA:170,10
DA:171,0
DA:179,10
DA:180,4
DA:188,6
DA:189,0
DA:201,6
DA:206,6
DA:207,6
DA:219,0
DA:226,0
DA:227,0
DA:230,0
DA:231,0
DA:232,0
DA:235,0
DA:248,0
DA:255,0
DA:262,5
DA:266,15
DA:267,15
DA:277,20
DA:278,20
DA:279,20
DA:281,20
DA:283,20
DA:284,20
DA:285,0
DA:286,20
DA:287,0
DA:289,20
DA:292,20
DA:299,5
LF:74
LH:59
BRDA:50,0,0,0
BRDA:73,1,0,0
BRDA:100,2,0,0
BRDA:131,3,0,0
BRDA:136,4,0,5
BRDA:139,5,0,10
BRDA:170,6,0,0
BRDA:170,7,0,10
BRDA:170,7,1,0
BRDA:179,8,0,4
BRDA:188,9,0,0
BRDA:188,10,0,6
BRDA:188,10,1,0
BRDA:206,11,0,6
BRDA:227,12,0,0
BRDA:230,13,0,0
BRDA:255,14,0,0
BRDA:255,14,1,0
BRDA:267,15,0,5
BRDA:267,15,1,10
BRDA:281,16,0,0
BRDA:284,17,0,0
BRDA:284,17,1,20
BRDA:286,18,0,0
BRDA:286,18,1,20
BRF:25
BRH:10
end_of_record
TN:
SF:src/math/FractalMath.ts
FN:25,(anonymous_0)
FN:34,(anonymous_1)
FN:44,(anonymous_2)
FN:59,(anonymous_3)
FN:66,(anonymous_4)
FN:88,(anonymous_5)
FN:106,(anonymous_6)
FN:123,(anonymous_7)
FN:141,(anonymous_8)
FN:170,(anonymous_9)
FN:193,(anonymous_10)
FN:200,(anonymous_11)
FN:211,(anonymous_12)
FN:240,(anonymous_13)
FN:250,(anonymous_14)
FNF:15
FNH:7
FNDA:0,(anonymous_0)
FNDA:0,(anonymous_1)
FNDA:35,(anonymous_2)
FNDA:0,(anonymous_3)
FNDA:3,(anonymous_4)
FNDA:82,(anonymous_5)
FNDA:15,(anonymous_6)
FNDA:0,(anonymous_7)
FNDA:0,(anonymous_8)
FNDA:3,(anonymous_9)
FNDA:0,(anonymous_10)
FNDA:0,(anonymous_11)
FNDA:5,(anonymous_12)
FNDA:15,(anonymous_13)
FNDA:0,(anonymous_14)
DA:16,2
DA:22,2
DA:26,0
DA:27,0
DA:35,0
DA:36,0
DA:38,0
DA:45,35
DA:47,35
DA:48,118
DA:49,118
DA:50,118
DA:53,35
DA:60,0
[...]
FN:302,(anonymous_17)
FN:331,(anonymous_18)
FN:356,(anonymous_19)
FN:361,(anonymous_20)
FN:371,(anonymous_21)
FNF:22
FNH:14
FNDA:74,(anonymous_0)
FNDA:72,(anonymous_1)
FNDA:1311,(anonymous_2)
FNDA:68,(anonymous_3)
FNDA:0,(anonymous_4)
FNDA:35,(anonymous_5)
FNDA:80,(anonymous_6)
FNDA:80,(anonymous_7)
FNDA:1425,(anonymous_8)
FNDA:0,(anonymous_9)
FNDA:105,(anonymous_10)
FNDA:0,(anonymous_11)
FNDA:0,(anonymous_12)
FNDA:0,(anonymous_13)
FNDA:0,(anonymous_14)
FNDA:0,(anonymous_15)
FNDA:7,(anonymous_16)
FNDA:2,(anonymous_17)
FNDA:2,(anonymous_18)
FNDA:1000,(anonymous_19)
FNDA:1000,(anonymous_20)
FNDA:0,(anonymous_21)
DA:14,9
DA:20,9
DA:24,74
DA:25,74
DA:28,74
DA:29,9
DA:37,72
DA:38,2
DA:40,72
DA:47,1311
DA:56,1311
DA:61,1311
DA:67,1311
DA:74,68
DA:75,68
DA:77,68
DA:83,68
DA:90,0
DA:95,0
DA:101,0
DA:107,0
DA:117,35
DA:120,35
DA:123,35
DA:130,80
DA:141,80
DA:152,1425
DA:159,0
DA:166,105
DA:170,105
DA:171,105
DA:172,105
DA:174,105
DA:193,0
DA:200,0
DA:202,0
DA:203,0
DA:204,0
DA:205,0
DA:208,0
DA:218,0
DA:220,0
DA:221,0
DA:226,0
DA:232,0
DA:237,0
DA:242,0
DA:244,0
DA:247,0
DA:258,0
DA:262,0
DA:273,7
DA:303,2
DA:316,2
DA:317,2
DA:319,2
DA:325,2
DA:332,2
DA:333,2
DA:335,2
DA:336,6
DA:337,6
DA:338,6
DA:343,6
DA:345,6
DA:350,6
DA:353,2
DA:358,1000
DA:363,1000
DA:364,1000
DA:365,1000
DA:366,1000
DA:371,9
DA:372,0
LF:74
LH:50
BRDA:28,0,0,9
BRDA:37,1,0,2
BRDA:46,2,0,1000
BRDA:46,3,0,1000
BRDA:171,4,0,105
BRDA:171,4,1,1
BRDA:200,5,0,0
BRDA:204,6,0,0
BRDA:204,6,1,0
BRDA:216,7,0,0
BRDA:337,8,0,6
BRDA:337,8,1,0
BRDA:356,9,0,0
BRDA:361,10,0,0
BRF:14
BRH:7
end_of_record
TN:
SF:src/monitoring/HealthMonitor.ts
FN:76,(anonymous_0)
FN:100,(anonymous_1)
FN:106,(anonymous_2)
FN:121,(anonymous_3)
FN:137,(anonymous_4)
FN:145,(anonymous_5)
FN:164,(anonymous_6)
FN:174,(anonymous_7)
FN:185,(anonymous_8)
FN:237,(anonymous_9)
FN:240,(anonymous_10)
FN:241,(anonymous_11)
FN:255,(anonymous_12)
FN:283,(anonymous_13)
FN:300,(anonymous_14)
FN:318,(anonymous_15)
FN:337,(anonymous_16)
FN:339,(anonymous_17)
FN:357,(anonymous_18)
FN:359,(anonymous_19)
FN:378,(anonymous_20)
FN:391,(anonymous_21)
FNF:22
FNH:6
FNDA:5,(anonymous_0)
FNDA:84,(anonymous_1)
FNDA:0,(anonymous_2)
FNDA:67,(anonymous_3)
FNDA:416,(anonymous_4)
FNDA:0,(anonymous_5)
FNDA:0,(anonymous_6)
FNDA:0,(anonymous_7)
FNDA:0,(anonymous_8)
FNDA:0,(anonymous_9)
FNDA:0,(anonymous_10)
FNDA:0,(anonymous_11)
FNDA:0,(anonymous_12)
FNDA:0,(anonymous_13)
FNDA:5,(anonymous_14)
FNDA:0,(anonymous_15)
FNDA:5,(anonymous_16)
FNDA:0,(anonymous_17)
FNDA:0,(anonymous_18)
FNDA:0,(anonymous_19)
FNDA:0,(anonymous_20)
FNDA:0,(anonymous_21)
DA:1,5
DA:2,5
DA:68,5
DA:70,5
DA:72,5
DA:74,5
DA:77,5
DA:79,5
DA:93,5
DA:94,5
DA:101,84
DA:103,65
DA:104,65
DA:106,65
DA:107,0
DA:110,65
DA:115,65
DA:122,67
DA:124,65
DA:126,65
DA:127,65
DA:130,65
DA:131,65
DA:138,416
DA:139,416
DA:146,0
DA:147,0
DA:149,0
DA:158,0
DA:165,0
DA:166,0
DA:168,0
DA:175,0
DA:186,0
DA:188,0
DA:189,0
DA:190,0
DA:191,0
DA:192,0
DA:193,0
DA:200,0
DA:203,0
DA:208,0
DA:218,0
DA:219,0
DA:226,0
DA:227,0
DA:230,0
DA:231,0
DA:240,0
DA:241,0
DA:243,0
DA:244,0
DA:245,0
DA:246,0
DA:248,0
DA:256,0
DA:257,0
DA:260,0
DA:261,0
DA:267,0
DA:268,0
DA:273,0
DA:274,0
DA:275,0
DA:276,0
DA:277,0
DA:283,0
DA:285,0
DA:286,0
DA:289,0
DA:290,0
DA:293,0
DA:301,5
DA:319,0
DA:320,0
DA:322,0
DA:328,0
DA:339,5
DA:340,0
DA:341,0
DA:343,0
DA:357,5
DA:358,0
DA:359,0
DA:360,0
DA:363,0
DA:368,0
DA:378,5
DA:379,0
DA:381,0
DA:391,5
DA:392,0
DA:410,5
LF:94
LH:30
BRDA:76,0,0,5
BRDA:101,1,0,19
BRDA:122,2,0,2
BRDA:126,3,0,65
BRDA:153,4,0,0
BRDA:153,4,1,0
BRDA:165,5,0,0
BRDA:176,6,0,0
BRDA:176,6,1,0
BRDA:197,7,0,0
BRDA:197,7,1,0
BRDA:198,8,0,0
BRDA:198,8,1,0
BRDA:212,9,0,0
BRDA:212,9,1,0
BRDA:214,10,0,0
BRDA:214,10,1,0
BRDA:220,11,0,0
BRDA:220,11,1,0
BRDA:226,12,0,0
BRDA:243,13,0,0
BRDA:243,13,1,0
BRDA:245,14,0,0
BRDA:245,14,1,0
BRDA:245,15,0,0
BRDA:245,15,1,0
BRDA:260,16,0,0
BRDA:267,17,0,0
BRDA:274,18,0,0
BRDA:276,19,0,0
BRDA:285,20,0,0
BRDA:289,21,0,0
BRDA:345,22,0,0
BRDA:345,22,1,0
BRDA:345,23,0,0
BRDA:345,23,1,0
BRDA:370,24,0,0
BRDA:370,24,1,0
BRDA:383,25,0,0
BRDA:383,25,1,0
BRF:40
BRH:4
end_of_record
TN:
SF:src/pwa/ConsciousnessPWA.ts
FN:42,(anonymous_0)
FN:62,(anonymous_1)
FN:93,(anonymous_2)
FN:121,(anonymous_3)
FN:141,(anonymous_4)
FN:174,(anonymous_5)
FN:199,(anonymous_6)
FN:200,(anonymous_7)
FN:203,(anonymous_8)
FN:204,(anonymous_9)
FN:206,(anonymous_10)
FN:221,(anonymous_11)
FN:243,(anonymous_12)
FN:244,(anonymous_13)
FN:246,(anonymous_14)
FN:247,(anonymous_15)
FN:254,(anonymous_16)
FN:261,(anonymous_17)
FN:283,(anonymous_18)
FN:299,(anonymous_19)
FN:314,(anonymous_20)
FN:329,(anonymous_21)
FNF:22
FNH:0
FNDA:0,(anonymous_0)
FNDA:0,(anonymous_1)
FNDA:0,(anonymous_2)
FNDA:0,(anonymous_3)
FNDA:0,(anonymous_4)
FNDA:0,(anonymous_5)
FNDA:0,(anonymous_6)
FNDA:0,(anonymous_7)
FNDA:0,(anonymous_8)
FNDA:0,(anonymous_9)
FNDA:0,(anonymous_10)
FNDA:0,(anonymous_11)
FNDA:0,(anonymous_12)
FNDA:0,(anonymous_13)
FNDA:0,(anonymous_14)
FNDA:0,(anonymous_15)
FNDA:0,(anonymous_16)
FNDA:0,(anonymous_17)
FNDA:0,(anonymous_18)
FNDA:0,(anonymous_19)
FNDA:0,(anonymous_20)
FNDA:0,(anonymous_21)
DA:8,0
DA:37,0
DA:39,0
DA:43,0
DA:55,0
DA:56,0
DA:64,0
DA:72,0
DA:73,0
DA:81,0
DA:82,0
DA:94,0
DA:95,0
DA:98,0
DA:99,0
DA:100,0
DA:101,0
DA:102,0
DA:104,0
DA:105,0
DA:110,0
DA:122,0
DA:124,0
DA:125,0
DA:126,0
DA:127,0
DA:128,0
DA:130,0
DA:142,0
DA:143,0
DA:145,0
DA:146,0
DA:152,0
DA:153,0
DA:159,0
DA:161,0
DA:165,0
DA:168,0
DA:175,0
DA:177,0
DA:179,0
DA:180,0
DA:181,0
DA:183,0
DA:184,0
DA:187,0
DA:189,0
DA:200,0
DA:201,0
DA:203,0
DA:204,0
DA:206,0
DA:207,0
DA:208,0
DA:209,0
DA:210,0
DA:211,0
DA:222,0
DA:224,0
DA:225,0
DA:226,0
DA:227,0
DA:228,0
DA:230,0
DA:232,0
DA:233,0
DA:236,0
DA:244,0
DA:245,0
DA:246,0
DA:247,0
DA:255,0
DA:262,0
DA:265,0
DA:266,0
DA:270,0
DA:271,0
DA:272,0
DA:276,0
DA:286,0
DA:295,0
DA:300,0
DA:315,0
DA:330,0
DA:343,0
LF:85
LH:0
BRDA:42,0,0,0
BRDA:68,1,0,0
BRDA:68,1,1,0
BRDA:72,2,0,0
BRDA:81,3,0,0
BRDA:98,4,0,0
BRDA:99,5,0,0
BRDA:100,6,0,0
BRDA:101,7,0,0
BRDA:102,8,0,0
BRDA:124,9,0,0
BRDA:125,10,0,0
BRDA:126,11,0,0
BRDA:127,12,0,0
BRDA:128,13,0,0
BRDA:142,14,0,0
BRDA:142,15,0,0
BRDA:142,15,1,0
BRDA:152,16,0,0
BRDA:175,17,0,0
BRDA:175,18,0,0
BRDA:175,18,1,0
BRDA:208,19,0,0
BRDA:208,20,0,0
BRDA:208,20,1,0
BRDA:210,21,0,0
BRDA:222,22,0,0
BRDA:222,23,0,0
BRDA:222,23,1,0
BRDA:265,24,0,0
BRDA:265,24,1,0
BRDA:271,25,0,0
BRDA:284,26,0,0
BRF:33
BRH:0
end_of_record
TN:
SF:src/types/DeviceConfig.ts
FNF:0
FNH:0
DA:52,0
LF:1
LH:0
BRF:0
BRH:0
end_of_record
TN:
SF:src/types/UnifiedExports.ts
FNF:0
FNH:0
DA:4,0
DA:11,0
LF:2
LH:0
BRF:0
BRH:0
end_of_record
TN:
SF:src/unity/FieldUnity.ts
FN:55,(anonymous_0)
FN:63,(anonymous_1)
FN:198,(anonymous_2)
FN:287,(anonymous_3)
FN:294,(anonymous_4)
FN:301,(anonymous_5)
FN:308,(anonymous_6)
FN:310,(anonymous_7)
FN:317,(anonymous_8)
FN:322,(anonymous_9)
FN:332,(anonymous_10)
FN:339,(anonymous_11)
FN:340,(anonymous_12)
FN:346,(anonymous_13)
FN:351,(anonymous_14)
FN:355,(anonymous_15)
FN:369,(anonymous_16)
FN:387,(anonymous_17)
FN:399,(anonymous_18)
FN:404,(anonymous_19)
FN:412,(anonymous_20)
FN:419,(anonymous_21)
FN:427,(anonymous_22)
FNF:23
FNH:0
FNDA:0,(anonymous_0)
FNDA:0,(anonymous_1)
FNDA:0,(anonymous_2)
FNDA:0,(anonymous_3)
FNDA:0,(anonymous_4)
FNDA:0,(anonymous_5)
FNDA:0,(anonymous_6)
FNDA:0,(anonymous_7)
FNDA:0,(anonymous_8)
FNDA:0,(anonymous_9)
FNDA:0,(anonymous_10)
FNDA:0,(anonymous_11)
FNDA:0,(anonymous_12)
FNDA:0,(anonymous_13)
FNDA:0,(anonymous_14)
FNDA:0,(anonymous_15)
FNDA:0,(anonymous_16)
FNDA:0,(anonymous_17)
FNDA:0,(anonymous_18)
FNDA:0,(anonymous_19)
FNDA:0,(anonymous_20)
FNDA:0,(anonymous_21)
FNDA:0,(anonymous_22)
DA:14,0
DA:50,0
DA:51,0
DA:52,0
DA:53,0
DA:56,0
DA:57,0
DA:65,0
DA:76,0
DA:87,0
DA:104,0
DA:121,0
DA:138,0
DA:155,0
DA:166,0
DA:177,0
DA:199,0
DA:213,0
DA:227,0
DA:241,0
DA:255,0
DA:269,0
DA:288,0
DA:295,0
DA:302,0
DA:309,0
DA:310,0
DA:318,0
DA:319,0
DA:321,0
DA:323,0
DA:333,0
DA:340,0
DA:347,0
DA:348,0
DA:350,0
DA:351,0
DA:355,0
DA:360,0
DA:361,0
DA:363,0
DA:370,0
DA:388,0
DA:400,0
DA:401,0
DA:403,0
DA:404,0
DA:406,0
DA:413,0
DA:414,0
DA:419,0
DA:427,0
DA:428,0
DA:431,0
LF:54
LH:0
BRDA:319,0,0,0
BRDA:323,1,0,0
BRDA:323,1,1,0
BRDA:323,1,2,0
BRDA:348,2,0,0
BRDA:401,3,0,0
BRDA:428,4,0,0
BRDA:428,4,1,0
BRF:8
BRH:0
end_of_record
TN:
SF:src/utils/Cache.ts
FN:52,(anonymous_0)
FN:68,(anonymous_1)
FN:90,(anonymous_2)
FN:115,(anonymous_3)
FN:130,(anonymous_4)
FN:141,(anonymous_5)
FN:155,(anonymous_6)
FN:171,(anonymous_7)
FN:178,(anonymous_8)
FN:185,(anonymous_9)
FN:192,(anonymous_10)
FN:206,(anonymous_11)
FN:224,(anonymous_12)
FN:226,(anonymous_13)
FN:235,(anonymous_14)
FN:244,(anonymous_15)
FN:262,(anonymous_16)
FN:282,(anonymous_17)
FN:291,(anonymous_18)
FN:302,(anonymous_19)
FN:312,(anonymous_20)
FN:325,(anonymous_21)
FN:336,(anonymous_22)
FN:341,(anonymous_23)
FNF:24
FNH:12
FNDA:38,(anonymous_0)
FNDA:16,(anonymous_1)
FNDA:73,(anonymous_2)
FNDA:0,(anonymous_3)
FNDA:19,(anonymous_4)
FNDA:71,(anonymous_5)
FNDA:1,(anonymous_6)
FNDA:0,(anonymous_7)
FNDA:0,(anonymous_8)
FNDA:0,(anonymous_9)
FNDA:70,(anonymous_10)
FNDA:0,(anonymous_11)
FNDA:252,(anonymous_12)
FNDA:0,(anonymous_13)
FNDA:213,(anonymous_14)
FNDA:0,(anonymous_15)
FNDA:0,(anonymous_16)
FNDA:59,(anonymous_17)
FNDA:8,(anonymous_18)
FNDA:0,(anonymous_19)
FNDA:0,(anonymous_20)
FNDA:8,(anonymous_21)
FNDA:0,(anonymous_22)
FNDA:0,(anonymous_23)
DA:34,8
DA:36,38
DA:37,38
DA:53,38
DA:69,16
DA:79,16
DA:80,0
DA:83,16
DA:84,16
DA:91,73
DA:92,73
DA:93,14
DA:94,14
DA:98,59
DA:99,0
DA:100,0
DA:101,0
DA:105,59
DA:106,59
DA:107,59
DA:109,59
DA:116,0
DA:117,0
DA:119,0
DA:120,0
DA:121,0
DA:124,0
DA:131,19
DA:132,19
DA:133,0
DA:135,19
DA:142,71
DA:143,71
DA:156,1
DA:158,1
DA:160,1
DA:172,0
DA:179,0
DA:186,0
DA:193,70
DA:194,70
DA:195,57
DA:198,13
DA:199,13
DA:200,13
DA:211,0
DA:212,0
DA:213,0
DA:216,0
DA:217,0
DA:218,0
DA:225,252
DA:226,15
DA:227,0
DA:236,213
DA:237,201
DA:245,0
DA:247,0
DA:248,0
DA:249,0
DA:250,0
DA:254,0
DA:255,0
DA:263,0
DA:264,0
DA:266,0
DA:267,0
DA:268,0
DA:269,0
DA:273,0
DA:274,0
DA:275,0
DA:283,59
DA:290,8
DA:292,8
DA:308,0
DA:309,0
DA:319,0
DA:320,0
DA:324,8
DA:326,8
DA:337,0
DA:338,0
DA:342,0
DA:343,0
DA:350,8
DA:351,8
DA:352,8
LF:88
LH:43
BRDA:52,0,0,8
BRDA:73,1,0,16
BRDA:73,1,1,4
BRDA:79,2,0,0
BRDA:92,3,0,14
BRDA:98,4,0,0
BRDA:117,5,0,0
BRDA:119,6,0,0
BRDA:132,7,0,0
BRDA:158,8,0,1
BRDA:158,8,1,0
BRDA:194,9,0,57
BRDA:212,10,0,0
BRDA:225,11,0,15
BRDA:236,12,0,201
BRDA:248,13,0,0
BRDA:254,14,0,0
BRDA:267,15,0,0
BRDA:273,16,0,0
BRF:19
BRH:8
end_of_record
TN:
SF:src/utils/GitIntegration.ts
FN:32,(anonymous_0)
FN:40,(anonymous_1)
FN:44,(anonymous_2)
FN:54,(anonymous_3)
FN:63,(anonymous_4)
FN:72,(anonymous_5)
FN:83,(anonymous_6)
FN:95,(anonymous_7)
FN:121,(anonymous_8)
FN:133,(anonymous_9)
FN:146,(anonymous_10)
FN:153,(anonymous_11)
FNF:12
FNH:9
FNDA:5,(anonymous_0)
FNDA:5,(anonymous_1)
FNDA:0,(anonymous_2)
FNDA:67,(anonymous_3)
FNDA:0,(anonymous_4)
FNDA:0,(anonymous_5)
FNDA:7,(anonymous_6)
FNDA:7,(anonymous_7)
FNDA:3,(anonymous_8)
FNDA:9,(anonymous_9)
FNDA:9,(anonymous_10)
FNDA:4,(anonymous_11)
DA:1,5
DA:2,5
DA:3,5
DA:4,5
DA:6,5
DA:27,5
DA:29,5
DA:33,5
DA:34,5
DA:36,5
DA:37,5
DA:41,5
DA:43,5
DA:44,5
DA:45,0
DA:46,0
DA:48,5
DA:50,0
DA:55,67
DA:56,67
DA:57,67
DA:60,67
DA:64,0
DA:65,0
DA:66,0
DA:73,0
DA:74,0
DA:75,0
DA:76,0
DA:84,7
DA:85,7
DA:88,7
DA:90,7
DA:91,7
DA:92,7
DA:93,7
DA:95,7
DA:96,7
DA:97,7
DA:98,7
DA:99,7
DA:101,0
DA:102,0
DA:103,0
DA:105,0
DA:106,0
DA:107,0
DA:108,0
DA:109,0
DA:110,0
DA:115,7
DA:117,0
DA:122,3
DA:123,3
DA:128,3
DA:130,3
DA:134,9
DA:135,9
DA:137,9
DA:145,3
DA:146,9
DA:149,0
DA:154,4
DA:159,5
LF:64
LH:43
BRDA:41,0,0,0
BRDA:55,1,0,67
BRDA:75,2,0,0
BRDA:96,3,0,7
BRDA:96,3,1,0
BRDA:98,4,0,7
BRDA:101,5,0,0
BRDA:105,6,0,0
BRDA:105,6,1,0
BRDA:105,7,0,0
BRDA:105,7,1,0
BRDA:107,8,0,0
BRDA:107,8,1,0
BRDA:107,9,0,0
BRDA:107,9,1,0
BRDA:109,10,0,0
BRDA:128,11,0,0
BRDA:138,12,0,9
BRDA:138,12,1,0
BRDA:139,13,0,9
BRDA:139,13,1,0
BRDA:140,14,0,9
BRDA:140,14,1,0
BRDA:141,15,0,9
BRDA:141,15,1,0
BRDA:146,16,0,9
BRDA:146,16,1,9
BRDA:146,16,2,9
BRF:28
BRH:10
end_of_record
TN:
SF:src/utils/Logger.ts
FN:9,(anonymous_0)
FN:49,(anonymous_1)
FN:67,(anonymous_2)
FN:74,(anonymous_3)
FN:81,(anonymous_4)
FN:88,(anonymous_5)
FN:95,(anonymous_6)
FN:102,(anonymous_7)
FN:114,(anonymous_8)
FN:136,(anonymous_9)
FN:146,(anonymous_10)
FN:155,(anonymous_11)
FN:162,(anonymous_12)
FN:175,(anonymous_13)
FN:189,(anonymous_14)
FN:197,(anonymous_15)
FN:217,(anonymous_16)
FN:261,(anonymous_17)
FN:306,(anonymous_18)
FN:312,(anonymous_19)
FNF:20
FNH:13
FNDA:6,(anonymous_0)
FNDA:73,(anonymous_1)
FNDA:1,(anonymous_2)
FNDA:1,(anonymous_3)
FNDA:536,(anonymous_4)
FNDA:500,(anonymous_5)
FNDA:0,(anonymous_6)
FNDA:84,(anonymous_7)
FNDA:84,(anonymous_8)
FNDA:0,(anonymous_9)
FNDA:0,(anonymous_10)
FNDA:1,(anonymous_11)
FNDA:0,(anonymous_12)
FNDA:0,(anonymous_13)
FNDA:67,(anonymous_14)
FNDA:489,(anonymous_15)
FNDA:1038,(anonymous_16)
FNDA:538,(anonymous_17)
FNDA:0,(anonymous_18)
FNDA:0,(anonymous_19)
DA:1,6
DA:9,6
DA:10,6
DA:11,6
DA:12,6
DA:13,6
DA:14,6
DA:44,6
DA:46,73
DA:47,73
DA:50,73
DA:52,73
DA:68,1
DA:75,1
DA:82,536
DA:89,500
DA:96,0
DA:103,84
DA:105,84
DA:106,84
DA:108,84
DA:115,84
DA:117,84
DA:118,84
DA:119,84
DA:120,84
DA:122,84
DA:125,84
DA:126,84
DA:127,84
DA:128,84
DA:137,0
DA:139,0
DA:140,0
DA:147,0
DA:149,0
DA:156,1
DA:169,0
DA:171,0
DA:172,0
DA:174,0
DA:175,0
DA:176,0
DA:177,0
DA:179,0
DA:183,0
DA:190,67
DA:191,67
DA:192,0
DA:196,67
DA:197,67
DA:203,489
DA:208,489
DA:211,67
DA:223,1038
DA:225,538
DA:233,538
DA:236,538
DA:237,538
DA:238,538
DA:245,538
DA:248,538
DA:249,538
DA:253,538
DA:254,0
DA:262,538
DA:263,538
DA:264,538
DA:265,538
DA:266,538
DA:267,538
DA:268,538
DA:271,538
DA:273,538
DA:275,538
DA:276,0
DA:279,538
DA:280,470
DA:283,538
DA:284,0
DA:288,538
DA:290,1
DA:291,1
DA:293,1
DA:294,1
DA:296,536
DA:297,536
DA:299,0
DA:309,0
DA:313,0
DA:320,6
LF:91
LH:69
BRDA:9,0,0,6
BRDA:9,0,1,6
BRDA:49,1,0,0
BRDA:103,2,0,0
BRDA:115,3,0,0
BRDA:115,4,0,84
BRDA:115,4,1,84
BRDA:118,5,0,84
BRDA:118,6,0,84
BRDA:118,6,1,84
BRDA:125,7,0,84
BRDA:127,8,0,84
BRDA:127,8,1,79
BRDA:136,9,0,0
BRDA:137,10,0,0
BRDA:139,11,0,0
BRDA:139,11,1,0
BRDA:147,12,0,0
BRDA:172,13,0,0
BRDA:191,14,0,0
BRDA:223,15,0,500
BRDA:229,16,0,538
BRDA:229,16,1,538
BRDA:233,17,0,0
BRDA:236,18,0,538
BRDA:248,19,0,538
BRDA:253,20,0,0
BRDA:253,21,0,538
BRDA:253,21,1,0
BRDA:264,22,0,538
BRDA:266,23,0,538
BRDA:266,24,0,538
BRDA:266,24,1,538
BRDA:268,25,0,538
BRDA:268,25,1,0
BRDA:275,26,0,0
BRDA:279,27,0,470
BRDA:283,28,0,0
BRDA:288,29,0,1
BRDA:288,29,1,1
BRDA:288,29,2,536
BRDA:288,29,3,0
BRF:42
BRH:25
end_of_record
TN:
SF:src/utils/ResourceCleanup.ts
FN:28,cleanupResources
FN:57,(anonymous_1)
FN:63,(anonymous_2)
FN:72,(anonymous_3)
FN:76,(anonymous_4)
FNF:5
FNH:0
FNDA:0,cleanupResources
FNDA:0,(anonymous_1)
FNDA:0,(anonymous_2)
FNDA:0,(anonymous_3)
FNDA:0,(anonymous_4)
DA:28,0
DA:29,0
DA:31,0
DA:33,0
DA:34,0
DA:35,0
DA:39,0
DA:40,0
DA:41,0
DA:42,0
DA:43,0
DA:49,0
DA:50,0
DA:51,0
DA:55,0
DA:56,0
DA:58,0
DA:61,0
DA:62,0
DA:63,0
DA:64,0
DA:65,0
DA:71,0
DA:72,0
DA:74,0
DA:75,0
DA:76,0
DA:77,0
DA:78,0
DA:84,0
DA:85,0
DA:86,0
DA:89,0
DA:91,0
LF:34
LH:0
BRDA:33,0,0,0
BRDA:39,1,0,0
BRDA:41,2,0,0
BRDA:49,3,0,0
BRDA:55,4,0,0
BRDA:55,4,1,0
BRDA:58,5,0,0
BRDA:58,5,1,0
BRDA:61,6,0,0
BRDA:65,7,0,0
BRDA:74,8,0,0
BRDA:78,9,0,0
BRDA:84,10,0,0
BRDA:84,11,0,0
BRDA:84,11,1,0
BRF:15
BRH:0
end_of_record
TN:
SF:src/void/VoidSystem.ts
FN:137,(anonymous_0)
FN:144,(anonymous_1)
FN:223,(anonymous_2)
FN:286,(anonymous_3)
FN:314,(anonymous_4)
FN:332,(anonymous_5)
FN:353,(anonymous_6)
FN:368,(anonymous_7)
FN:384,(anonymous_8)
FN:400,(anonymous_9)
FN:416,(anonymous_10)
FN:432,(anonymous_11)
FN:448,(anonymous_12)
FN:464,(anonymous_13)
FN:479,(anonymous_14)
FN:494,(anonymous_15)
FN:509,(anonymous_16)
FN:524,(anonymous_17)
FN:539,(anonymous_18)
FN:554,(anonymous_19)
FN:569,(anonymous_20)
FN:584,(anonymous_21)
FN:600,(anonymous_22)
FN:608,(anonymous_23)
FN:616,(anonymous_24)
FN:624,(anonymous_25)
FN:631,(anonymous_26)
FN:639,(anonymous_27)
FN:646,(anonymous_28)
FN:654,(anonymous_29)
FN:661,(anonymous_30)
FN:668,(anonymous_31)
FN:675,(anonymous_32)
FN:687,(anonymous_33)
FN:694,(anonymous_34)
FN:703,(anonymous_35)
FN:711,(anonymous_36)
FN:719,(anonymous_37)
FN:732,(anonymous_38)
FN:744,(anonymous_39)
FN:756,(anonymous_40)
FN:774,(anonymous_41)
FN:781,(anonymous_42)
FN:788,(anonymous_43)
FN:795,(anonymous_44)
FN:802,(anonymous_45)
FN:809,(anonymous_46)
FN:816,(anonymous_47)
FN:823,(anonymous_48)
FN:830,(anonymous_49)
FN:837,(anonymous_50)
FN:845,(anonymous_51)
FN:853,(anonymous_52)
FN:861,(anonymous_53)
FN:869,(anonymous_54)
FN:877,(anonymous_55)
FN:885,(anonymous_56)
FN:893,(anonymous_57)
FN:903,(anonymous_58)
FN:915,(anonymous_59)
FN:925,(anonymous_60)
FN:932,(anonymous_61)
FN:939,(anonymous_62)
FN:946,(anonymous_63)
FNF:64
FNH:6
FNDA:66,(anonymous_0)
FNDA:66,(anonymous_1)
FNDA:0,(anonymous_2)
FNDA:0,(anonymous_3)
FNDA:0,(anonymous_4)
FNDA:0,(anonymous_5)
FNDA:0,(anonymous_6)
FNDA:0,(anonymous_7)
FNDA:0,(anonymous_8)
FNDA:0,(anonymous_9)
FNDA:0,(anonymous_10)
FNDA:0,(anonymous_11)
FNDA:0,(anonymous_12)
FNDA:0,(anonymous_13)
FNDA:0,(anonymous_14)
FNDA:0,(anonymous_15)
FNDA:0,(anonymous_16)
FNDA:0,(anonymous_17)
FNDA:0,(anonymous_18)
FNDA:0,(anonymous_19)
FNDA:0,(anonymous_20)
FNDA:0,(anonymous_21)
FNDA:0,(anonymous_22)
FNDA:0,(anonymous_23)
FNDA:0,(anonymous_24)
FNDA:0,(anonymous_25)
FNDA:0,(anonymous_26)
FNDA:0,(anonymous_27)
FNDA:0,(anonymous_28)
FNDA:0,(anonymous_29)
FNDA:0,(anonymous_30)
FNDA:0,(anonymous_31)
FNDA:0,(anonymous_32)
FNDA:0,(anonymous_33)
FNDA:0,(anonymous_34)
FNDA:0,(anonymous_35)
FNDA:0,(anonymous_36)
FNDA:0,(anonymous_37)
FNDA:0,(anonymous_38)
FNDA:0,(anonymous_39)
FNDA:0,(anonymous_40)
FNDA:0,(anonymous_41)
FNDA:0,(anonymous_42)
FNDA:0,(anonymous_43)
FNDA:0,(anonymous_44)
FNDA:0,(anonymous_45)
FNDA:0,(anonymous_46)
FNDA:0,(anonymous_47)
FNDA:0,(anonymous_48)
FNDA:0,(anonymous_49)
FNDA:0,(anonymous_50)
FNDA:0,(anonymous_51)
FNDA:0,(anonymous_52)
FNDA:0,(anonymous_53)
FNDA:0,(anonymous_54)
FNDA:0,(anonymous_55)
FNDA:0,(anonymous_56)
FNDA:1,(anonymous_57)
FNDA:1,(anonymous_58)
FNDA:1,(anonymous_59)
FNDA:1,(anonymous_60)
FNDA:0,(anonymous_61)
FNDA:0,(anonymous_62)
FNDA:0,(anonymous_63)
DA:120,5
DA:121,66
DA:125,66
DA:129,66
DA:131,66
DA:133,66
DA:134,66
DA:135,66
DA:138,66
DA:146,66
DA:150,66
DA:154,66
DA:158,66
DA:162,66
DA:166,66
DA:172,66
DA:176,66
DA:180,66
DA:184,66
DA:190,66
DA:191,66
DA:195,66
DA:196,66
DA:202,66
DA:206,66
DA:210,66
DA:214,66
DA:224,0
DA:227,0
DA:233,0
DA:234,0
DA:264,0
DA:265,0
DA:266,0
DA:269,0
DA:271,0
DA:287,0
DA:289,0
DA:291,0
DA:293,0
DA:295,0
DA:297,0
DA:299,0
DA:301,0
DA:303,0
DA:305,0
DA:307,0
DA:315,0
DA:340,0
DA:354,0
DA:369,0
DA:385,0
DA:401,0
DA:417,0
DA:433,0
DA:449,0
DA:465,0
DA:480,0
DA:495,0
DA:510,0
DA:525,0
DA:540,0
DA:555,0
DA:570,0
DA:585,0
DA:586,0
DA:588,0
DA:589,0
DA:590,0
DA:591,0
DA:593,0
DA:601,0
DA:602,0
DA:609,0
DA:610,0
DA:617,0
DA:618,0
DA:625,0
DA:632,0
DA:633,0
DA:640,0
DA:647,0
DA:648,0
DA:655,0
DA:662,0
DA:669,0
DA:676,0
DA:688,0
DA:695,0
DA:696,0
DA:697,0
DA:704,0
DA:705,0
DA:712,0
DA:713,0
DA:720,0
DA:733,0
DA:745,0
DA:757,0
DA:759,0
DA:760,0
DA:761,0
DA:762,0
DA:763,0
DA:764,0
DA:765,0
DA:766,0
DA:768,0
DA:775,0
DA:782,0
DA:789,0
DA:796,0
DA:803,0
DA:810,0
DA:817,0
DA:824,0
DA:831,0
DA:838,0
DA:839,0
DA:846,0
DA:847,0
DA:854,0
DA:855,0
DA:862,0
DA:863,0
DA:870,0
DA:871,0
DA:878,0
DA:879,0
DA:886,0
DA:887,0
DA:894,1
DA:904,1
DA:916,1
DA:926,1
DA:933,0
DA:940,0
DA:947,0
LF:138
LH:31
BRDA:227,0,0,0
BRDA:228,1,0,0
BRDA:228,1,1,0
BRDA:228,1,2,0
BRDA:228,1,3,0
BRDA:235,2,0,0
BRDA:235,2,1,0
BRDA:272,3,0,0
BRDA:272,3,1,0
BRDA:289,4,0,0
BRDA:289,4,1,0
BRDA:289,4,2,0
BRDA:289,4,3,0
BRDA:289,4,4,0
BRDA:289,4,5,0
BRDA:289,4,6,0
BRDA:289,4,7,0
BRDA:289,4,8,0
BRDA:588,5,0,0
BRDA:588,5,1,0
BRDA:588,6,0,0
BRDA:588,6,1,0
BRDA:590,7,0,0
BRDA:590,7,1,0
BRDA:688,8,0,0
BRDA:688,8,1,0
BRDA:759,9,0,0
BRDA:760,10,0,0
BRDA:761,11,0,0
BRDA:762,12,0,0
BRDA:763,13,0,0
BRDA:764,14,0,0
BRDA:765,15,0,0
BRDA:766,16,0,0
BRF:34
BRH:0
end_of_record
